

Microchip MPLAB XC8 Assembler V2.20 build 20200408173844 
                                                                                               Sat Aug 15 16:27:05 2020

Microchip MPLAB XC8 C Compiler v2.20 (Free license) build 20200408173844 Og1 
     1                           	processor	18F4550
     2                           	fnconf	rparam,??,?,0
     3                           	pagewidth 120
     4                           	opt	flic
     5                           	psect	cinit,global,reloc=2,class=CODE,delta=1
     6                           	psect	cstackCOMRAM,global,class=COMRAM,space=1,delta=1,lowdata,noexec
     7                           	psect	text0,global,reloc=2,class=CODE,delta=1
     8                           	psect	intsave_regs,global,class=BIGRAM,space=1,delta=1,noexec
     9                           	psect	rparam,global,class=COMRAM,space=1,delta=1,noexec
    10                           	psect	idloc,global,abs,ovrld,class=IDLOC,space=5,delta=1,noexec
    11                           	psect	config,global,abs,ovrld,class=CONFIG,space=4,delta=1,noexec
    12  0000                     
    13                           ; Version 2.20
    14                           ; Generated 12/02/2020 GMT
    15                           ; 
    16                           ; Copyright © 2020, Microchip Technology Inc. and its subsidiaries ("Microchip")
    17                           ; All rights reserved.
    18                           ; 
    19                           ; This software is developed by Microchip Technology Inc. and its subsidiaries ("Microch
      +                          ip").
    20                           ; 
    21                           ; Redistribution and use in source and binary forms, with or without modification, are
    22                           ; permitted provided that the following conditions are met:
    23                           ; 
    24                           ;     1. Redistributions of source code must retain the above copyright notice, this lis
      +                          t of
    25                           ;        conditions and the following disclaimer.
    26                           ; 
    27                           ;     2. Redistributions in binary form must reproduce the above copyright notice, this 
      +                          list
    28                           ;        of conditions and the following disclaimer in the documentation and/or other
    29                           ;        materials provided with the distribution.
    30                           ; 
    31                           ;     3. Microchip's name may not be used to endorse or promote products derived from th
      +                          is
    32                           ;        software without specific prior written permission.
    33                           ; 
    34                           ; THIS SOFTWARE IS PROVIDED BY MICROCHIP "AS IS" AND ANY EXPRESS OR IMPLIED WARRANTIES,
    35                           ; INCLUDING, BUT NOT LIMITED TO, THE IMPLIED WARRANTIES OF MERCHANTABILITY AND FITNESS F
      +                          OR
    36                           ; PURPOSE ARE DISCLAIMED.  IN NO EVENT SHALL MICROCHIP BE LIABLE FOR ANY DIRECT, INDIREC
      +                          T,
    37                           ; INCIDENTAL, SPECIAL, EXEMPLARY, OR CONSEQUENTIAL DAMAGES (INCLUDING BUT NOT LIMITED TO
    38                           ; PROCUREMENT OF SUBSTITUTE GOODS OR SERVICES; LOSS OF USE, DATA OR PROFITS; OR BUSINESS
    39                           ; INTERRUPTION) HOWSOEVER CAUSED AND ON ANY THEORY OF LIABILITY, WHETHER IN CONTRACT, ST
      +                          RICT
    40                           ; LIABILITY, OR TORT (INCLUDING NEGLIGENCE OR OTHERWISE) ARISING IN ANY WAY OUT OF THE U
      +                          SE OF
    41                           ; THIS SOFTWARE, EVEN IF ADVISED OF THE POSSIBILITY OF SUCH DAMAGE.
    42                           ; 
    43                           ; 
    44                           ; Code-generator required, PIC18F4550 Definitions
    45                           ; 
    46                           ; SFR Addresses
    47  0000                     _PORTC	set	3970
    48  0000                     _PORTCbits	set	3970
    49  0000                     _PORTDbits	set	3971
    50  0000                     _PORTB	set	3969
    51  0000                     _PORTBbits	set	3969
    52  0000                     _PORTAbits	set	3968
    53  0000                     _TRISAbits	set	3986
    54  0000                     _TRISC	set	3988
    55  0000                     _TRISB	set	3987
    56  0000                     _TRISD	set	3989
    57  0000                     _PORTD	set	3971
    58  0000                     _PORTA	set	3968
    59                           
    60                           ; #config settings
    61                           
    62                           	psect	cinit
    63  00799E                     __pcinit:
    64                           	callstack 0
    65  00799E                     start_initialization:
    66                           	callstack 0
    67  00799E                     __initialization:
    68                           	callstack 0
    69  00799E                     end_of_initialization:
    70                           	callstack 0
    71  00799E                     __end_of__initialization:
    72                           	callstack 0
    73  00799E  0100               	movlb	0
    74  0079A0  EFD2  F03C         	goto	_main	;jump to C main() function
    75                           
    76                           	psect	cstackCOMRAM
    77  000001                     __pcstackCOMRAM:
    78                           	callstack 0
    79  000001                     ??_main:
    80                           
    81                           ; 1 bytes @ 0x0
    82  000001                     	ds	2
    83  000003                     main@cont:
    84                           	callstack 0
    85                           
    86                           ; 2 bytes @ 0x2
    87  000003                     	ds	2
    88                           
    89 ;;
    90 ;;Main: autosize = 0, tempsize = 2, incstack = 0, save=0
    91 ;;
    92 ;; *************** function _main *****************
    93 ;; Defined at:
    94 ;;		line 10 in file "newmain.c"
    95 ;; Parameters:    Size  Location     Type
    96 ;;		None
    97 ;; Auto vars:     Size  Location     Type
    98 ;;  cont            2    2[COMRAM] int 
    99 ;; Return value:  Size  Location     Type
   100 ;;                  1    wreg      void 
   101 ;; Registers used:
   102 ;;		wreg, status,2, status,0
   103 ;; Tracked objects:
   104 ;;		On entry : 0/0
   105 ;;		On exit  : 0/0
   106 ;;		Unchanged: 0/0
   107 ;; Data sizes:     COMRAM   BANK0   BANK1   BANK2   BANK3   BANK4   BANK5   BANK6   BANK7
   108 ;;      Params:         0       0       0       0       0       0       0       0       0
   109 ;;      Locals:         2       0       0       0       0       0       0       0       0
   110 ;;      Temps:          2       0       0       0       0       0       0       0       0
   111 ;;      Totals:         4       0       0       0       0       0       0       0       0
   112 ;;Total ram usage:        4 bytes
   113 ;; This function calls:
   114 ;;		Nothing
   115 ;; This function is called by:
   116 ;;		Startup code after reset
   117 ;; This function uses a non-reentrant model
   118 ;;
   119                           
   120                           	psect	text0
   121  0079A4                     __ptext0:
   122                           	callstack 0
   123  0079A4                     _main:
   124                           	callstack 31
   125  0079A4                     
   126                           ;newmain.c: 12:     PORTA = 0b00000000;
   127  0079A4  0E00               	movlw	0
   128  0079A6  6E80               	movwf	128,c	;volatile
   129                           
   130                           ;newmain.c: 13:     PORTD = 0b00000000;
   131  0079A8  0E00               	movlw	0
   132  0079AA  6E83               	movwf	131,c	;volatile
   133                           
   134                           ;newmain.c: 14:     TRISD = 0b00000000;
   135  0079AC  0E00               	movlw	0
   136  0079AE  6E95               	movwf	149,c	;volatile
   137                           
   138                           ;newmain.c: 15:     TRISB = 0b00000000;
   139  0079B0  0E00               	movlw	0
   140  0079B2  6E93               	movwf	147,c	;volatile
   141                           
   142                           ;newmain.c: 16:     TRISC = 0b00000000;
   143  0079B4  0E00               	movlw	0
   144  0079B6  6E94               	movwf	148,c	;volatile
   145  0079B8                     
   146                           ;newmain.c: 17:     TRISAbits.RA4 = 1;
   147  0079B8  8892               	bsf	146,4,c	;volatile
   148  0079BA                     l722:
   149                           
   150                           ;newmain.c: 22:     if(PORTAbits.RA4 == 1 && cont == 0)
   151  0079BA  A880               	btfss	128,4,c	;volatile
   152  0079BC  EFE2  F03C         	goto	u11
   153  0079C0  EFE4  F03C         	goto	u10
   154  0079C4                     u11:
   155  0079C4  EFC2  F03D         	goto	l792
   156  0079C8                     u10:
   157  0079C8  5003               	movf	main@cont^0,w,c
   158  0079CA  1004               	iorwf	(main@cont+1)^0,w,c
   159  0079CC  A4D8               	btfss	status,2,c
   160  0079CE  EFEB  F03C         	goto	u21
   161  0079D2  EFED  F03C         	goto	u20
   162  0079D6                     u21:
   163  0079D6  EFC2  F03D         	goto	l792
   164  0079DA                     u20:
   165  0079DA                     
   166                           ;newmain.c: 23:     {;newmain.c: 25:         PORTBbits.RB0 = 1;
   167  0079DA  8081               	bsf	129,0,c	;volatile
   168  0079DC                     
   169                           ;newmain.c: 26:         _delay((unsigned long)((500)*(4000000/4000.0)));
   170  0079DC  0E03               	movlw	3
   171  0079DE  6E02               	movwf	(??_main+1)^0,c
   172  0079E0  0E8A               	movlw	138
   173  0079E2  6E01               	movwf	??_main^0,c
   174  0079E4  0E56               	movlw	86
   175  0079E6                     u127:
   176  0079E6  2EE8               	decfsz	wreg,f,c
   177  0079E8  D7FE               	bra	u127
   178  0079EA  2E01               	decfsz	??_main^0,f,c
   179  0079EC  D7FC               	bra	u127
   180  0079EE  2E02               	decfsz	(??_main+1)^0,f,c
   181  0079F0  D7FA               	bra	u127
   182  0079F2                     
   183                           ;newmain.c: 27:         PORTBbits.RB0 = 0;
   184  0079F2  9081               	bcf	129,0,c	;volatile
   185  0079F4                     
   186                           ;newmain.c: 28:         PORTBbits.RB1 = 1;
   187  0079F4  8281               	bsf	129,1,c	;volatile
   188                           
   189                           ;newmain.c: 29:         _delay((unsigned long)((500)*(4000000/4000.0)));
   190  0079F6  0E03               	movlw	3
   191  0079F8  6E02               	movwf	(??_main+1)^0,c
   192  0079FA  0E8A               	movlw	138
   193  0079FC  6E01               	movwf	??_main^0,c
   194  0079FE  0E56               	movlw	86
   195  007A00                     u137:
   196  007A00  2EE8               	decfsz	wreg,f,c
   197  007A02  D7FE               	bra	u137
   198  007A04  2E01               	decfsz	??_main^0,f,c
   199  007A06  D7FC               	bra	u137
   200  007A08  2E02               	decfsz	(??_main+1)^0,f,c
   201  007A0A  D7FA               	bra	u137
   202  007A0C                     
   203                           ;newmain.c: 30:         PORTBbits.RB1 = 0;
   204  007A0C  9281               	bcf	129,1,c	;volatile
   205  007A0E                     
   206                           ;newmain.c: 31:         PORTBbits.RB2 = 1;
   207  007A0E  8481               	bsf	129,2,c	;volatile
   208                           
   209                           ;newmain.c: 32:         _delay((unsigned long)((500)*(4000000/4000.0)));
   210  007A10  0E03               	movlw	3
   211  007A12  6E02               	movwf	(??_main+1)^0,c
   212  007A14  0E8A               	movlw	138
   213  007A16  6E01               	movwf	??_main^0,c
   214  007A18  0E56               	movlw	86
   215  007A1A                     u147:
   216  007A1A  2EE8               	decfsz	wreg,f,c
   217  007A1C  D7FE               	bra	u147
   218  007A1E  2E01               	decfsz	??_main^0,f,c
   219  007A20  D7FC               	bra	u147
   220  007A22  2E02               	decfsz	(??_main+1)^0,f,c
   221  007A24  D7FA               	bra	u147
   222  007A26                     
   223                           ;newmain.c: 33:         PORTBbits.RB2 = 0;
   224  007A26  9481               	bcf	129,2,c	;volatile
   225  007A28                     
   226                           ;newmain.c: 34:         PORTBbits.RB3 = 1;
   227  007A28  8681               	bsf	129,3,c	;volatile
   228                           
   229                           ;newmain.c: 35:         _delay((unsigned long)((500)*(4000000/4000.0)));
   230  007A2A  0E03               	movlw	3
   231  007A2C  6E02               	movwf	(??_main+1)^0,c
   232  007A2E  0E8A               	movlw	138
   233  007A30  6E01               	movwf	??_main^0,c
   234  007A32  0E56               	movlw	86
   235  007A34                     u157:
   236  007A34  2EE8               	decfsz	wreg,f,c
   237  007A36  D7FE               	bra	u157
   238  007A38  2E01               	decfsz	??_main^0,f,c
   239  007A3A  D7FC               	bra	u157
   240  007A3C  2E02               	decfsz	(??_main+1)^0,f,c
   241  007A3E  D7FA               	bra	u157
   242  007A40                     
   243                           ;newmain.c: 36:         PORTBbits.RB3 = 0;
   244  007A40  9681               	bcf	129,3,c	;volatile
   245  007A42                     
   246                           ;newmain.c: 37:         PORTBbits.RB4 = 1;
   247  007A42  8881               	bsf	129,4,c	;volatile
   248                           
   249                           ;newmain.c: 38:         _delay((unsigned long)((500)*(4000000/4000.0)));
   250  007A44  0E03               	movlw	3
   251  007A46  6E02               	movwf	(??_main+1)^0,c
   252  007A48  0E8A               	movlw	138
   253  007A4A  6E01               	movwf	??_main^0,c
   254  007A4C  0E56               	movlw	86
   255  007A4E                     u167:
   256  007A4E  2EE8               	decfsz	wreg,f,c
   257  007A50  D7FE               	bra	u167
   258  007A52  2E01               	decfsz	??_main^0,f,c
   259  007A54  D7FC               	bra	u167
   260  007A56  2E02               	decfsz	(??_main+1)^0,f,c
   261  007A58  D7FA               	bra	u167
   262  007A5A                     
   263                           ;newmain.c: 39:         PORTBbits.RB4 = 0;
   264  007A5A  9881               	bcf	129,4,c	;volatile
   265  007A5C                     
   266                           ;newmain.c: 40:         PORTBbits.RB5 = 1;
   267  007A5C  8A81               	bsf	129,5,c	;volatile
   268                           
   269                           ;newmain.c: 41:         _delay((unsigned long)((500)*(4000000/4000.0)));
   270  007A5E  0E03               	movlw	3
   271  007A60  6E02               	movwf	(??_main+1)^0,c
   272  007A62  0E8A               	movlw	138
   273  007A64  6E01               	movwf	??_main^0,c
   274  007A66  0E56               	movlw	86
   275  007A68                     u177:
   276  007A68  2EE8               	decfsz	wreg,f,c
   277  007A6A  D7FE               	bra	u177
   278  007A6C  2E01               	decfsz	??_main^0,f,c
   279  007A6E  D7FC               	bra	u177
   280  007A70  2E02               	decfsz	(??_main+1)^0,f,c
   281  007A72  D7FA               	bra	u177
   282  007A74                     
   283                           ;newmain.c: 42:         PORTBbits.RB5 = 0;
   284  007A74  9A81               	bcf	129,5,c	;volatile
   285  007A76                     
   286                           ;newmain.c: 43:         PORTBbits.RB6 = 1;
   287  007A76  8C81               	bsf	129,6,c	;volatile
   288                           
   289                           ;newmain.c: 44:         _delay((unsigned long)((500)*(4000000/4000.0)));
   290  007A78  0E03               	movlw	3
   291  007A7A  6E02               	movwf	(??_main+1)^0,c
   292  007A7C  0E8A               	movlw	138
   293  007A7E  6E01               	movwf	??_main^0,c
   294  007A80  0E56               	movlw	86
   295  007A82                     u187:
   296  007A82  2EE8               	decfsz	wreg,f,c
   297  007A84  D7FE               	bra	u187
   298  007A86  2E01               	decfsz	??_main^0,f,c
   299  007A88  D7FC               	bra	u187
   300  007A8A  2E02               	decfsz	(??_main+1)^0,f,c
   301  007A8C  D7FA               	bra	u187
   302  007A8E                     
   303                           ;newmain.c: 45:         PORTBbits.RB6 = 0;
   304  007A8E  9C81               	bcf	129,6,c	;volatile
   305  007A90                     
   306                           ;newmain.c: 46:         PORTBbits.RB7 = 1;
   307  007A90  8E81               	bsf	129,7,c	;volatile
   308                           
   309                           ;newmain.c: 47:         _delay((unsigned long)((500)*(4000000/4000.0)));
   310  007A92  0E03               	movlw	3
   311  007A94  6E02               	movwf	(??_main+1)^0,c
   312  007A96  0E8A               	movlw	138
   313  007A98  6E01               	movwf	??_main^0,c
   314  007A9A  0E56               	movlw	86
   315  007A9C                     u197:
   316  007A9C  2EE8               	decfsz	wreg,f,c
   317  007A9E  D7FE               	bra	u197
   318  007AA0  2E01               	decfsz	??_main^0,f,c
   319  007AA2  D7FC               	bra	u197
   320  007AA4  2E02               	decfsz	(??_main+1)^0,f,c
   321  007AA6  D7FA               	bra	u197
   322  007AA8                     
   323                           ;newmain.c: 48:         PORTBbits.RB7 =1;
   324  007AA8  8E81               	bsf	129,7,c	;volatile
   325                           
   326                           ;newmain.c: 49:         _delay((unsigned long)((500)*(4000000/4000.0)));
   327  007AAA  0E03               	movlw	3
   328  007AAC  6E02               	movwf	(??_main+1)^0,c
   329  007AAE  0E8A               	movlw	138
   330  007AB0  6E01               	movwf	??_main^0,c
   331  007AB2  0E56               	movlw	86
   332  007AB4                     u207:
   333  007AB4  2EE8               	decfsz	wreg,f,c
   334  007AB6  D7FE               	bra	u207
   335  007AB8  2E01               	decfsz	??_main^0,f,c
   336  007ABA  D7FC               	bra	u207
   337  007ABC  2E02               	decfsz	(??_main+1)^0,f,c
   338  007ABE  D7FA               	bra	u207
   339  007AC0                     
   340                           ;newmain.c: 50:         PORTBbits.RB7 =0;
   341  007AC0  9E81               	bcf	129,7,c	;volatile
   342  007AC2                     
   343                           ;newmain.c: 51:         PORTBbits.RB6 =1;
   344  007AC2  8C81               	bsf	129,6,c	;volatile
   345                           
   346                           ;newmain.c: 52:         _delay((unsigned long)((500)*(4000000/4000.0)));
   347  007AC4  0E03               	movlw	3
   348  007AC6  6E02               	movwf	(??_main+1)^0,c
   349  007AC8  0E8A               	movlw	138
   350  007ACA  6E01               	movwf	??_main^0,c
   351  007ACC  0E56               	movlw	86
   352  007ACE                     u217:
   353  007ACE  2EE8               	decfsz	wreg,f,c
   354  007AD0  D7FE               	bra	u217
   355  007AD2  2E01               	decfsz	??_main^0,f,c
   356  007AD4  D7FC               	bra	u217
   357  007AD6  2E02               	decfsz	(??_main+1)^0,f,c
   358  007AD8  D7FA               	bra	u217
   359  007ADA                     
   360                           ;newmain.c: 53:         PORTBbits.RB6 =0;
   361  007ADA  9C81               	bcf	129,6,c	;volatile
   362  007ADC                     
   363                           ;newmain.c: 54:         PORTBbits.RB5 =1;
   364  007ADC  8A81               	bsf	129,5,c	;volatile
   365                           
   366                           ;newmain.c: 55:         _delay((unsigned long)((500)*(4000000/4000.0)));
   367  007ADE  0E03               	movlw	3
   368  007AE0  6E02               	movwf	(??_main+1)^0,c
   369  007AE2  0E8A               	movlw	138
   370  007AE4  6E01               	movwf	??_main^0,c
   371  007AE6  0E56               	movlw	86
   372  007AE8                     u227:
   373  007AE8  2EE8               	decfsz	wreg,f,c
   374  007AEA  D7FE               	bra	u227
   375  007AEC  2E01               	decfsz	??_main^0,f,c
   376  007AEE  D7FC               	bra	u227
   377  007AF0  2E02               	decfsz	(??_main+1)^0,f,c
   378  007AF2  D7FA               	bra	u227
   379  007AF4                     
   380                           ;newmain.c: 56:         PORTBbits.RB5 =0;
   381  007AF4  9A81               	bcf	129,5,c	;volatile
   382  007AF6                     
   383                           ;newmain.c: 57:         PORTBbits.RB4 =1;
   384  007AF6  8881               	bsf	129,4,c	;volatile
   385                           
   386                           ;newmain.c: 58:         _delay((unsigned long)((500)*(4000000/4000.0)));
   387  007AF8  0E03               	movlw	3
   388  007AFA  6E02               	movwf	(??_main+1)^0,c
   389  007AFC  0E8A               	movlw	138
   390  007AFE  6E01               	movwf	??_main^0,c
   391  007B00  0E56               	movlw	86
   392  007B02                     u237:
   393  007B02  2EE8               	decfsz	wreg,f,c
   394  007B04  D7FE               	bra	u237
   395  007B06  2E01               	decfsz	??_main^0,f,c
   396  007B08  D7FC               	bra	u237
   397  007B0A  2E02               	decfsz	(??_main+1)^0,f,c
   398  007B0C  D7FA               	bra	u237
   399  007B0E                     
   400                           ;newmain.c: 59:         PORTBbits.RB4 =0;
   401  007B0E  9881               	bcf	129,4,c	;volatile
   402  007B10                     
   403                           ;newmain.c: 60:         PORTBbits.RB3 =1;
   404  007B10  8681               	bsf	129,3,c	;volatile
   405                           
   406                           ;newmain.c: 61:         _delay((unsigned long)((500)*(4000000/4000.0)));
   407  007B12  0E03               	movlw	3
   408  007B14  6E02               	movwf	(??_main+1)^0,c
   409  007B16  0E8A               	movlw	138
   410  007B18  6E01               	movwf	??_main^0,c
   411  007B1A  0E56               	movlw	86
   412  007B1C                     u247:
   413  007B1C  2EE8               	decfsz	wreg,f,c
   414  007B1E  D7FE               	bra	u247
   415  007B20  2E01               	decfsz	??_main^0,f,c
   416  007B22  D7FC               	bra	u247
   417  007B24  2E02               	decfsz	(??_main+1)^0,f,c
   418  007B26  D7FA               	bra	u247
   419  007B28                     
   420                           ;newmain.c: 62:         PORTBbits.RB3 =0;
   421  007B28  9681               	bcf	129,3,c	;volatile
   422  007B2A                     
   423                           ;newmain.c: 63:         PORTBbits.RB2 =1;
   424  007B2A  8481               	bsf	129,2,c	;volatile
   425                           
   426                           ;newmain.c: 64:         _delay((unsigned long)((500)*(4000000/4000.0)));
   427  007B2C  0E03               	movlw	3
   428  007B2E  6E02               	movwf	(??_main+1)^0,c
   429  007B30  0E8A               	movlw	138
   430  007B32  6E01               	movwf	??_main^0,c
   431  007B34  0E56               	movlw	86
   432  007B36                     u257:
   433  007B36  2EE8               	decfsz	wreg,f,c
   434  007B38  D7FE               	bra	u257
   435  007B3A  2E01               	decfsz	??_main^0,f,c
   436  007B3C  D7FC               	bra	u257
   437  007B3E  2E02               	decfsz	(??_main+1)^0,f,c
   438  007B40  D7FA               	bra	u257
   439  007B42                     
   440                           ;newmain.c: 65:         PORTBbits.RB2 =0;
   441  007B42  9481               	bcf	129,2,c	;volatile
   442  007B44                     
   443                           ;newmain.c: 66:         PORTBbits.RB1 =1;
   444  007B44  8281               	bsf	129,1,c	;volatile
   445                           
   446                           ;newmain.c: 67:         _delay((unsigned long)((500)*(4000000/4000.0)));
   447  007B46  0E03               	movlw	3
   448  007B48  6E02               	movwf	(??_main+1)^0,c
   449  007B4A  0E8A               	movlw	138
   450  007B4C  6E01               	movwf	??_main^0,c
   451  007B4E  0E56               	movlw	86
   452  007B50                     u267:
   453  007B50  2EE8               	decfsz	wreg,f,c
   454  007B52  D7FE               	bra	u267
   455  007B54  2E01               	decfsz	??_main^0,f,c
   456  007B56  D7FC               	bra	u267
   457  007B58  2E02               	decfsz	(??_main+1)^0,f,c
   458  007B5A  D7FA               	bra	u267
   459  007B5C                     
   460                           ;newmain.c: 68:         PORTBbits.RB1 =0;
   461  007B5C  9281               	bcf	129,1,c	;volatile
   462  007B5E                     
   463                           ;newmain.c: 69:         PORTBbits.RB0 =1;
   464  007B5E  8081               	bsf	129,0,c	;volatile
   465                           
   466                           ;newmain.c: 70:         _delay((unsigned long)((500)*(4000000/4000.0)));
   467  007B60  0E03               	movlw	3
   468  007B62  6E02               	movwf	(??_main+1)^0,c
   469  007B64  0E8A               	movlw	138
   470  007B66  6E01               	movwf	??_main^0,c
   471  007B68  0E56               	movlw	86
   472  007B6A                     u277:
   473  007B6A  2EE8               	decfsz	wreg,f,c
   474  007B6C  D7FE               	bra	u277
   475  007B6E  2E01               	decfsz	??_main^0,f,c
   476  007B70  D7FC               	bra	u277
   477  007B72  2E02               	decfsz	(??_main+1)^0,f,c
   478  007B74  D7FA               	bra	u277
   479  007B76                     
   480                           ;newmain.c: 71:         PORTBbits.RB0 =0;
   481  007B76  9081               	bcf	129,0,c	;volatile
   482  007B78                     
   483                           ;newmain.c: 72:         cont = 1;
   484  007B78  0E00               	movlw	0
   485  007B7A  6E04               	movwf	(main@cont+1)^0,c
   486  007B7C  0E01               	movlw	1
   487  007B7E  6E03               	movwf	main@cont^0,c
   488                           
   489                           ;newmain.c: 73:         }
   490  007B80  EFC4  F03D         	goto	l794
   491  007B84                     l792:
   492                           
   493                           ;newmain.c: 75:     {;newmain.c: 76:         PORTB = 0b00000000;
   494  007B84  0E00               	movlw	0
   495  007B86  6E81               	movwf	129,c	;volatile
   496  007B88                     l794:
   497                           
   498                           ;newmain.c: 78:         if(PORTAbits.RA4 == 1 && cont == 1)
   499  007B88  A880               	btfss	128,4,c	;volatile
   500  007B8A  EFC9  F03D         	goto	u31
   501  007B8E  EFCB  F03D         	goto	u30
   502  007B92                     u31:
   503  007B92  EF9F  F03E         	goto	l848
   504  007B96                     u30:
   505  007B96  0403               	decf	main@cont^0,w,c
   506  007B98  1004               	iorwf	(main@cont+1)^0,w,c
   507  007B9A  A4D8               	btfss	status,2,c
   508  007B9C  EFD2  F03D         	goto	u41
   509  007BA0  EFD4  F03D         	goto	u40
   510  007BA4                     u41:
   511  007BA4  EF9F  F03E         	goto	l848
   512  007BA8                     u40:
   513  007BA8                     
   514                           ;newmain.c: 79:         {;newmain.c: 80:         PORTDbits.RD0 = 1;
   515  007BA8  8083               	bsf	131,0,c	;volatile
   516  007BAA                     
   517                           ;newmain.c: 81:         _delay((unsigned long)((2000)*(4000000/4000.0)));
   518  007BAA  0E0B               	movlw	11
   519  007BAC  6E02               	movwf	(??_main+1)^0,c
   520  007BAE  0E26               	movlw	38
   521  007BB0  6E01               	movwf	??_main^0,c
   522  007BB2  0E5E               	movlw	94
   523  007BB4                     u287:
   524  007BB4  2EE8               	decfsz	wreg,f,c
   525  007BB6  D7FE               	bra	u287
   526  007BB8  2E01               	decfsz	??_main^0,f,c
   527  007BBA  D7FC               	bra	u287
   528  007BBC  2E02               	decfsz	(??_main+1)^0,f,c
   529  007BBE  D7FA               	bra	u287
   530  007BC0                     
   531                           ;newmain.c: 82:         PORTDbits.RD1 = 1;
   532  007BC0  8283               	bsf	131,1,c	;volatile
   533                           
   534                           ;newmain.c: 83:         _delay((unsigned long)((2000)*(4000000/4000.0)));
   535  007BC2  0E0B               	movlw	11
   536  007BC4  6E02               	movwf	(??_main+1)^0,c
   537  007BC6  0E26               	movlw	38
   538  007BC8  6E01               	movwf	??_main^0,c
   539  007BCA  0E5E               	movlw	94
   540  007BCC                     u297:
   541  007BCC  2EE8               	decfsz	wreg,f,c
   542  007BCE  D7FE               	bra	u297
   543  007BD0  2E01               	decfsz	??_main^0,f,c
   544  007BD2  D7FC               	bra	u297
   545  007BD4  2E02               	decfsz	(??_main+1)^0,f,c
   546  007BD6  D7FA               	bra	u297
   547  007BD8                     
   548                           ;newmain.c: 84:         PORTDbits.RD2 = 1;
   549  007BD8  8483               	bsf	131,2,c	;volatile
   550                           
   551                           ;newmain.c: 85:         _delay((unsigned long)((2000)*(4000000/4000.0)));
   552  007BDA  0E0B               	movlw	11
   553  007BDC  6E02               	movwf	(??_main+1)^0,c
   554  007BDE  0E26               	movlw	38
   555  007BE0  6E01               	movwf	??_main^0,c
   556  007BE2  0E5E               	movlw	94
   557  007BE4                     u307:
   558  007BE4  2EE8               	decfsz	wreg,f,c
   559  007BE6  D7FE               	bra	u307
   560  007BE8  2E01               	decfsz	??_main^0,f,c
   561  007BEA  D7FC               	bra	u307
   562  007BEC  2E02               	decfsz	(??_main+1)^0,f,c
   563  007BEE  D7FA               	bra	u307
   564  007BF0                     
   565                           ;newmain.c: 86:         PORTDbits.RD3 = 1;
   566  007BF0  8683               	bsf	131,3,c	;volatile
   567                           
   568                           ;newmain.c: 87:         _delay((unsigned long)((2000)*(4000000/4000.0)));
   569  007BF2  0E0B               	movlw	11
   570  007BF4  6E02               	movwf	(??_main+1)^0,c
   571  007BF6  0E26               	movlw	38
   572  007BF8  6E01               	movwf	??_main^0,c
   573  007BFA  0E5E               	movlw	94
   574  007BFC                     u317:
   575  007BFC  2EE8               	decfsz	wreg,f,c
   576  007BFE  D7FE               	bra	u317
   577  007C00  2E01               	decfsz	??_main^0,f,c
   578  007C02  D7FC               	bra	u317
   579  007C04  2E02               	decfsz	(??_main+1)^0,f,c
   580  007C06  D7FA               	bra	u317
   581  007C08                     
   582                           ;newmain.c: 88:         PORTDbits.RD4 = 1;
   583  007C08  8883               	bsf	131,4,c	;volatile
   584                           
   585                           ;newmain.c: 89:         _delay((unsigned long)((2000)*(4000000/4000.0)));
   586  007C0A  0E0B               	movlw	11
   587  007C0C  6E02               	movwf	(??_main+1)^0,c
   588  007C0E  0E26               	movlw	38
   589  007C10  6E01               	movwf	??_main^0,c
   590  007C12  0E5E               	movlw	94
   591  007C14                     u327:
   592  007C14  2EE8               	decfsz	wreg,f,c
   593  007C16  D7FE               	bra	u327
   594  007C18  2E01               	decfsz	??_main^0,f,c
   595  007C1A  D7FC               	bra	u327
   596  007C1C  2E02               	decfsz	(??_main+1)^0,f,c
   597  007C1E  D7FA               	bra	u327
   598  007C20                     
   599                           ;newmain.c: 90:         PORTDbits.RD5 = 1;
   600  007C20  8A83               	bsf	131,5,c	;volatile
   601                           
   602                           ;newmain.c: 91:         _delay((unsigned long)((2000)*(4000000/4000.0)));
   603  007C22  0E0B               	movlw	11
   604  007C24  6E02               	movwf	(??_main+1)^0,c
   605  007C26  0E26               	movlw	38
   606  007C28  6E01               	movwf	??_main^0,c
   607  007C2A  0E5E               	movlw	94
   608  007C2C                     u337:
   609  007C2C  2EE8               	decfsz	wreg,f,c
   610  007C2E  D7FE               	bra	u337
   611  007C30  2E01               	decfsz	??_main^0,f,c
   612  007C32  D7FC               	bra	u337
   613  007C34  2E02               	decfsz	(??_main+1)^0,f,c
   614  007C36  D7FA               	bra	u337
   615  007C38                     
   616                           ;newmain.c: 92:         PORTDbits.RD6 = 1;
   617  007C38  8C83               	bsf	131,6,c	;volatile
   618                           
   619                           ;newmain.c: 93:         _delay((unsigned long)((2000)*(4000000/4000.0)));
   620  007C3A  0E0B               	movlw	11
   621  007C3C  6E02               	movwf	(??_main+1)^0,c
   622  007C3E  0E26               	movlw	38
   623  007C40  6E01               	movwf	??_main^0,c
   624  007C42  0E5E               	movlw	94
   625  007C44                     u347:
   626  007C44  2EE8               	decfsz	wreg,f,c
   627  007C46  D7FE               	bra	u347
   628  007C48  2E01               	decfsz	??_main^0,f,c
   629  007C4A  D7FC               	bra	u347
   630  007C4C  2E02               	decfsz	(??_main+1)^0,f,c
   631  007C4E  D7FA               	bra	u347
   632  007C50                     
   633                           ;newmain.c: 94:         PORTDbits.RD7 = 1;
   634  007C50  8E83               	bsf	131,7,c	;volatile
   635                           
   636                           ;newmain.c: 95:         _delay((unsigned long)((2000)*(4000000/4000.0)));
   637  007C52  0E0B               	movlw	11
   638  007C54  6E02               	movwf	(??_main+1)^0,c
   639  007C56  0E26               	movlw	38
   640  007C58  6E01               	movwf	??_main^0,c
   641  007C5A  0E5E               	movlw	94
   642  007C5C                     u357:
   643  007C5C  2EE8               	decfsz	wreg,f,c
   644  007C5E  D7FE               	bra	u357
   645  007C60  2E01               	decfsz	??_main^0,f,c
   646  007C62  D7FC               	bra	u357
   647  007C64  2E02               	decfsz	(??_main+1)^0,f,c
   648  007C66  D7FA               	bra	u357
   649  007C68                     
   650                           ;newmain.c: 96:         PORTDbits.RD7 = 0;
   651  007C68  9E83               	bcf	131,7,c	;volatile
   652                           
   653                           ;newmain.c: 97:         _delay((unsigned long)((2000)*(4000000/4000.0)));
   654  007C6A  0E0B               	movlw	11
   655  007C6C  6E02               	movwf	(??_main+1)^0,c
   656  007C6E  0E26               	movlw	38
   657  007C70  6E01               	movwf	??_main^0,c
   658  007C72  0E5E               	movlw	94
   659  007C74                     u367:
   660  007C74  2EE8               	decfsz	wreg,f,c
   661  007C76  D7FE               	bra	u367
   662  007C78  2E01               	decfsz	??_main^0,f,c
   663  007C7A  D7FC               	bra	u367
   664  007C7C  2E02               	decfsz	(??_main+1)^0,f,c
   665  007C7E  D7FA               	bra	u367
   666  007C80                     
   667                           ;newmain.c: 98:         PORTDbits.RD6 = 0;
   668  007C80  9C83               	bcf	131,6,c	;volatile
   669                           
   670                           ;newmain.c: 99:         _delay((unsigned long)((2000)*(4000000/4000.0)));
   671  007C82  0E0B               	movlw	11
   672  007C84  6E02               	movwf	(??_main+1)^0,c
   673  007C86  0E26               	movlw	38
   674  007C88  6E01               	movwf	??_main^0,c
   675  007C8A  0E5E               	movlw	94
   676  007C8C                     u377:
   677  007C8C  2EE8               	decfsz	wreg,f,c
   678  007C8E  D7FE               	bra	u377
   679  007C90  2E01               	decfsz	??_main^0,f,c
   680  007C92  D7FC               	bra	u377
   681  007C94  2E02               	decfsz	(??_main+1)^0,f,c
   682  007C96  D7FA               	bra	u377
   683  007C98                     
   684                           ;newmain.c: 100:         PORTDbits.RD6 = 0;
   685  007C98  9C83               	bcf	131,6,c	;volatile
   686  007C9A                     
   687                           ;newmain.c: 101:          PORTDbits.RD5 = 0;
   688  007C9A  9A83               	bcf	131,5,c	;volatile
   689                           
   690                           ;newmain.c: 102:         _delay((unsigned long)((2000)*(4000000/4000.0)));
   691  007C9C  0E0B               	movlw	11
   692  007C9E  6E02               	movwf	(??_main+1)^0,c
   693  007CA0  0E26               	movlw	38
   694  007CA2  6E01               	movwf	??_main^0,c
   695  007CA4  0E5E               	movlw	94
   696  007CA6                     u387:
   697  007CA6  2EE8               	decfsz	wreg,f,c
   698  007CA8  D7FE               	bra	u387
   699  007CAA  2E01               	decfsz	??_main^0,f,c
   700  007CAC  D7FC               	bra	u387
   701  007CAE  2E02               	decfsz	(??_main+1)^0,f,c
   702  007CB0  D7FA               	bra	u387
   703  007CB2                     
   704                           ;newmain.c: 103:         PORTDbits.RD5 = 0;
   705  007CB2  9A83               	bcf	131,5,c	;volatile
   706  007CB4                     
   707                           ;newmain.c: 104:          PORTDbits.RD4 = 0;
   708  007CB4  9883               	bcf	131,4,c	;volatile
   709                           
   710                           ;newmain.c: 105:         _delay((unsigned long)((2000)*(4000000/4000.0)));
   711  007CB6  0E0B               	movlw	11
   712  007CB8  6E02               	movwf	(??_main+1)^0,c
   713  007CBA  0E26               	movlw	38
   714  007CBC  6E01               	movwf	??_main^0,c
   715  007CBE  0E5E               	movlw	94
   716  007CC0                     u397:
   717  007CC0  2EE8               	decfsz	wreg,f,c
   718  007CC2  D7FE               	bra	u397
   719  007CC4  2E01               	decfsz	??_main^0,f,c
   720  007CC6  D7FC               	bra	u397
   721  007CC8  2E02               	decfsz	(??_main+1)^0,f,c
   722  007CCA  D7FA               	bra	u397
   723  007CCC                     
   724                           ;newmain.c: 106:         PORTDbits.RD4 = 0;
   725  007CCC  9883               	bcf	131,4,c	;volatile
   726  007CCE                     
   727                           ;newmain.c: 107:          PORTDbits.RD3 = 0;
   728  007CCE  9683               	bcf	131,3,c	;volatile
   729                           
   730                           ;newmain.c: 108:         _delay((unsigned long)((2000)*(4000000/4000.0)));
   731  007CD0  0E0B               	movlw	11
   732  007CD2  6E02               	movwf	(??_main+1)^0,c
   733  007CD4  0E26               	movlw	38
   734  007CD6  6E01               	movwf	??_main^0,c
   735  007CD8  0E5E               	movlw	94
   736  007CDA                     u407:
   737  007CDA  2EE8               	decfsz	wreg,f,c
   738  007CDC  D7FE               	bra	u407
   739  007CDE  2E01               	decfsz	??_main^0,f,c
   740  007CE0  D7FC               	bra	u407
   741  007CE2  2E02               	decfsz	(??_main+1)^0,f,c
   742  007CE4  D7FA               	bra	u407
   743  007CE6                     
   744                           ;newmain.c: 109:         PORTDbits.RD3 = 0;
   745  007CE6  9683               	bcf	131,3,c	;volatile
   746  007CE8                     
   747                           ;newmain.c: 110:          PORTDbits.RD2 = 0;
   748  007CE8  9483               	bcf	131,2,c	;volatile
   749                           
   750                           ;newmain.c: 111:         _delay((unsigned long)((2000)*(4000000/4000.0)));
   751  007CEA  0E0B               	movlw	11
   752  007CEC  6E02               	movwf	(??_main+1)^0,c
   753  007CEE  0E26               	movlw	38
   754  007CF0  6E01               	movwf	??_main^0,c
   755  007CF2  0E5E               	movlw	94
   756  007CF4                     u417:
   757  007CF4  2EE8               	decfsz	wreg,f,c
   758  007CF6  D7FE               	bra	u417
   759  007CF8  2E01               	decfsz	??_main^0,f,c
   760  007CFA  D7FC               	bra	u417
   761  007CFC  2E02               	decfsz	(??_main+1)^0,f,c
   762  007CFE  D7FA               	bra	u417
   763  007D00                     
   764                           ;newmain.c: 112:         PORTDbits.RD2 = 0;
   765  007D00  9483               	bcf	131,2,c	;volatile
   766  007D02                     
   767                           ;newmain.c: 113:          PORTDbits.RD1 = 0;
   768  007D02  9283               	bcf	131,1,c	;volatile
   769                           
   770                           ;newmain.c: 114:         _delay((unsigned long)((2000)*(4000000/4000.0)));
   771  007D04  0E0B               	movlw	11
   772  007D06  6E02               	movwf	(??_main+1)^0,c
   773  007D08  0E26               	movlw	38
   774  007D0A  6E01               	movwf	??_main^0,c
   775  007D0C  0E5E               	movlw	94
   776  007D0E                     u427:
   777  007D0E  2EE8               	decfsz	wreg,f,c
   778  007D10  D7FE               	bra	u427
   779  007D12  2E01               	decfsz	??_main^0,f,c
   780  007D14  D7FC               	bra	u427
   781  007D16  2E02               	decfsz	(??_main+1)^0,f,c
   782  007D18  D7FA               	bra	u427
   783  007D1A                     
   784                           ;newmain.c: 115:         PORTDbits.RD1 = 0;
   785  007D1A  9283               	bcf	131,1,c	;volatile
   786  007D1C                     
   787                           ;newmain.c: 116:         PORTDbits.RD0 = 0;
   788  007D1C  9083               	bcf	131,0,c	;volatile
   789                           
   790                           ;newmain.c: 117:         _delay((unsigned long)((2000)*(4000000/4000.0)));
   791  007D1E  0E0B               	movlw	11
   792  007D20  6E02               	movwf	(??_main+1)^0,c
   793  007D22  0E26               	movlw	38
   794  007D24  6E01               	movwf	??_main^0,c
   795  007D26  0E5E               	movlw	94
   796  007D28                     u437:
   797  007D28  2EE8               	decfsz	wreg,f,c
   798  007D2A  D7FE               	bra	u437
   799  007D2C  2E01               	decfsz	??_main^0,f,c
   800  007D2E  D7FC               	bra	u437
   801  007D30  2E02               	decfsz	(??_main+1)^0,f,c
   802  007D32  D7FA               	bra	u437
   803  007D34                     
   804                           ;newmain.c: 118:         PORTDbits.RD0 = 0;
   805  007D34  9083               	bcf	131,0,c	;volatile
   806  007D36                     
   807                           ;newmain.c: 120:         cont ++;
   808  007D36  4A03               	infsnz	main@cont^0,f,c
   809  007D38  2A04               	incf	(main@cont+1)^0,f,c
   810                           
   811                           ;newmain.c: 122:     }
   812  007D3A  EFA1  F03E         	goto	l850
   813  007D3E                     l848:
   814                           
   815                           ;newmain.c: 124:     {;newmain.c: 125:         PORTD = 0b00000000;
   816  007D3E  0E00               	movlw	0
   817  007D40  6E83               	movwf	131,c	;volatile
   818  007D42                     l850:
   819                           
   820                           ;newmain.c: 127:     if(PORTAbits.RA4 == 1 && cont == 2 ){
   821  007D42  A880               	btfss	128,4,c	;volatile
   822  007D44  EFA6  F03E         	goto	u51
   823  007D48  EFA8  F03E         	goto	u50
   824  007D4C                     u51:
   825  007D4C  EFA6  F03F         	goto	l982
   826  007D50                     u50:
   827  007D50  0E02               	movlw	2
   828  007D52  1803               	xorwf	main@cont^0,w,c
   829  007D54  1004               	iorwf	(main@cont+1)^0,w,c
   830  007D56  A4D8               	btfss	status,2,c
   831  007D58  EFB0  F03E         	goto	u61
   832  007D5C  EFB2  F03E         	goto	u60
   833  007D60                     u61:
   834  007D60  EFA6  F03F         	goto	l982
   835  007D64                     u60:
   836  007D64                     
   837                           ;newmain.c: 130:         PORTCbits.RC0 =0;
   838  007D64  9082               	bcf	130,0,c	;volatile
   839                           
   840                           ;newmain.c: 131:         PORTCbits.RC1 =0;
   841  007D66  9282               	bcf	130,1,c	;volatile
   842                           
   843                           ;newmain.c: 132:         PORTCbits.RC2 =0;
   844  007D68  9482               	bcf	130,2,c	;volatile
   845                           
   846                           ;newmain.c: 133:         PORTCbits.RC4 =0;
   847  007D6A  9882               	bcf	130,4,c	;volatile
   848  007D6C                     
   849                           ;newmain.c: 134:         _delay((unsigned long)((1000)*(4000000/4000.0)));
   850  007D6C  0E06               	movlw	6
   851  007D6E  6E02               	movwf	(??_main+1)^0,c
   852  007D70  0E13               	movlw	19
   853  007D72  6E01               	movwf	??_main^0,c
   854  007D74  0EAE               	movlw	174
   855  007D76                     u447:
   856  007D76  2EE8               	decfsz	wreg,f,c
   857  007D78  D7FE               	bra	u447
   858  007D7A  2E01               	decfsz	??_main^0,f,c
   859  007D7C  D7FC               	bra	u447
   860  007D7E  2E02               	decfsz	(??_main+1)^0,f,c
   861  007D80  D7FA               	bra	u447
   862  007D82                     
   863                           ;newmain.c: 136:         PORTCbits.RC0 =1;
   864  007D82  8082               	bsf	130,0,c	;volatile
   865  007D84                     
   866                           ;newmain.c: 137:         PORTCbits.RC1 =0;
   867  007D84  9282               	bcf	130,1,c	;volatile
   868  007D86                     
   869                           ;newmain.c: 138:         PORTCbits.RC2 =0;
   870  007D86  9482               	bcf	130,2,c	;volatile
   871  007D88                     
   872                           ;newmain.c: 139:         PORTCbits.RC4 =0;
   873  007D88  9882               	bcf	130,4,c	;volatile
   874                           
   875                           ;newmain.c: 140:         _delay((unsigned long)((1000)*(4000000/4000.0)));
   876  007D8A  0E06               	movlw	6
   877  007D8C  6E02               	movwf	(??_main+1)^0,c
   878  007D8E  0E13               	movlw	19
   879  007D90  6E01               	movwf	??_main^0,c
   880  007D92  0EAE               	movlw	174
   881  007D94                     u457:
   882  007D94  2EE8               	decfsz	wreg,f,c
   883  007D96  D7FE               	bra	u457
   884  007D98  2E01               	decfsz	??_main^0,f,c
   885  007D9A  D7FC               	bra	u457
   886  007D9C  2E02               	decfsz	(??_main+1)^0,f,c
   887  007D9E  D7FA               	bra	u457
   888  007DA0                     
   889                           ;newmain.c: 142:         PORTCbits.RC0 =0;
   890  007DA0  9082               	bcf	130,0,c	;volatile
   891  007DA2                     
   892                           ;newmain.c: 143:         PORTCbits.RC1 =1;
   893  007DA2  8282               	bsf	130,1,c	;volatile
   894  007DA4                     
   895                           ;newmain.c: 144:         PORTCbits.RC2 =0;
   896  007DA4  9482               	bcf	130,2,c	;volatile
   897  007DA6                     
   898                           ;newmain.c: 145:         PORTCbits.RC4 =0;
   899  007DA6  9882               	bcf	130,4,c	;volatile
   900                           
   901                           ;newmain.c: 146:         _delay((unsigned long)((1000)*(4000000/4000.0)));
   902  007DA8  0E06               	movlw	6
   903  007DAA  6E02               	movwf	(??_main+1)^0,c
   904  007DAC  0E13               	movlw	19
   905  007DAE  6E01               	movwf	??_main^0,c
   906  007DB0  0EAE               	movlw	174
   907  007DB2                     u467:
   908  007DB2  2EE8               	decfsz	wreg,f,c
   909  007DB4  D7FE               	bra	u467
   910  007DB6  2E01               	decfsz	??_main^0,f,c
   911  007DB8  D7FC               	bra	u467
   912  007DBA  2E02               	decfsz	(??_main+1)^0,f,c
   913  007DBC  D7FA               	bra	u467
   914  007DBE                     
   915                           ;newmain.c: 148:         PORTCbits.RC0 =1;
   916  007DBE  8082               	bsf	130,0,c	;volatile
   917  007DC0                     
   918                           ;newmain.c: 149:         PORTCbits.RC1 =1;
   919  007DC0  8282               	bsf	130,1,c	;volatile
   920  007DC2                     
   921                           ;newmain.c: 150:         PORTCbits.RC2 =0;
   922  007DC2  9482               	bcf	130,2,c	;volatile
   923  007DC4                     
   924                           ;newmain.c: 151:         PORTCbits.RC4 =0;
   925  007DC4  9882               	bcf	130,4,c	;volatile
   926                           
   927                           ;newmain.c: 152:         _delay((unsigned long)((1000)*(4000000/4000.0)));
   928  007DC6  0E06               	movlw	6
   929  007DC8  6E02               	movwf	(??_main+1)^0,c
   930  007DCA  0E13               	movlw	19
   931  007DCC  6E01               	movwf	??_main^0,c
   932  007DCE  0EAE               	movlw	174
   933  007DD0                     u477:
   934  007DD0  2EE8               	decfsz	wreg,f,c
   935  007DD2  D7FE               	bra	u477
   936  007DD4  2E01               	decfsz	??_main^0,f,c
   937  007DD6  D7FC               	bra	u477
   938  007DD8  2E02               	decfsz	(??_main+1)^0,f,c
   939  007DDA  D7FA               	bra	u477
   940  007DDC                     
   941                           ;newmain.c: 154:         PORTCbits.RC0 =0;
   942  007DDC  9082               	bcf	130,0,c	;volatile
   943  007DDE                     
   944                           ;newmain.c: 155:         PORTCbits.RC1 =0;
   945  007DDE  9282               	bcf	130,1,c	;volatile
   946  007DE0                     
   947                           ;newmain.c: 156:         PORTCbits.RC2 =1;
   948  007DE0  8482               	bsf	130,2,c	;volatile
   949  007DE2                     
   950                           ;newmain.c: 157:         PORTCbits.RC4 =0;
   951  007DE2  9882               	bcf	130,4,c	;volatile
   952                           
   953                           ;newmain.c: 158:         _delay((unsigned long)((1000)*(4000000/4000.0)));
   954  007DE4  0E06               	movlw	6
   955  007DE6  6E02               	movwf	(??_main+1)^0,c
   956  007DE8  0E13               	movlw	19
   957  007DEA  6E01               	movwf	??_main^0,c
   958  007DEC  0EAE               	movlw	174
   959  007DEE                     u487:
   960  007DEE  2EE8               	decfsz	wreg,f,c
   961  007DF0  D7FE               	bra	u487
   962  007DF2  2E01               	decfsz	??_main^0,f,c
   963  007DF4  D7FC               	bra	u487
   964  007DF6  2E02               	decfsz	(??_main+1)^0,f,c
   965  007DF8  D7FA               	bra	u487
   966  007DFA                     
   967                           ;newmain.c: 160:         PORTCbits.RC0 =1;
   968  007DFA  8082               	bsf	130,0,c	;volatile
   969  007DFC                     
   970                           ;newmain.c: 161:         PORTCbits.RC1 =0;
   971  007DFC  9282               	bcf	130,1,c	;volatile
   972  007DFE                     
   973                           ;newmain.c: 162:         PORTCbits.RC2 =1;
   974  007DFE  8482               	bsf	130,2,c	;volatile
   975  007E00                     
   976                           ;newmain.c: 163:         PORTCbits.RC4 =0;
   977  007E00  9882               	bcf	130,4,c	;volatile
   978                           
   979                           ;newmain.c: 164:         _delay((unsigned long)((1000)*(4000000/4000.0)));
   980  007E02  0E06               	movlw	6
   981  007E04  6E02               	movwf	(??_main+1)^0,c
   982  007E06  0E13               	movlw	19
   983  007E08  6E01               	movwf	??_main^0,c
   984  007E0A  0EAE               	movlw	174
   985  007E0C                     u497:
   986  007E0C  2EE8               	decfsz	wreg,f,c
   987  007E0E  D7FE               	bra	u497
   988  007E10  2E01               	decfsz	??_main^0,f,c
   989  007E12  D7FC               	bra	u497
   990  007E14  2E02               	decfsz	(??_main+1)^0,f,c
   991  007E16  D7FA               	bra	u497
   992  007E18                     
   993                           ;newmain.c: 166:         PORTCbits.RC0 =0;
   994  007E18  9082               	bcf	130,0,c	;volatile
   995  007E1A                     
   996                           ;newmain.c: 167:         PORTCbits.RC1 =1;
   997  007E1A  8282               	bsf	130,1,c	;volatile
   998  007E1C                     
   999                           ;newmain.c: 168:         PORTCbits.RC2 =1;
  1000  007E1C  8482               	bsf	130,2,c	;volatile
  1001  007E1E                     
  1002                           ;newmain.c: 169:         PORTCbits.RC4 =0;
  1003  007E1E  9882               	bcf	130,4,c	;volatile
  1004                           
  1005                           ;newmain.c: 170:         _delay((unsigned long)((1000)*(4000000/4000.0)));
  1006  007E20  0E06               	movlw	6
  1007  007E22  6E02               	movwf	(??_main+1)^0,c
  1008  007E24  0E13               	movlw	19
  1009  007E26  6E01               	movwf	??_main^0,c
  1010  007E28  0EAE               	movlw	174
  1011  007E2A                     u507:
  1012  007E2A  2EE8               	decfsz	wreg,f,c
  1013  007E2C  D7FE               	bra	u507
  1014  007E2E  2E01               	decfsz	??_main^0,f,c
  1015  007E30  D7FC               	bra	u507
  1016  007E32  2E02               	decfsz	(??_main+1)^0,f,c
  1017  007E34  D7FA               	bra	u507
  1018  007E36                     
  1019                           ;newmain.c: 172:         PORTCbits.RC0 =1;
  1020  007E36  8082               	bsf	130,0,c	;volatile
  1021  007E38                     
  1022                           ;newmain.c: 173:         PORTCbits.RC1 =1;
  1023  007E38  8282               	bsf	130,1,c	;volatile
  1024  007E3A                     
  1025                           ;newmain.c: 174:         PORTCbits.RC2 =1;
  1026  007E3A  8482               	bsf	130,2,c	;volatile
  1027  007E3C                     
  1028                           ;newmain.c: 175:         PORTCbits.RC4 =0;
  1029  007E3C  9882               	bcf	130,4,c	;volatile
  1030                           
  1031                           ;newmain.c: 176:         _delay((unsigned long)((1000)*(4000000/4000.0)));
  1032  007E3E  0E06               	movlw	6
  1033  007E40  6E02               	movwf	(??_main+1)^0,c
  1034  007E42  0E13               	movlw	19
  1035  007E44  6E01               	movwf	??_main^0,c
  1036  007E46  0EAE               	movlw	174
  1037  007E48                     u517:
  1038  007E48  2EE8               	decfsz	wreg,f,c
  1039  007E4A  D7FE               	bra	u517
  1040  007E4C  2E01               	decfsz	??_main^0,f,c
  1041  007E4E  D7FC               	bra	u517
  1042  007E50  2E02               	decfsz	(??_main+1)^0,f,c
  1043  007E52  D7FA               	bra	u517
  1044  007E54                     
  1045                           ;newmain.c: 178:         PORTCbits.RC0 =0;
  1046  007E54  9082               	bcf	130,0,c	;volatile
  1047  007E56                     
  1048                           ;newmain.c: 179:         PORTCbits.RC1 =0;
  1049  007E56  9282               	bcf	130,1,c	;volatile
  1050  007E58                     
  1051                           ;newmain.c: 180:         PORTCbits.RC2 =0;
  1052  007E58  9482               	bcf	130,2,c	;volatile
  1053  007E5A                     
  1054                           ;newmain.c: 181:         PORTCbits.RC4 =1;
  1055  007E5A  8882               	bsf	130,4,c	;volatile
  1056                           
  1057                           ;newmain.c: 182:         _delay((unsigned long)((1000)*(4000000/4000.0)));
  1058  007E5C  0E06               	movlw	6
  1059  007E5E  6E02               	movwf	(??_main+1)^0,c
  1060  007E60  0E13               	movlw	19
  1061  007E62  6E01               	movwf	??_main^0,c
  1062  007E64  0EAE               	movlw	174
  1063  007E66                     u527:
  1064  007E66  2EE8               	decfsz	wreg,f,c
  1065  007E68  D7FE               	bra	u527
  1066  007E6A  2E01               	decfsz	??_main^0,f,c
  1067  007E6C  D7FC               	bra	u527
  1068  007E6E  2E02               	decfsz	(??_main+1)^0,f,c
  1069  007E70  D7FA               	bra	u527
  1070  007E72                     
  1071                           ;newmain.c: 184:         PORTCbits.RC0 =1;
  1072  007E72  8082               	bsf	130,0,c	;volatile
  1073  007E74                     
  1074                           ;newmain.c: 185:         PORTCbits.RC1 =0;
  1075  007E74  9282               	bcf	130,1,c	;volatile
  1076  007E76                     
  1077                           ;newmain.c: 186:         PORTCbits.RC2 =0;
  1078  007E76  9482               	bcf	130,2,c	;volatile
  1079  007E78                     
  1080                           ;newmain.c: 187:         PORTCbits.RC4 =1;
  1081  007E78  8882               	bsf	130,4,c	;volatile
  1082                           
  1083                           ;newmain.c: 188:         _delay((unsigned long)((1000)*(4000000/4000.0)));
  1084  007E7A  0E06               	movlw	6
  1085  007E7C  6E02               	movwf	(??_main+1)^0,c
  1086  007E7E  0E13               	movlw	19
  1087  007E80  6E01               	movwf	??_main^0,c
  1088  007E82  0EAE               	movlw	174
  1089  007E84                     u537:
  1090  007E84  2EE8               	decfsz	wreg,f,c
  1091  007E86  D7FE               	bra	u537
  1092  007E88  2E01               	decfsz	??_main^0,f,c
  1093  007E8A  D7FC               	bra	u537
  1094  007E8C  2E02               	decfsz	(??_main+1)^0,f,c
  1095  007E8E  D7FA               	bra	u537
  1096  007E90                     
  1097                           ;newmain.c: 190:         PORTCbits.RC0 =0;
  1098  007E90  9082               	bcf	130,0,c	;volatile
  1099  007E92                     
  1100                           ;newmain.c: 191:         PORTCbits.RC1 =1;
  1101  007E92  8282               	bsf	130,1,c	;volatile
  1102  007E94                     
  1103                           ;newmain.c: 192:         PORTCbits.RC2 =0;
  1104  007E94  9482               	bcf	130,2,c	;volatile
  1105  007E96                     
  1106                           ;newmain.c: 193:         PORTCbits.RC4 =1;
  1107  007E96  8882               	bsf	130,4,c	;volatile
  1108                           
  1109                           ;newmain.c: 194:         _delay((unsigned long)((1000)*(4000000/4000.0)));
  1110  007E98  0E06               	movlw	6
  1111  007E9A  6E02               	movwf	(??_main+1)^0,c
  1112  007E9C  0E13               	movlw	19
  1113  007E9E  6E01               	movwf	??_main^0,c
  1114  007EA0  0EAE               	movlw	174
  1115  007EA2                     u547:
  1116  007EA2  2EE8               	decfsz	wreg,f,c
  1117  007EA4  D7FE               	bra	u547
  1118  007EA6  2E01               	decfsz	??_main^0,f,c
  1119  007EA8  D7FC               	bra	u547
  1120  007EAA  2E02               	decfsz	(??_main+1)^0,f,c
  1121  007EAC  D7FA               	bra	u547
  1122  007EAE                     
  1123                           ;newmain.c: 196:         PORTCbits.RC0 =1;
  1124  007EAE  8082               	bsf	130,0,c	;volatile
  1125  007EB0                     
  1126                           ;newmain.c: 197:         PORTCbits.RC1 =1;
  1127  007EB0  8282               	bsf	130,1,c	;volatile
  1128  007EB2                     
  1129                           ;newmain.c: 198:         PORTCbits.RC2 =0;
  1130  007EB2  9482               	bcf	130,2,c	;volatile
  1131  007EB4                     
  1132                           ;newmain.c: 199:         PORTCbits.RC4 =1;
  1133  007EB4  8882               	bsf	130,4,c	;volatile
  1134                           
  1135                           ;newmain.c: 200:         _delay((unsigned long)((1000)*(4000000/4000.0)));
  1136  007EB6  0E06               	movlw	6
  1137  007EB8  6E02               	movwf	(??_main+1)^0,c
  1138  007EBA  0E13               	movlw	19
  1139  007EBC  6E01               	movwf	??_main^0,c
  1140  007EBE  0EAE               	movlw	174
  1141  007EC0                     u557:
  1142  007EC0  2EE8               	decfsz	wreg,f,c
  1143  007EC2  D7FE               	bra	u557
  1144  007EC4  2E01               	decfsz	??_main^0,f,c
  1145  007EC6  D7FC               	bra	u557
  1146  007EC8  2E02               	decfsz	(??_main+1)^0,f,c
  1147  007ECA  D7FA               	bra	u557
  1148  007ECC                     
  1149                           ;newmain.c: 202:         PORTCbits.RC0 =0;
  1150  007ECC  9082               	bcf	130,0,c	;volatile
  1151  007ECE                     
  1152                           ;newmain.c: 203:         PORTCbits.RC1 =0;
  1153  007ECE  9282               	bcf	130,1,c	;volatile
  1154  007ED0                     
  1155                           ;newmain.c: 204:         PORTCbits.RC2 =1;
  1156  007ED0  8482               	bsf	130,2,c	;volatile
  1157  007ED2                     
  1158                           ;newmain.c: 205:         PORTCbits.RC4 =1;
  1159  007ED2  8882               	bsf	130,4,c	;volatile
  1160                           
  1161                           ;newmain.c: 206:         _delay((unsigned long)((1000)*(4000000/4000.0)));
  1162  007ED4  0E06               	movlw	6
  1163  007ED6  6E02               	movwf	(??_main+1)^0,c
  1164  007ED8  0E13               	movlw	19
  1165  007EDA  6E01               	movwf	??_main^0,c
  1166  007EDC  0EAE               	movlw	174
  1167  007EDE                     u567:
  1168  007EDE  2EE8               	decfsz	wreg,f,c
  1169  007EE0  D7FE               	bra	u567
  1170  007EE2  2E01               	decfsz	??_main^0,f,c
  1171  007EE4  D7FC               	bra	u567
  1172  007EE6  2E02               	decfsz	(??_main+1)^0,f,c
  1173  007EE8  D7FA               	bra	u567
  1174  007EEA                     
  1175                           ;newmain.c: 208:         PORTCbits.RC0 =1;
  1176  007EEA  8082               	bsf	130,0,c	;volatile
  1177  007EEC                     
  1178                           ;newmain.c: 209:         PORTCbits.RC1 =0;
  1179  007EEC  9282               	bcf	130,1,c	;volatile
  1180  007EEE                     
  1181                           ;newmain.c: 210:         PORTCbits.RC2 =1;
  1182  007EEE  8482               	bsf	130,2,c	;volatile
  1183  007EF0                     
  1184                           ;newmain.c: 211:         PORTCbits.RC4 =1;
  1185  007EF0  8882               	bsf	130,4,c	;volatile
  1186                           
  1187                           ;newmain.c: 212:         _delay((unsigned long)((1000)*(4000000/4000.0)));
  1188  007EF2  0E06               	movlw	6
  1189  007EF4  6E02               	movwf	(??_main+1)^0,c
  1190  007EF6  0E13               	movlw	19
  1191  007EF8  6E01               	movwf	??_main^0,c
  1192  007EFA  0EAE               	movlw	174
  1193  007EFC                     u577:
  1194  007EFC  2EE8               	decfsz	wreg,f,c
  1195  007EFE  D7FE               	bra	u577
  1196  007F00  2E01               	decfsz	??_main^0,f,c
  1197  007F02  D7FC               	bra	u577
  1198  007F04  2E02               	decfsz	(??_main+1)^0,f,c
  1199  007F06  D7FA               	bra	u577
  1200  007F08                     
  1201                           ;newmain.c: 214:         PORTCbits.RC0 =0;
  1202  007F08  9082               	bcf	130,0,c	;volatile
  1203  007F0A                     
  1204                           ;newmain.c: 215:         PORTCbits.RC1 =1;
  1205  007F0A  8282               	bsf	130,1,c	;volatile
  1206  007F0C                     
  1207                           ;newmain.c: 216:         PORTCbits.RC2 =1;
  1208  007F0C  8482               	bsf	130,2,c	;volatile
  1209  007F0E                     
  1210                           ;newmain.c: 217:         PORTCbits.RC4 =1;
  1211  007F0E  8882               	bsf	130,4,c	;volatile
  1212                           
  1213                           ;newmain.c: 218:         _delay((unsigned long)((1000)*(4000000/4000.0)));
  1214  007F10  0E06               	movlw	6
  1215  007F12  6E02               	movwf	(??_main+1)^0,c
  1216  007F14  0E13               	movlw	19
  1217  007F16  6E01               	movwf	??_main^0,c
  1218  007F18  0EAE               	movlw	174
  1219  007F1A                     u587:
  1220  007F1A  2EE8               	decfsz	wreg,f,c
  1221  007F1C  D7FE               	bra	u587
  1222  007F1E  2E01               	decfsz	??_main^0,f,c
  1223  007F20  D7FC               	bra	u587
  1224  007F22  2E02               	decfsz	(??_main+1)^0,f,c
  1225  007F24  D7FA               	bra	u587
  1226  007F26                     
  1227                           ;newmain.c: 220:         PORTCbits.RC0 =1;
  1228  007F26  8082               	bsf	130,0,c	;volatile
  1229  007F28                     
  1230                           ;newmain.c: 221:         PORTCbits.RC1 =1;
  1231  007F28  8282               	bsf	130,1,c	;volatile
  1232  007F2A                     
  1233                           ;newmain.c: 222:         PORTCbits.RC2 =1;
  1234  007F2A  8482               	bsf	130,2,c	;volatile
  1235  007F2C                     
  1236                           ;newmain.c: 223:         PORTCbits.RC4 =1;
  1237  007F2C  8882               	bsf	130,4,c	;volatile
  1238                           
  1239                           ;newmain.c: 224:         _delay((unsigned long)((1000)*(4000000/4000.0)));
  1240  007F2E  0E06               	movlw	6
  1241  007F30  6E02               	movwf	(??_main+1)^0,c
  1242  007F32  0E13               	movlw	19
  1243  007F34  6E01               	movwf	??_main^0,c
  1244  007F36  0EAE               	movlw	174
  1245  007F38                     u597:
  1246  007F38  2EE8               	decfsz	wreg,f,c
  1247  007F3A  D7FE               	bra	u597
  1248  007F3C  2E01               	decfsz	??_main^0,f,c
  1249  007F3E  D7FC               	bra	u597
  1250  007F40  2E02               	decfsz	(??_main+1)^0,f,c
  1251  007F42  D7FA               	bra	u597
  1252  007F44                     
  1253                           ;newmain.c: 225:         cont ++;
  1254  007F44  4A03               	infsnz	main@cont^0,f,c
  1255  007F46  2A04               	incf	(main@cont+1)^0,f,c
  1256  007F48                     
  1257                           ;newmain.c: 226:         PORTC = 0x00;
  1258  007F48  0E00               	movlw	0
  1259  007F4A  6E82               	movwf	130,c	;volatile
  1260  007F4C                     l982:
  1261                           
  1262                           ;newmain.c: 228:     if(PORTAbits.RA4 == 1 && cont == 3){
  1263  007F4C  A880               	btfss	128,4,c	;volatile
  1264  007F4E  EFAB  F03F         	goto	u71
  1265  007F52  EFAD  F03F         	goto	u70
  1266  007F56                     u71:
  1267  007F56  EFE6  F03F         	goto	l37
  1268  007F5A                     u70:
  1269  007F5A  0E03               	movlw	3
  1270  007F5C  1803               	xorwf	main@cont^0,w,c
  1271  007F5E  1004               	iorwf	(main@cont+1)^0,w,c
  1272  007F60  A4D8               	btfss	status,2,c
  1273  007F62  EFB5  F03F         	goto	u81
  1274  007F66  EFB7  F03F         	goto	u80
  1275  007F6A                     u81:
  1276  007F6A  EFE6  F03F         	goto	l37
  1277  007F6E                     u80:
  1278  007F6E                     l38:
  1279                           
  1280                           ;newmain.c: 231:             PORTCbits.RC7 = 1;
  1281  007F6E  8E82               	bsf	130,7,c	;volatile
  1282  007F70                     
  1283                           ;newmain.c: 232:             _delay((unsigned long)((500)*(4000000/4000.0)));
  1284  007F70  0E03               	movlw	3
  1285  007F72  6E02               	movwf	(??_main+1)^0,c
  1286  007F74  0E8A               	movlw	138
  1287  007F76  6E01               	movwf	??_main^0,c
  1288  007F78  0E56               	movlw	86
  1289  007F7A                     u607:
  1290  007F7A  2EE8               	decfsz	wreg,f,c
  1291  007F7C  D7FE               	bra	u607
  1292  007F7E  2E01               	decfsz	??_main^0,f,c
  1293  007F80  D7FC               	bra	u607
  1294  007F82  2E02               	decfsz	(??_main+1)^0,f,c
  1295  007F84  D7FA               	bra	u607
  1296  007F86                     
  1297                           ;newmain.c: 233:             PORTCbits.RC7 = 0;
  1298  007F86  9E82               	bcf	130,7,c	;volatile
  1299                           
  1300                           ;newmain.c: 234:             _delay((unsigned long)((500)*(4000000/4000.0)));
  1301  007F88  0E03               	movlw	3
  1302  007F8A  6E02               	movwf	(??_main+1)^0,c
  1303  007F8C  0E8A               	movlw	138
  1304  007F8E  6E01               	movwf	??_main^0,c
  1305  007F90  0E56               	movlw	86
  1306  007F92                     u617:
  1307  007F92  2EE8               	decfsz	wreg,f,c
  1308  007F94  D7FE               	bra	u617
  1309  007F96  2E01               	decfsz	??_main^0,f,c
  1310  007F98  D7FC               	bra	u617
  1311  007F9A  2E02               	decfsz	(??_main+1)^0,f,c
  1312  007F9C  D7FA               	bra	u617
  1313  007F9E                     
  1314                           ;newmain.c: 235:         }
  1315  007F9E  A880               	btfss	128,4,c	;volatile
  1316  007FA0  EFD4  F03F         	goto	u91
  1317  007FA4  EFD6  F03F         	goto	u90
  1318  007FA8                     u91:
  1319  007FA8  EFB7  F03F         	goto	l38
  1320  007FAC                     u90:
  1321  007FAC                     
  1322                           ;newmain.c: 237:         cont++;
  1323  007FAC  4A03               	infsnz	main@cont^0,f,c
  1324  007FAE  2A04               	incf	(main@cont+1)^0,f,c
  1325  007FB0                     
  1326                           ;newmain.c: 238:         _delay((unsigned long)((200)*(4000000/4000.0)));
  1327  007FB0  0E02               	movlw	2
  1328  007FB2  6E02               	movwf	(??_main+1)^0,c
  1329  007FB4  0E04               	movlw	4
  1330  007FB6  6E01               	movwf	??_main^0,c
  1331  007FB8  0EBA               	movlw	186
  1332  007FBA                     u627:
  1333  007FBA  2EE8               	decfsz	wreg,f,c
  1334  007FBC  D7FE               	bra	u627
  1335  007FBE  2E01               	decfsz	??_main^0,f,c
  1336  007FC0  D7FC               	bra	u627
  1337  007FC2  2E02               	decfsz	(??_main+1)^0,f,c
  1338  007FC4  D7FA               	bra	u627
  1339  007FC6  D000               	nop2	
  1340                           
  1341                           ;newmain.c: 239:     }
  1342  007FC8  EFE7  F03F         	goto	l40
  1343  007FCC                     l37:
  1344                           
  1345                           ;newmain.c: 242:         PORTCbits.RC7 = 0;
  1346  007FCC  9E82               	bcf	130,7,c	;volatile
  1347  007FCE                     l40:
  1348                           
  1349                           ;newmain.c: 244:     if(PORTAbits.RA4 == 1 && cont == 4){
  1350  007FCE  A880               	btfss	128,4,c	;volatile
  1351  007FD0  EFEC  F03F         	goto	u101
  1352  007FD4  EFEE  F03F         	goto	u100
  1353  007FD8                     u101:
  1354  007FD8  EFFE  F03F         	goto	l42
  1355  007FDC                     u100:
  1356  007FDC  0E04               	movlw	4
  1357  007FDE  1803               	xorwf	main@cont^0,w,c
  1358  007FE0  1004               	iorwf	(main@cont+1)^0,w,c
  1359  007FE2  A4D8               	btfss	status,2,c
  1360  007FE4  EFF6  F03F         	goto	u111
  1361  007FE8  EFF8  F03F         	goto	u110
  1362  007FEC                     u111:
  1363  007FEC  EFFE  F03F         	goto	l42
  1364  007FF0                     u110:
  1365  007FF0                     
  1366                           ;newmain.c: 246:         cont=0;
  1367  007FF0  0E00               	movlw	0
  1368  007FF2  6E04               	movwf	(main@cont+1)^0,c
  1369  007FF4  0E00               	movlw	0
  1370  007FF6  6E03               	movwf	main@cont^0,c
  1371                           
  1372                           ;newmain.c: 247:         goto inicio;
  1373  007FF8  EFDD  F03C         	goto	l722
  1374  007FFC                     l42:
  1375  007FFC  EF00  F000         	goto	start
  1376  008000                     __end_of_main:
  1377                           	callstack 0
  1378  0000                     
  1379                           	psect	rparam
  1380  0000                     
  1381                           	psect	idloc
  1382                           
  1383                           ;Config register IDLOC0 @ 0x200000
  1384                           ;	unspecified, using default values
  1385  200000                     	org	2097152
  1386  200000  FF                 	db	255
  1387                           
  1388                           ;Config register IDLOC1 @ 0x200001
  1389                           ;	unspecified, using default values
  1390  200001                     	org	2097153
  1391  200001  FF                 	db	255
  1392                           
  1393                           ;Config register IDLOC2 @ 0x200002
  1394                           ;	unspecified, using default values
  1395  200002                     	org	2097154
  1396  200002  FF                 	db	255
  1397                           
  1398                           ;Config register IDLOC3 @ 0x200003
  1399                           ;	unspecified, using default values
  1400  200003                     	org	2097155
  1401  200003  FF                 	db	255
  1402                           
  1403                           ;Config register IDLOC4 @ 0x200004
  1404                           ;	unspecified, using default values
  1405  200004                     	org	2097156
  1406  200004  FF                 	db	255
  1407                           
  1408                           ;Config register IDLOC5 @ 0x200005
  1409                           ;	unspecified, using default values
  1410  200005                     	org	2097157
  1411  200005  FF                 	db	255
  1412                           
  1413                           ;Config register IDLOC6 @ 0x200006
  1414                           ;	unspecified, using default values
  1415  200006                     	org	2097158
  1416  200006  FF                 	db	255
  1417                           
  1418                           ;Config register IDLOC7 @ 0x200007
  1419                           ;	unspecified, using default values
  1420  200007                     	org	2097159
  1421  200007  FF                 	db	255
  1422                           
  1423                           	psect	config
  1424                           
  1425                           ;Config register CONFIG1L @ 0x300000
  1426                           ;	unspecified, using default values
  1427                           ;	PLL Prescaler Selection bits
  1428                           ;	PLLDIV = 0x0, unprogrammed default
  1429                           ;	System Clock Postscaler Selection bits
  1430                           ;	CPUDIV = 0x0, unprogrammed default
  1431                           ;	USB Clock Selection bit (used in Full-Speed USB mode only; UCFG:FSEN = 1)
  1432                           ;	USBDIV = 0x0, unprogrammed default
  1433  300000                     	org	3145728
  1434  300000  00                 	db	0
  1435                           
  1436                           ;Config register CONFIG1H @ 0x300001
  1437                           ;	unspecified, using default values
  1438                           ;	Oscillator Selection bits
  1439                           ;	FOSC = 0x5, unprogrammed default
  1440                           ;	Fail-Safe Clock Monitor Enable bit
  1441                           ;	FCMEN = 0x0, unprogrammed default
  1442                           ;	Internal/External Oscillator Switchover bit
  1443                           ;	IESO = 0x0, unprogrammed default
  1444  300001                     	org	3145729
  1445  300001  05                 	db	5
  1446                           
  1447                           ;Config register CONFIG2L @ 0x300002
  1448                           ;	unspecified, using default values
  1449                           ;	Power-up Timer Enable bit
  1450                           ;	PWRT = 0x1, unprogrammed default
  1451                           ;	Brown-out Reset Enable bits
  1452                           ;	BOR = 0x3, unprogrammed default
  1453                           ;	Brown-out Reset Voltage bits
  1454                           ;	BORV = 0x3, unprogrammed default
  1455                           ;	USB Voltage Regulator Enable bit
  1456                           ;	VREGEN = 0x0, unprogrammed default
  1457  300002                     	org	3145730
  1458  300002  1F                 	db	31
  1459                           
  1460                           ;Config register CONFIG2H @ 0x300003
  1461                           ;	unspecified, using default values
  1462                           ;	Watchdog Timer Enable bit
  1463                           ;	WDT = 0x1, unprogrammed default
  1464                           ;	Watchdog Timer Postscale Select bits
  1465                           ;	WDTPS = 0xF, unprogrammed default
  1466  300003                     	org	3145731
  1467  300003  1F                 	db	31
  1468                           
  1469                           ; Padding undefined space
  1470  300004                     	org	3145732
  1471  300004  FF                 	db	255
  1472                           
  1473                           ;Config register CONFIG3H @ 0x300005
  1474                           ;	unspecified, using default values
  1475                           ;	CCP2 MUX bit
  1476                           ;	CCP2MX = 0x1, unprogrammed default
  1477                           ;	PORTB A/D Enable bit
  1478                           ;	PBADEN = 0x1, unprogrammed default
  1479                           ;	Low-Power Timer 1 Oscillator Enable bit
  1480                           ;	LPT1OSC = 0x0, unprogrammed default
  1481                           ;	MCLR Pin Enable bit
  1482                           ;	MCLRE = 0x1, unprogrammed default
  1483  300005                     	org	3145733
  1484  300005  83                 	db	131
  1485                           
  1486                           ;Config register CONFIG4L @ 0x300006
  1487                           ;	unspecified, using default values
  1488                           ;	Stack Full/Underflow Reset Enable bit
  1489                           ;	STVREN = 0x1, unprogrammed default
  1490                           ;	Single-Supply ICSP Enable bit
  1491                           ;	LVP = 0x1, unprogrammed default
  1492                           ;	Dedicated In-Circuit Debug/Programming Port (ICPORT) Enable bit
  1493                           ;	ICPRT = 0x0, unprogrammed default
  1494                           ;	Extended Instruction Set Enable bit
  1495                           ;	XINST = 0x0, unprogrammed default
  1496                           ;	Background Debugger Enable bit
  1497                           ;	DEBUG = 0x1, unprogrammed default
  1498  300006                     	org	3145734
  1499  300006  85                 	db	133
  1500                           
  1501                           ; Padding undefined space
  1502  300007                     	org	3145735
  1503  300007  FF                 	db	255
  1504                           
  1505                           ;Config register CONFIG5L @ 0x300008
  1506                           ;	unspecified, using default values
  1507                           ;	Code Protection bit
  1508                           ;	CP0 = 0x1, unprogrammed default
  1509                           ;	Code Protection bit
  1510                           ;	CP1 = 0x1, unprogrammed default
  1511                           ;	Code Protection bit
  1512                           ;	CP2 = 0x1, unprogrammed default
  1513                           ;	Code Protection bit
  1514                           ;	CP3 = 0x1, unprogrammed default
  1515  300008                     	org	3145736
  1516  300008  0F                 	db	15
  1517                           
  1518                           ;Config register CONFIG5H @ 0x300009
  1519                           ;	unspecified, using default values
  1520                           ;	Boot Block Code Protection bit
  1521                           ;	CPB = 0x1, unprogrammed default
  1522                           ;	Data EEPROM Code Protection bit
  1523                           ;	CPD = 0x1, unprogrammed default
  1524  300009                     	org	3145737
  1525  300009  C0                 	db	192
  1526                           
  1527                           ;Config register CONFIG6L @ 0x30000A
  1528                           ;	unspecified, using default values
  1529                           ;	Write Protection bit
  1530                           ;	WRT0 = 0x1, unprogrammed default
  1531                           ;	Write Protection bit
  1532                           ;	WRT1 = 0x1, unprogrammed default
  1533                           ;	Write Protection bit
  1534                           ;	WRT2 = 0x1, unprogrammed default
  1535                           ;	Write Protection bit
  1536                           ;	WRT3 = 0x1, unprogrammed default
  1537  30000A                     	org	3145738
  1538  30000A  0F                 	db	15
  1539                           
  1540                           ;Config register CONFIG6H @ 0x30000B
  1541                           ;	unspecified, using default values
  1542                           ;	Configuration Register Write Protection bit
  1543                           ;	WRTC = 0x1, unprogrammed default
  1544                           ;	Boot Block Write Protection bit
  1545                           ;	WRTB = 0x1, unprogrammed default
  1546                           ;	Data EEPROM Write Protection bit
  1547                           ;	WRTD = 0x1, unprogrammed default
  1548  30000B                     	org	3145739
  1549  30000B  E0                 	db	224
  1550                           
  1551                           ;Config register CONFIG7L @ 0x30000C
  1552                           ;	unspecified, using default values
  1553                           ;	Table Read Protection bit
  1554                           ;	EBTR0 = 0x1, unprogrammed default
  1555                           ;	Table Read Protection bit
  1556                           ;	EBTR1 = 0x1, unprogrammed default
  1557                           ;	Table Read Protection bit
  1558                           ;	EBTR2 = 0x1, unprogrammed default
  1559                           ;	Table Read Protection bit
  1560                           ;	EBTR3 = 0x1, unprogrammed default
  1561  30000C                     	org	3145740
  1562  30000C  0F                 	db	15
  1563                           
  1564                           ;Config register CONFIG7H @ 0x30000D
  1565                           ;	unspecified, using default values
  1566                           ;	Boot Block Table Read Protection bit
  1567                           ;	EBTRB = 0x1, unprogrammed default
  1568  30000D                     	org	3145741
  1569  30000D  40                 	db	64
  1570                           tosu	equ	0xFFF
  1571                           tosh	equ	0xFFE
  1572                           tosl	equ	0xFFD
  1573                           stkptr	equ	0xFFC
  1574                           pclatu	equ	0xFFB
  1575                           pclath	equ	0xFFA
  1576                           pcl	equ	0xFF9
  1577                           tblptru	equ	0xFF8
  1578                           tblptrh	equ	0xFF7
  1579                           tblptrl	equ	0xFF6
  1580                           tablat	equ	0xFF5
  1581                           prodh	equ	0xFF4
  1582                           prodl	equ	0xFF3
  1583                           indf0	equ	0xFEF
  1584                           postinc0	equ	0xFEE
  1585                           postdec0	equ	0xFED
  1586                           preinc0	equ	0xFEC
  1587                           plusw0	equ	0xFEB
  1588                           fsr0h	equ	0xFEA
  1589                           fsr0l	equ	0xFE9
  1590                           wreg	equ	0xFE8
  1591                           indf1	equ	0xFE7
  1592                           postinc1	equ	0xFE6
  1593                           postdec1	equ	0xFE5
  1594                           preinc1	equ	0xFE4
  1595                           plusw1	equ	0xFE3
  1596                           fsr1h	equ	0xFE2
  1597                           fsr1l	equ	0xFE1
  1598                           bsr	equ	0xFE0
  1599                           indf2	equ	0xFDF
  1600                           postinc2	equ	0xFDE
  1601                           postdec2	equ	0xFDD
  1602                           preinc2	equ	0xFDC
  1603                           plusw2	equ	0xFDB
  1604                           fsr2h	equ	0xFDA
  1605                           fsr2l	equ	0xFD9
  1606                           status	equ	0xFD8

Data Sizes:
    Strings     0
    Constant    0
    Data        0
    BSS         0
    Persistent  0
    Stack       0

Auto Spaces:
    Space          Size  Autos    Used
    COMRAM           95      4       4
    BANK0           160      0       0
    BANK1           256      0       0
    BANK2           256      0       0
    BANK3           256      0       0
    BANK4           256      0       0
    BANK5           256      0       0
    BANK6           256      0       0
    BANK7           256      0       0

Pointer List with Targets:

    None.

Critical Paths under _main in COMRAM

    None.

Critical Paths under _main in BANK0

    None.

Critical Paths under _main in BANK1

    None.

Critical Paths under _main in BANK2

    None.

Critical Paths under _main in BANK3

    None.

Critical Paths under _main in BANK4

    None.

Critical Paths under _main in BANK5

    None.

Critical Paths under _main in BANK6

    None.

Critical Paths under _main in BANK7

    None.

Call Graph Tables:

 ---------------------------------------------------------------------------------
 (Depth) Function   	        Calls       Base Space   Used Autos Params    Refs
 ---------------------------------------------------------------------------------
 (0) _main                                                 4     4      0      75
                                              0 COMRAM     4     4      0
 ---------------------------------------------------------------------------------
 Estimated maximum stack depth 0
 ---------------------------------------------------------------------------------

 Call Graph Graphs:

 _main (ROOT)

 Address spaces:
Name               Size   Autos  Total    Cost      Usage
BITCOMRAM           5F      0       0       0        0.0%
EEDATA             100      0       0       0        0.0%
NULL                 0      0       0       0        0.0%
CODE                 0      0       0       0        0.0%
COMRAM              5F      4       4       1        4.2%
STACK                0      0       0       2        0.0%
DATA                 0      0       0       3        0.0%
BITBANK0            A0      0       0       4        0.0%
BANK0               A0      0       0       5        0.0%
BITBANK1           100      0       0       6        0.0%
BANK1              100      0       0       7        0.0%
BITBANK2           100      0       0       8        0.0%
BANK2              100      0       0       9        0.0%
BITBANK3           100      0       0      10        0.0%
BANK3              100      0       0      11        0.0%
BITBANK4           100      0       0      12        0.0%
BANK4              100      0       0      13        0.0%
BITBANK5           100      0       0      14        0.0%
BANK5              100      0       0      15        0.0%
BITBANK6           100      0       0      16        0.0%
BANK6              100      0       0      17        0.0%
BITBANK7           100      0       0      18        0.0%
BANK7              100      0       0      19        0.0%
ABS                  0      0       0      20        0.0%
BIGRAM             7FF      0       0      21        0.0%
BITSFR               0      0       0     200        0.0%
SFR                  0      0       0     200        0.0%


Microchip Technology PIC18 Macro Assembler V2.20 build 20200408173844 
Symbol Table                                                                                   Sat Aug 15 16:27:05 2020

                     l40 7FCE                       l42 7FFC                       l37 7FCC  
                     l38 7F6E                       u10 79C8                       u11 79C4  
                     u20 79DA                       u21 79D6                       u30 7B96  
                     u31 7B92                       u40 7BA8                       u41 7BA4  
                     u50 7D50                       u51 7D4C                       u60 7D64  
                     u61 7D60                       u70 7F5A                       u71 7F56  
                     u80 7F6E                       u81 7F6A                       u90 7FAC  
                     u91 7FA8                      l800 7BAA                      l720 79B8  
                    l810 7C20                      l802 7BC0                      l730 79F2  
                    l722 79BA                      l900 7E1A                      l820 7C98  
                    l812 7C38                      l804 7BD8                      l740 7A28  
                    l732 79F4                      l724 79C8                      l910 7E3A  
                    l902 7E1C                      l830 7CCE                      l822 7C9A  
                    l814 7C50                      l806 7BF0                      l750 7A74  
                    l742 7A40                      l734 7A0C                      l726 79DA  
                    l718 79A4                      l920 7E5A                      l912 7E3C  
                    l904 7E1E                      l840 7D1A                      l832 7CE6  
                    l824 7CB2                      l816 7C68                      l808 7C08  
                    l760 7AC0                      l752 7A76                      l744 7A42  
                    l736 7A0E                      l728 79DC                      l930 7E90  
                    l922 7E72                      l914 7E54                      l906 7E36  
                    l850 7D42                      l842 7D1C                      l834 7CE8  
                    l826 7CB4                      l818 7C80                      l770 7AF6  
                    l762 7AC2                      l754 7A8E                      l746 7A5A  
                    l738 7A26                      l940 7EB0                      l932 7E92  
                    l924 7E74                      l916 7E56                      l908 7E38  
                    l860 7D84                      l852 7D50                      l844 7D34  
                    l836 7D00                      l828 7CCC                      l780 7B42  
                    l772 7B0E                      l764 7ADA                      l756 7A90  
                    l748 7A5C                      l950 7ED0                      l942 7EB2  
                    l934 7E94                      l926 7E76                      l918 7E58  
                    l870 7DA4                      l862 7D86                      l854 7D64  
                    l846 7D36                      l838 7D02                      l790 7B78  
                    l782 7B44                      l774 7B10                      l766 7ADC  
                    l758 7AA8                      l960 7EF0                      l952 7ED2  
                    l944 7EB4                      l936 7E96                      l928 7E78  
                    l880 7DC4                      l872 7DA6                      l864 7D88  
                    l856 7D6C                      l848 7D3E                      l784 7B5C  
                    l776 7B28                      l768 7AF4                      l792 7B84  
                    l970 7F26                      l962 7F08                      l954 7EEA  
                    l946 7ECC                      l938 7EAE                      l890 7DFA  
                    l882 7DDC                      l874 7DBE                      l866 7DA0  
                    l858 7D82                      l794 7B88                      l786 7B5E  
                    l778 7B2A                      l980 7F48                      l972 7F28  
                    l964 7F0A                      l956 7EEC                      l948 7ECE  
                    l892 7DFC                      l884 7DDE                      l876 7DC0  
                    l868 7DA2                      l796 7B96                      l788 7B76  
                    l990 7F9E                      l974 7F2A                      l966 7F0C  
                    l958 7EEE                      l894 7DFE                      l886 7DE0  
                    l878 7DC2                      l982 7F4C                      l798 7BA8  
                    l992 7FAC                      l984 7F5A                      l976 7F2C  
                    l968 7F0E                      l896 7E00                      l888 7DE2  
                    l994 7FB0                      l986 7F70                      l978 7F44  
                    l898 7E18                      l996 7FDC                      l988 7F86  
                    l998 7FF0                      u100 7FDC                      u101 7FD8  
                    u110 7FF0                      u111 7FEC                      u207 7AB4  
                    u127 79E6                      u217 7ACE                      u137 7A00  
                    u307 7BE4                      u227 7AE8                      u147 7A1A  
                    u317 7BFC                      u237 7B02                      u157 7A34  
                    u407 7CDA                      u327 7C14                      u247 7B1C  
                    u167 7A4E                      u417 7CF4                      u337 7C2C  
                    u257 7B36                      u177 7A68                      u507 7E2A  
                    u427 7D0E                      u347 7C44                      u267 7B50  
                    u187 7A82                      u517 7E48                      u437 7D28  
                    u357 7C5C                      u277 7B6A                      u197 7A9C  
                    u607 7F7A                      u527 7E66                      u447 7D76  
                    u367 7C74                      u287 7BB4                      u617 7F92  
                    u537 7E84                      u457 7D94                      u377 7C8C  
                    u297 7BCC                      u627 7FBA                      u547 7EA2  
                    u467 7DB2                      u387 7CA6                      u557 7EC0  
                    u477 7DD0                      u397 7CC0                      u567 7EDE  
                    u487 7DEE                      u577 7EFC                      u497 7E0C  
                    u587 7F1A                      u597 7F38                      wreg 000FE8  
                   _main 79A4                     start 0000             ___param_bank 000000  
                  ?_main 0001                    _PORTA 000F80                    _PORTB 000F81  
                  _PORTC 000F82                    _PORTD 000F83                    _TRISB 000F93  
                  _TRISC 000F94                    _TRISD 000F95                    status 000FD8  
        __initialization 799E             __end_of_main 8000                   ??_main 0001  
          __activetblptr 000000               __accesstop 0060  __end_of__initialization 799E  
          ___rparam_used 000001           __pcstackCOMRAM 0001                  __Hparam 0000  
                __Lparam 0000                  __pcinit 799E                  __ramtop 0800  
                __ptext0 79A4     end_of_initialization 799E                _PORTAbits 000F80  
              _PORTBbits 000F81                _PORTCbits 000F82                _PORTDbits 000F83  
              _TRISAbits 000F92      start_initialization 799E                 __Hrparam 0000  
               __Lrparam 0000            __size_of_main 065C                 main@cont 0003  
