

Microchip MPLAB XC8 Assembler V2.20 build 20200408173844 
                                                                                               Sun Oct 04 22:24:10 2020

Microchip MPLAB XC8 C Compiler v2.20 (Free license) build 20200408173844 Og1 
     1                           	processor	18F4550
     2                           	fnconf	rparam,??,?,0
     3                           	pagewidth 120
     4                           	opt	flic
     5                           	psect	nvCOMRAM,global,class=COMRAM,space=1,delta=1,lowdata,noexec
     6                           	psect	cinit,global,reloc=2,class=CODE,delta=1
     7                           	psect	bssCOMRAM,global,class=COMRAM,space=1,delta=1,lowdata,noexec
     8                           	psect	cstackCOMRAM,global,class=COMRAM,space=1,delta=1,lowdata,noexec
     9                           	psect	text0,global,reloc=2,class=CODE,delta=1
    10                           	psect	text1,global,reloc=2,class=CODE,delta=1
    11                           	psect	text2,global,reloc=2,class=CODE,delta=1
    12                           	psect	text3,global,reloc=2,class=CODE,delta=1
    13                           	psect	text4,global,reloc=2,class=CODE,delta=1
    14                           	psect	text5,global,reloc=2,class=CODE,delta=1
    15                           	psect	intcode,global,reloc=2,class=CODE,delta=1
    16                           	psect	intcode_body,global,reloc=2,class=CODE,delta=1
    17                           	psect	intsave_regs,global,class=BIGRAM,space=1,delta=1,noexec
    18                           	psect	rparam,global,class=COMRAM,space=1,delta=1,noexec
    19                           	psect	temp,global,ovrld,common,class=COMRAM,space=1,delta=1
    20                           	psect	idloc,global,abs,ovrld,class=IDLOC,space=5,delta=1,noexec
    21                           	psect	config,global,abs,ovrld,class=CONFIG,space=4,delta=1,noexec
    22  0000                     
    23                           ; Version 2.20
    24                           ; Generated 12/02/2020 GMT
    25                           ; 
    26                           ; Copyright © 2020, Microchip Technology Inc. and its subsidiaries ("Microchip")
    27                           ; All rights reserved.
    28                           ; 
    29                           ; This software is developed by Microchip Technology Inc. and its subsidiaries ("Microch
      +                          ip").
    30                           ; 
    31                           ; Redistribution and use in source and binary forms, with or without modification, are
    32                           ; permitted provided that the following conditions are met:
    33                           ; 
    34                           ;     1. Redistributions of source code must retain the above copyright notice, this lis
      +                          t of
    35                           ;        conditions and the following disclaimer.
    36                           ; 
    37                           ;     2. Redistributions in binary form must reproduce the above copyright notice, this 
      +                          list
    38                           ;        of conditions and the following disclaimer in the documentation and/or other
    39                           ;        materials provided with the distribution.
    40                           ; 
    41                           ;     3. Microchip's name may not be used to endorse or promote products derived from th
      +                          is
    42                           ;        software without specific prior written permission.
    43                           ; 
    44                           ; THIS SOFTWARE IS PROVIDED BY MICROCHIP "AS IS" AND ANY EXPRESS OR IMPLIED WARRANTIES,
    45                           ; INCLUDING, BUT NOT LIMITED TO, THE IMPLIED WARRANTIES OF MERCHANTABILITY AND FITNESS F
      +                          OR
    46                           ; PURPOSE ARE DISCLAIMED.  IN NO EVENT SHALL MICROCHIP BE LIABLE FOR ANY DIRECT, INDIREC
      +                          T,
    47                           ; INCIDENTAL, SPECIAL, EXEMPLARY, OR CONSEQUENTIAL DAMAGES (INCLUDING BUT NOT LIMITED TO
    48                           ; PROCUREMENT OF SUBSTITUTE GOODS OR SERVICES; LOSS OF USE, DATA OR PROFITS; OR BUSINESS
    49                           ; INTERRUPTION) HOWSOEVER CAUSED AND ON ANY THEORY OF LIABILITY, WHETHER IN CONTRACT, ST
      +                          RICT
    50                           ; LIABILITY, OR TORT (INCLUDING NEGLIGENCE OR OTHERWISE) ARISING IN ANY WAY OUT OF THE U
      +                          SE OF
    51                           ; THIS SOFTWARE, EVEN IF ADVISED OF THE POSSIBILITY OF SUCH DAMAGE.
    52                           ; 
    53                           ; 
    54                           ; Code-generator required, PIC18F4550 Definitions
    55                           ; 
    56                           ; SFR Addresses
    57  0000                     
    58                           	psect	nvCOMRAM
    59  000001                     __pnvCOMRAM:
    60                           	callstack 0
    61  000001                     _und:
    62                           	callstack 0
    63  000001                     	ds	2
    64  0000                     _T0CONbits	set	4053
    65  0000                     _INTCON2bits	set	4081
    66  0000                     _INTCONbits	set	4082
    67  0000                     _PORTDbits	set	3971
    68  0000                     _PORTD	set	3971
    69  0000                     _TRISD	set	3989
    70  0000                     _PORTB	set	3969
    71  0000                     _TRISB	set	3987
    72  0000                     _PORTA	set	3968
    73  0000                     _TRISA	set	3986
    74  0000                     _ADCON1	set	4033
    75  0000                     _PORTBbits	set	3969
    76  0000                     _TMR0L	set	4054
    77                           
    78                           ; #config settings
    79                           
    80                           	psect	cinit
    81  0003EC                     __pcinit:
    82                           	callstack 0
    83  0003EC                     start_initialization:
    84                           	callstack 0
    85  0003EC                     __initialization:
    86                           	callstack 0
    87                           
    88                           ; Clear objects allocated to COMRAM (2 bytes)
    89  0003EC  6A04               	clrf	(__pbssCOMRAM+1)& (0+255),c
    90  0003EE  6A03               	clrf	__pbssCOMRAM& (0+255),c
    91  0003F0                     end_of_initialization:
    92                           	callstack 0
    93  0003F0                     __end_of__initialization:
    94                           	callstack 0
    95  0003F0  9007               	bcf	int$flags,0,c	;clear compiler interrupt flag (level 1)
    96  0003F2  9207               	bcf	int$flags,1,c	;clear compiler interrupt flag (level 2)
    97  0003F4  0100               	movlb	0
    98  0003F6  EF47  F001         	goto	_main	;jump to C main() function
    99                           
   100                           	psect	bssCOMRAM
   101  000003                     __pbssCOMRAM:
   102                           	callstack 0
   103  000003                     _dec:
   104                           	callstack 0
   105  000003                     	ds	2
   106                           
   107                           	psect	cstackCOMRAM
   108  000005                     __pcstackCOMRAM:
   109                           	callstack 0
   110  000005                     EU@x:
   111                           	callstack 0
   112  000005                     ED@y:
   113                           	callstack 0
   114                           
   115                           ; 2 bytes @ 0x0
   116  000005                     	ds	2
   117  000007                     
   118                           ; 1 bytes @ 0x2
   119 ;;
   120 ;;Main: autosize = 0, tempsize = 0, incstack = 0, save=0
   121 ;;
   122 ;; *************** function _main *****************
   123 ;; Defined at:
   124 ;;		line 19 in file "Programacion 2.c"
   125 ;; Parameters:    Size  Location     Type
   126 ;;		None
   127 ;; Auto vars:     Size  Location     Type
   128 ;;		None
   129 ;; Return value:  Size  Location     Type
   130 ;;                  1    wreg      void 
   131 ;; Registers used:
   132 ;;		wreg, status,2, status,0, cstack
   133 ;; Tracked objects:
   134 ;;		On entry : 0/0
   135 ;;		On exit  : 0/0
   136 ;;		Unchanged: 0/0
   137 ;; Data sizes:     COMRAM   BANK0   BANK1   BANK2   BANK3   BANK4   BANK5   BANK6   BANK7
   138 ;;      Params:         0       0       0       0       0       0       0       0       0
   139 ;;      Locals:         0       0       0       0       0       0       0       0       0
   140 ;;      Temps:          0       0       0       0       0       0       0       0       0
   141 ;;      Totals:         0       0       0       0       0       0       0       0       0
   142 ;;Total ram usage:        0 bytes
   143 ;; Hardware stack levels required when called:    2
   144 ;; This function calls:
   145 ;;		_Configuracion_Registros
   146 ;;		_Configuracion_TMR0
   147 ;;		_ED
   148 ;;		_EU
   149 ;;		_Iniciar_Puertos
   150 ;; This function is called by:
   151 ;;		Startup code after reset
   152 ;; This function uses a non-reentrant model
   153 ;;
   154                           
   155                           	psect	text0
   156  00028E                     __ptext0:
   157                           	callstack 0
   158  00028E                     _main:
   159                           	callstack 29
   160  00028E                     
   161                           ;Programacion 2.c: 21:     Iniciar_Puertos ();
   162  00028E  ECDC  F001         	call	_Iniciar_Puertos	;wreg free
   163  000292                     
   164                           ;Programacion 2.c: 22:     Configuracion_Registros ();
   165  000292  ECFD  F001         	call	_Configuracion_Registros	;wreg free
   166  000296                     
   167                           ;Programacion 2.c: 23:     Configuracion_TMR0 ();
   168  000296  ECEB  F001         	call	_Configuracion_TMR0	;wreg free
   169  00029A                     
   170                           ;Programacion 2.c: 24:     TMR0L=0;
   171  00029A  0E00               	movlw	0
   172  00029C  6ED6               	movwf	214,c	;volatile
   173  00029E                     l1019:
   174                           
   175                           ;Programacion 2.c: 27:     {;Programacion 2.c: 28:         und=TMR0L;
   176  00029E  CFD6 F001          	movff	4054,_und	;volatile
   177  0002A2  6A02               	clrf	(_und+1)^0,c
   178  0002A4                     
   179                           ;Programacion 2.c: 29:         if (und>=30)
   180  0002A4  BE02               	btfsc	(_und+1)^0,7,c
   181  0002A6  EF5E  F001         	goto	u471
   182  0002AA  5002               	movf	(_und+1)^0,w,c
   183  0002AC  E109               	bnz	u470
   184  0002AE  0E1E               	movlw	30
   185  0002B0  5C01               	subwf	_und^0,w,c
   186  0002B2  A0D8               	btfss	status,0,c
   187  0002B4  EF5E  F001         	goto	u471
   188  0002B8  EF60  F001         	goto	u470
   189  0002BC                     u471:
   190  0002BC  EF6D  F001         	goto	l1029
   191  0002C0                     u470:
   192  0002C0                     
   193                           ;Programacion 2.c: 30:         {;Programacion 2.c: 31:             PORTBbits.RB1=1;
   194  0002C0  8281               	bsf	129,1,c	;volatile
   195  0002C2                     
   196                           ;Programacion 2.c: 32:             dec=3;
   197  0002C2  0E00               	movlw	0
   198  0002C4  6E04               	movwf	(_dec+1)^0,c
   199  0002C6  0E03               	movlw	3
   200  0002C8  6E03               	movwf	_dec^0,c
   201  0002CA                     
   202                           ;Programacion 2.c: 33:             und=und-30;
   203  0002CA  0EE2               	movlw	226
   204  0002CC  2401               	addwf	_und^0,w,c
   205  0002CE  6E01               	movwf	_und^0,c
   206  0002D0  0EFF               	movlw	255
   207  0002D2  2002               	addwfc	(_und+1)^0,w,c
   208  0002D4  6E02               	movwf	(_und+1)^0,c
   209                           
   210                           ;Programacion 2.c: 34:         }
   211  0002D6  EFB8  F001         	goto	l1051
   212  0002DA                     l1029:
   213  0002DA  BE02               	btfsc	(_und+1)^0,7,c
   214  0002DC  EF79  F001         	goto	u481
   215  0002E0  5002               	movf	(_und+1)^0,w,c
   216  0002E2  E109               	bnz	u480
   217  0002E4  0E14               	movlw	20
   218  0002E6  5C01               	subwf	_und^0,w,c
   219  0002E8  A0D8               	btfss	status,0,c
   220  0002EA  EF79  F001         	goto	u481
   221  0002EE  EF7B  F001         	goto	u480
   222  0002F2                     u481:
   223  0002F2  EF88  F001         	goto	l1037
   224  0002F6                     u480:
   225  0002F6                     
   226                           ;Programacion 2.c: 36:         {;Programacion 2.c: 37:             PORTBbits.RB1=0;
   227  0002F6  9281               	bcf	129,1,c	;volatile
   228  0002F8                     
   229                           ;Programacion 2.c: 38:             dec=2;
   230  0002F8  0E00               	movlw	0
   231  0002FA  6E04               	movwf	(_dec+1)^0,c
   232  0002FC  0E02               	movlw	2
   233  0002FE  6E03               	movwf	_dec^0,c
   234  000300                     
   235                           ;Programacion 2.c: 39:             und=und-20;
   236  000300  0EEC               	movlw	236
   237  000302  2401               	addwf	_und^0,w,c
   238  000304  6E01               	movwf	_und^0,c
   239  000306  0EFF               	movlw	255
   240  000308  2002               	addwfc	(_und+1)^0,w,c
   241  00030A  6E02               	movwf	(_und+1)^0,c
   242                           
   243                           ;Programacion 2.c: 40:         }
   244  00030C  EFB8  F001         	goto	l1051
   245  000310                     l1037:
   246  000310  BE02               	btfsc	(_und+1)^0,7,c
   247  000312  EF94  F001         	goto	u491
   248  000316  5002               	movf	(_und+1)^0,w,c
   249  000318  E109               	bnz	u490
   250  00031A  0E0A               	movlw	10
   251  00031C  5C01               	subwf	_und^0,w,c
   252  00031E  A0D8               	btfss	status,0,c
   253  000320  EF94  F001         	goto	u491
   254  000324  EF96  F001         	goto	u490
   255  000328                     u491:
   256  000328  EFA3  F001         	goto	l1045
   257  00032C                     u490:
   258  00032C                     
   259                           ;Programacion 2.c: 42:         {;Programacion 2.c: 43:             PORTBbits.RB1=0;
   260  00032C  9281               	bcf	129,1,c	;volatile
   261  00032E                     
   262                           ;Programacion 2.c: 44:             dec=1;
   263  00032E  0E00               	movlw	0
   264  000330  6E04               	movwf	(_dec+1)^0,c
   265  000332  0E01               	movlw	1
   266  000334  6E03               	movwf	_dec^0,c
   267  000336                     
   268                           ;Programacion 2.c: 45:             und=und-10;
   269  000336  0EF6               	movlw	246
   270  000338  2401               	addwf	_und^0,w,c
   271  00033A  6E01               	movwf	_und^0,c
   272  00033C  0EFF               	movlw	255
   273  00033E  2002               	addwfc	(_und+1)^0,w,c
   274  000340  6E02               	movwf	(_und+1)^0,c
   275                           
   276                           ;Programacion 2.c: 46:         }
   277  000342  EFB8  F001         	goto	l1051
   278  000346                     l1045:
   279  000346  BE02               	btfsc	(_und+1)^0,7,c
   280  000348  EFB1  F001         	goto	u500
   281  00034C  5002               	movf	(_und+1)^0,w,c
   282  00034E  E107               	bnz	u501
   283  000350  0E0A               	movlw	10
   284  000352  5C01               	subwf	_und^0,w,c
   285  000354  B0D8               	btfsc	status,0,c
   286  000356  EFAF  F001         	goto	u501
   287  00035A  EFB1  F001         	goto	u500
   288  00035E                     u501:
   289  00035E  EFB8  F001         	goto	l49
   290  000362                     u500:
   291  000362                     
   292                           ;Programacion 2.c: 48:         {;Programacion 2.c: 49:             PORTBbits.RB1=0;
   293  000362  9281               	bcf	129,1,c	;volatile
   294  000364                     
   295                           ;Programacion 2.c: 50:             dec=0;
   296  000364  0E00               	movlw	0
   297  000366  6E04               	movwf	(_dec+1)^0,c
   298  000368  0E00               	movlw	0
   299  00036A  6E03               	movwf	_dec^0,c
   300  00036C  EFB8  F001         	goto	l1051
   301  000370                     l49:
   302  000370                     l1051:
   303                           
   304                           ;Programacion 2.c: 52:         EU (und);
   305  000370  C001  F005         	movff	_und,EU@x
   306  000374  C002  F006         	movff	_und+1,EU@x+1
   307  000378  EC09  F000         	call	_EU	;wreg free
   308  00037C                     
   309                           ;Programacion 2.c: 53:         ED (dec);
   310  00037C  C003  F005         	movff	_dec,ED@y
   311  000380  C004  F006         	movff	_dec+1,ED@y+1
   312  000384  ECA8  F000         	call	_ED	;wreg free
   313  000388  EF4F  F001         	goto	l1019
   314  00038C  EF07  F000         	goto	start
   315  000390                     __end_of_main:
   316                           	callstack 0
   317                           
   318 ;; *************** function _Iniciar_Puertos *****************
   319 ;; Defined at:
   320 ;;		line 57 in file "Programacion 2.c"
   321 ;; Parameters:    Size  Location     Type
   322 ;;		None
   323 ;; Auto vars:     Size  Location     Type
   324 ;;		None
   325 ;; Return value:  Size  Location     Type
   326 ;;                  1    wreg      void 
   327 ;; Registers used:
   328 ;;		wreg, status,2
   329 ;; Tracked objects:
   330 ;;		On entry : 0/0
   331 ;;		On exit  : 0/0
   332 ;;		Unchanged: 0/0
   333 ;; Data sizes:     COMRAM   BANK0   BANK1   BANK2   BANK3   BANK4   BANK5   BANK6   BANK7
   334 ;;      Params:         0       0       0       0       0       0       0       0       0
   335 ;;      Locals:         0       0       0       0       0       0       0       0       0
   336 ;;      Temps:          0       0       0       0       0       0       0       0       0
   337 ;;      Totals:         0       0       0       0       0       0       0       0       0
   338 ;;Total ram usage:        0 bytes
   339 ;; Hardware stack levels used:    1
   340 ;; Hardware stack levels required when called:    1
   341 ;; This function calls:
   342 ;;		Nothing
   343 ;; This function is called by:
   344 ;;		_main
   345 ;; This function uses a non-reentrant model
   346 ;;
   347                           
   348                           	psect	text1
   349  0003B8                     __ptext1:
   350                           	callstack 0
   351  0003B8                     _Iniciar_Puertos:
   352                           	callstack 29
   353  0003B8                     
   354                           ;Programacion 2.c: 59:     ADCON1=15;
   355  0003B8  0E0F               	movlw	15
   356  0003BA  6EC1               	movwf	193,c	;volatile
   357                           
   358                           ;Programacion 2.c: 60:     TRISA=16;
   359  0003BC  0E10               	movlw	16
   360  0003BE  6E92               	movwf	146,c	;volatile
   361                           
   362                           ;Programacion 2.c: 61:     PORTA=0;
   363  0003C0  0E00               	movlw	0
   364  0003C2  6E80               	movwf	128,c	;volatile
   365                           
   366                           ;Programacion 2.c: 62:     TRISB=1;
   367  0003C4  0E01               	movlw	1
   368  0003C6  6E93               	movwf	147,c	;volatile
   369                           
   370                           ;Programacion 2.c: 63:     PORTB=0;
   371  0003C8  0E00               	movlw	0
   372  0003CA  6E81               	movwf	129,c	;volatile
   373                           
   374                           ;Programacion 2.c: 64:     TRISD=0;
   375  0003CC  0E00               	movlw	0
   376  0003CE  6E95               	movwf	149,c	;volatile
   377                           
   378                           ;Programacion 2.c: 65:     PORTD=0;
   379  0003D0  0E00               	movlw	0
   380  0003D2  6E83               	movwf	131,c	;volatile
   381  0003D4  0012               	return		;funcret
   382  0003D6                     __end_of_Iniciar_Puertos:
   383                           	callstack 0
   384                           
   385 ;; *************** function _EU *****************
   386 ;; Defined at:
   387 ;;		line 67 in file "Programacion 2.c"
   388 ;; Parameters:    Size  Location     Type
   389 ;;  x               2    0[COMRAM] int 
   390 ;; Auto vars:     Size  Location     Type
   391 ;;		None
   392 ;; Return value:  Size  Location     Type
   393 ;;                  1    wreg      void 
   394 ;; Registers used:
   395 ;;		wreg, status,2, status,0
   396 ;; Tracked objects:
   397 ;;		On entry : 0/0
   398 ;;		On exit  : 0/0
   399 ;;		Unchanged: 0/0
   400 ;; Data sizes:     COMRAM   BANK0   BANK1   BANK2   BANK3   BANK4   BANK5   BANK6   BANK7
   401 ;;      Params:         2       0       0       0       0       0       0       0       0
   402 ;;      Locals:         0       0       0       0       0       0       0       0       0
   403 ;;      Temps:          0       0       0       0       0       0       0       0       0
   404 ;;      Totals:         2       0       0       0       0       0       0       0       0
   405 ;;Total ram usage:        2 bytes
   406 ;; Hardware stack levels used:    1
   407 ;; Hardware stack levels required when called:    1
   408 ;; This function calls:
   409 ;;		Nothing
   410 ;; This function is called by:
   411 ;;		_main
   412 ;; This function uses a non-reentrant model
   413 ;;
   414                           
   415                           	psect	text2
   416  000012                     __ptext2:
   417                           	callstack 0
   418  000012                     _EU:
   419                           	callstack 29
   420  000012                     
   421                           ;Programacion 2.c: 67: void EU (int x);Programacion 2.c: 68: {;Programacion 2.c: 69:    
      +                           if (x==0)
   422  000012  5005               	movf	EU@x^0,w,c
   423  000014  1006               	iorwf	(EU@x+1)^0,w,c
   424  000016  A4D8               	btfss	status,2,c
   425  000018  EF10  F000         	goto	u271
   426  00001C  EF12  F000         	goto	u270
   427  000020                     u271:
   428  000020  EF18  F000         	goto	l935
   429  000024                     u270:
   430  000024                     
   431                           ;Programacion 2.c: 70:     {;Programacion 2.c: 71:         PORTDbits.RD0=0;
   432  000024  9083               	bcf	131,0,c	;volatile
   433                           
   434                           ;Programacion 2.c: 72:         PORTDbits.RD1=0;
   435  000026  9283               	bcf	131,1,c	;volatile
   436                           
   437                           ;Programacion 2.c: 73:         PORTDbits.RD2=0;
   438  000028  9483               	bcf	131,2,c	;volatile
   439                           
   440                           ;Programacion 2.c: 74:         PORTDbits.RD3=0;
   441  00002A  9683               	bcf	131,3,c	;volatile
   442                           
   443                           ;Programacion 2.c: 75:     }
   444  00002C  EFA7  F000         	goto	l80
   445  000030                     l935:
   446  000030  0405               	decf	EU@x^0,w,c
   447  000032  1006               	iorwf	(EU@x+1)^0,w,c
   448  000034  A4D8               	btfss	status,2,c
   449  000036  EF1F  F000         	goto	u281
   450  00003A  EF21  F000         	goto	u280
   451  00003E                     u281:
   452  00003E  EF27  F000         	goto	l939
   453  000042                     u280:
   454  000042                     
   455                           ;Programacion 2.c: 77:     {;Programacion 2.c: 78:         PORTDbits.RD0=1;
   456  000042  8083               	bsf	131,0,c	;volatile
   457                           
   458                           ;Programacion 2.c: 79:         PORTDbits.RD1=0;
   459  000044  9283               	bcf	131,1,c	;volatile
   460                           
   461                           ;Programacion 2.c: 80:         PORTDbits.RD2=0;
   462  000046  9483               	bcf	131,2,c	;volatile
   463                           
   464                           ;Programacion 2.c: 81:         PORTDbits.RD3=0;
   465  000048  9683               	bcf	131,3,c	;volatile
   466                           
   467                           ;Programacion 2.c: 82:     }
   468  00004A  EFA7  F000         	goto	l80
   469  00004E                     l939:
   470  00004E  0E02               	movlw	2
   471  000050  1805               	xorwf	EU@x^0,w,c
   472  000052  1006               	iorwf	(EU@x+1)^0,w,c
   473  000054  A4D8               	btfss	status,2,c
   474  000056  EF2F  F000         	goto	u291
   475  00005A  EF31  F000         	goto	u290
   476  00005E                     u291:
   477  00005E  EF37  F000         	goto	l943
   478  000062                     u290:
   479  000062                     
   480                           ;Programacion 2.c: 84:     {;Programacion 2.c: 85:         PORTDbits.RD0=0;
   481  000062  9083               	bcf	131,0,c	;volatile
   482                           
   483                           ;Programacion 2.c: 86:         PORTDbits.RD1=1;
   484  000064  8283               	bsf	131,1,c	;volatile
   485                           
   486                           ;Programacion 2.c: 87:         PORTDbits.RD2=0;
   487  000066  9483               	bcf	131,2,c	;volatile
   488                           
   489                           ;Programacion 2.c: 88:         PORTDbits.RD3=0;
   490  000068  9683               	bcf	131,3,c	;volatile
   491                           
   492                           ;Programacion 2.c: 89:     }
   493  00006A  EFA7  F000         	goto	l80
   494  00006E                     l943:
   495  00006E  0E03               	movlw	3
   496  000070  1805               	xorwf	EU@x^0,w,c
   497  000072  1006               	iorwf	(EU@x+1)^0,w,c
   498  000074  A4D8               	btfss	status,2,c
   499  000076  EF3F  F000         	goto	u301
   500  00007A  EF41  F000         	goto	u300
   501  00007E                     u301:
   502  00007E  EF47  F000         	goto	l947
   503  000082                     u300:
   504  000082                     
   505                           ;Programacion 2.c: 91:     {;Programacion 2.c: 92:         PORTDbits.RD0=1;
   506  000082  8083               	bsf	131,0,c	;volatile
   507                           
   508                           ;Programacion 2.c: 93:         PORTDbits.RD1=1;
   509  000084  8283               	bsf	131,1,c	;volatile
   510                           
   511                           ;Programacion 2.c: 94:         PORTDbits.RD2=0;
   512  000086  9483               	bcf	131,2,c	;volatile
   513                           
   514                           ;Programacion 2.c: 95:         PORTDbits.RD3=0;
   515  000088  9683               	bcf	131,3,c	;volatile
   516                           
   517                           ;Programacion 2.c: 96:     }
   518  00008A  EFA7  F000         	goto	l80
   519  00008E                     l947:
   520  00008E  0E04               	movlw	4
   521  000090  1805               	xorwf	EU@x^0,w,c
   522  000092  1006               	iorwf	(EU@x+1)^0,w,c
   523  000094  A4D8               	btfss	status,2,c
   524  000096  EF4F  F000         	goto	u311
   525  00009A  EF51  F000         	goto	u310
   526  00009E                     u311:
   527  00009E  EF57  F000         	goto	l951
   528  0000A2                     u310:
   529  0000A2                     
   530                           ;Programacion 2.c: 98:     {;Programacion 2.c: 99:         PORTDbits.RD0=0;
   531  0000A2  9083               	bcf	131,0,c	;volatile
   532                           
   533                           ;Programacion 2.c: 100:         PORTDbits.RD1=0;
   534  0000A4  9283               	bcf	131,1,c	;volatile
   535                           
   536                           ;Programacion 2.c: 101:         PORTDbits.RD2=1;
   537  0000A6  8483               	bsf	131,2,c	;volatile
   538                           
   539                           ;Programacion 2.c: 102:         PORTDbits.RD3=0;
   540  0000A8  9683               	bcf	131,3,c	;volatile
   541                           
   542                           ;Programacion 2.c: 103:     }
   543  0000AA  EFA7  F000         	goto	l80
   544  0000AE                     l951:
   545  0000AE  0E05               	movlw	5
   546  0000B0  1805               	xorwf	EU@x^0,w,c
   547  0000B2  1006               	iorwf	(EU@x+1)^0,w,c
   548  0000B4  A4D8               	btfss	status,2,c
   549  0000B6  EF5F  F000         	goto	u321
   550  0000BA  EF61  F000         	goto	u320
   551  0000BE                     u321:
   552  0000BE  EF67  F000         	goto	l955
   553  0000C2                     u320:
   554  0000C2                     
   555                           ;Programacion 2.c: 105:     {;Programacion 2.c: 106:         PORTDbits.RD0=1;
   556  0000C2  8083               	bsf	131,0,c	;volatile
   557                           
   558                           ;Programacion 2.c: 107:         PORTDbits.RD1=0;
   559  0000C4  9283               	bcf	131,1,c	;volatile
   560                           
   561                           ;Programacion 2.c: 108:         PORTDbits.RD2=1;
   562  0000C6  8483               	bsf	131,2,c	;volatile
   563                           
   564                           ;Programacion 2.c: 109:         PORTDbits.RD3=0;
   565  0000C8  9683               	bcf	131,3,c	;volatile
   566                           
   567                           ;Programacion 2.c: 110:     }
   568  0000CA  EFA7  F000         	goto	l80
   569  0000CE                     l955:
   570  0000CE  0E06               	movlw	6
   571  0000D0  1805               	xorwf	EU@x^0,w,c
   572  0000D2  1006               	iorwf	(EU@x+1)^0,w,c
   573  0000D4  A4D8               	btfss	status,2,c
   574  0000D6  EF6F  F000         	goto	u331
   575  0000DA  EF71  F000         	goto	u330
   576  0000DE                     u331:
   577  0000DE  EF77  F000         	goto	l959
   578  0000E2                     u330:
   579  0000E2                     
   580                           ;Programacion 2.c: 112:     {;Programacion 2.c: 113:         PORTDbits.RD0=0;
   581  0000E2  9083               	bcf	131,0,c	;volatile
   582                           
   583                           ;Programacion 2.c: 114:         PORTDbits.RD1=1;
   584  0000E4  8283               	bsf	131,1,c	;volatile
   585                           
   586                           ;Programacion 2.c: 115:         PORTDbits.RD2=1;
   587  0000E6  8483               	bsf	131,2,c	;volatile
   588                           
   589                           ;Programacion 2.c: 116:         PORTDbits.RD3=0;
   590  0000E8  9683               	bcf	131,3,c	;volatile
   591                           
   592                           ;Programacion 2.c: 117:     }
   593  0000EA  EFA7  F000         	goto	l80
   594  0000EE                     l959:
   595  0000EE  0E07               	movlw	7
   596  0000F0  1805               	xorwf	EU@x^0,w,c
   597  0000F2  1006               	iorwf	(EU@x+1)^0,w,c
   598  0000F4  A4D8               	btfss	status,2,c
   599  0000F6  EF7F  F000         	goto	u341
   600  0000FA  EF81  F000         	goto	u340
   601  0000FE                     u341:
   602  0000FE  EF87  F000         	goto	l963
   603  000102                     u340:
   604  000102                     
   605                           ;Programacion 2.c: 119:     {;Programacion 2.c: 120:         PORTDbits.RD0=1;
   606  000102  8083               	bsf	131,0,c	;volatile
   607                           
   608                           ;Programacion 2.c: 121:         PORTDbits.RD1=1;
   609  000104  8283               	bsf	131,1,c	;volatile
   610                           
   611                           ;Programacion 2.c: 122:         PORTDbits.RD2=1;
   612  000106  8483               	bsf	131,2,c	;volatile
   613                           
   614                           ;Programacion 2.c: 123:         PORTDbits.RD3=0;
   615  000108  9683               	bcf	131,3,c	;volatile
   616                           
   617                           ;Programacion 2.c: 124:     }
   618  00010A  EFA7  F000         	goto	l80
   619  00010E                     l963:
   620  00010E  0E08               	movlw	8
   621  000110  1805               	xorwf	EU@x^0,w,c
   622  000112  1006               	iorwf	(EU@x+1)^0,w,c
   623  000114  A4D8               	btfss	status,2,c
   624  000116  EF8F  F000         	goto	u351
   625  00011A  EF91  F000         	goto	u350
   626  00011E                     u351:
   627  00011E  EF97  F000         	goto	l967
   628  000122                     u350:
   629  000122                     
   630                           ;Programacion 2.c: 126:     {;Programacion 2.c: 127:         PORTDbits.RD0=0;
   631  000122  9083               	bcf	131,0,c	;volatile
   632                           
   633                           ;Programacion 2.c: 128:         PORTDbits.RD1=0;
   634  000124  9283               	bcf	131,1,c	;volatile
   635                           
   636                           ;Programacion 2.c: 129:         PORTDbits.RD2=0;
   637  000126  9483               	bcf	131,2,c	;volatile
   638                           
   639                           ;Programacion 2.c: 130:         PORTDbits.RD3=1;
   640  000128  8683               	bsf	131,3,c	;volatile
   641                           
   642                           ;Programacion 2.c: 131:     }
   643  00012A  EFA7  F000         	goto	l80
   644  00012E                     l967:
   645  00012E  0E09               	movlw	9
   646  000130  1805               	xorwf	EU@x^0,w,c
   647  000132  1006               	iorwf	(EU@x+1)^0,w,c
   648  000134  A4D8               	btfss	status,2,c
   649  000136  EF9F  F000         	goto	u361
   650  00013A  EFA1  F000         	goto	u360
   651  00013E                     u361:
   652  00013E  EFA7  F000         	goto	l74
   653  000142                     u360:
   654  000142                     
   655                           ;Programacion 2.c: 133:     {;Programacion 2.c: 134:         PORTDbits.RD0=1;
   656  000142  8083               	bsf	131,0,c	;volatile
   657                           
   658                           ;Programacion 2.c: 135:         PORTDbits.RD1=0;
   659  000144  9283               	bcf	131,1,c	;volatile
   660                           
   661                           ;Programacion 2.c: 136:         PORTDbits.RD2=0;
   662  000146  9483               	bcf	131,2,c	;volatile
   663                           
   664                           ;Programacion 2.c: 137:         PORTDbits.RD3=1;
   665  000148  8683               	bsf	131,3,c	;volatile
   666  00014A  EFA7  F000         	goto	l80
   667  00014E                     l74:
   668  00014E                     l80:
   669  00014E  0012               	return		;funcret
   670  000150                     __end_of_EU:
   671                           	callstack 0
   672                           
   673 ;; *************** function _ED *****************
   674 ;; Defined at:
   675 ;;		line 140 in file "Programacion 2.c"
   676 ;; Parameters:    Size  Location     Type
   677 ;;  y               2    0[COMRAM] int 
   678 ;; Auto vars:     Size  Location     Type
   679 ;;		None
   680 ;; Return value:  Size  Location     Type
   681 ;;                  1    wreg      void 
   682 ;; Registers used:
   683 ;;		wreg, status,2, status,0
   684 ;; Tracked objects:
   685 ;;		On entry : 0/0
   686 ;;		On exit  : 0/0
   687 ;;		Unchanged: 0/0
   688 ;; Data sizes:     COMRAM   BANK0   BANK1   BANK2   BANK3   BANK4   BANK5   BANK6   BANK7
   689 ;;      Params:         2       0       0       0       0       0       0       0       0
   690 ;;      Locals:         0       0       0       0       0       0       0       0       0
   691 ;;      Temps:          0       0       0       0       0       0       0       0       0
   692 ;;      Totals:         2       0       0       0       0       0       0       0       0
   693 ;;Total ram usage:        2 bytes
   694 ;; Hardware stack levels used:    1
   695 ;; Hardware stack levels required when called:    1
   696 ;; This function calls:
   697 ;;		Nothing
   698 ;; This function is called by:
   699 ;;		_main
   700 ;; This function uses a non-reentrant model
   701 ;;
   702                           
   703                           	psect	text3
   704  000150                     __ptext3:
   705                           	callstack 0
   706  000150                     _ED:
   707                           	callstack 29
   708  000150                     
   709                           ;Programacion 2.c: 140: void ED (int y);Programacion 2.c: 141: {;Programacion 2.c: 142: 
      +                              if (y==0)
   710  000150  5005               	movf	ED@y^0,w,c
   711  000152  1006               	iorwf	(ED@y+1)^0,w,c
   712  000154  A4D8               	btfss	status,2,c
   713  000156  EFAF  F000         	goto	u371
   714  00015A  EFB1  F000         	goto	u370
   715  00015E                     u371:
   716  00015E  EFB7  F000         	goto	l975
   717  000162                     u370:
   718  000162                     
   719                           ;Programacion 2.c: 143:     {;Programacion 2.c: 144:         PORTDbits.RD4=0;
   720  000162  9883               	bcf	131,4,c	;volatile
   721                           
   722                           ;Programacion 2.c: 145:         PORTDbits.RD5=0;
   723  000164  9A83               	bcf	131,5,c	;volatile
   724                           
   725                           ;Programacion 2.c: 146:         PORTDbits.RD6=0;
   726  000166  9C83               	bcf	131,6,c	;volatile
   727                           
   728                           ;Programacion 2.c: 147:         PORTDbits.RD7=0;
   729  000168  9E83               	bcf	131,7,c	;volatile
   730                           
   731                           ;Programacion 2.c: 148:     }
   732  00016A  EF46  F001         	goto	l102
   733  00016E                     l975:
   734  00016E  0405               	decf	ED@y^0,w,c
   735  000170  1006               	iorwf	(ED@y+1)^0,w,c
   736  000172  A4D8               	btfss	status,2,c
   737  000174  EFBE  F000         	goto	u381
   738  000178  EFC0  F000         	goto	u380
   739  00017C                     u381:
   740  00017C  EFC6  F000         	goto	l979
   741  000180                     u380:
   742  000180                     
   743                           ;Programacion 2.c: 150:     {;Programacion 2.c: 151:         PORTDbits.RD4=1;
   744  000180  8883               	bsf	131,4,c	;volatile
   745                           
   746                           ;Programacion 2.c: 152:         PORTDbits.RD5=0;
   747  000182  9A83               	bcf	131,5,c	;volatile
   748                           
   749                           ;Programacion 2.c: 153:         PORTDbits.RD6=0;
   750  000184  9C83               	bcf	131,6,c	;volatile
   751                           
   752                           ;Programacion 2.c: 154:         PORTDbits.RD7=0;
   753  000186  9E83               	bcf	131,7,c	;volatile
   754                           
   755                           ;Programacion 2.c: 155:     }
   756  000188  EF46  F001         	goto	l102
   757  00018C                     l979:
   758  00018C  0E02               	movlw	2
   759  00018E  1805               	xorwf	ED@y^0,w,c
   760  000190  1006               	iorwf	(ED@y+1)^0,w,c
   761  000192  A4D8               	btfss	status,2,c
   762  000194  EFCE  F000         	goto	u391
   763  000198  EFD0  F000         	goto	u390
   764  00019C                     u391:
   765  00019C  EFD6  F000         	goto	l983
   766  0001A0                     u390:
   767  0001A0                     
   768                           ;Programacion 2.c: 157:     {;Programacion 2.c: 158:         PORTDbits.RD4=0;
   769  0001A0  9883               	bcf	131,4,c	;volatile
   770                           
   771                           ;Programacion 2.c: 159:         PORTDbits.RD5=1;
   772  0001A2  8A83               	bsf	131,5,c	;volatile
   773                           
   774                           ;Programacion 2.c: 160:         PORTDbits.RD6=0;
   775  0001A4  9C83               	bcf	131,6,c	;volatile
   776                           
   777                           ;Programacion 2.c: 161:         PORTDbits.RD7=0;
   778  0001A6  9E83               	bcf	131,7,c	;volatile
   779                           
   780                           ;Programacion 2.c: 162:     }
   781  0001A8  EF46  F001         	goto	l102
   782  0001AC                     l983:
   783  0001AC  0E03               	movlw	3
   784  0001AE  1805               	xorwf	ED@y^0,w,c
   785  0001B0  1006               	iorwf	(ED@y+1)^0,w,c
   786  0001B2  A4D8               	btfss	status,2,c
   787  0001B4  EFDE  F000         	goto	u401
   788  0001B8  EFE0  F000         	goto	u400
   789  0001BC                     u401:
   790  0001BC  EFE6  F000         	goto	l987
   791  0001C0                     u400:
   792  0001C0                     
   793                           ;Programacion 2.c: 164:     {;Programacion 2.c: 165:         PORTDbits.RD4=1;
   794  0001C0  8883               	bsf	131,4,c	;volatile
   795                           
   796                           ;Programacion 2.c: 166:         PORTDbits.RD5=1;
   797  0001C2  8A83               	bsf	131,5,c	;volatile
   798                           
   799                           ;Programacion 2.c: 167:         PORTDbits.RD6=0;
   800  0001C4  9C83               	bcf	131,6,c	;volatile
   801                           
   802                           ;Programacion 2.c: 168:         PORTDbits.RD7=0;
   803  0001C6  9E83               	bcf	131,7,c	;volatile
   804                           
   805                           ;Programacion 2.c: 169:     }
   806  0001C8  EF46  F001         	goto	l102
   807  0001CC                     l987:
   808  0001CC  0E04               	movlw	4
   809  0001CE  1805               	xorwf	ED@y^0,w,c
   810  0001D0  1006               	iorwf	(ED@y+1)^0,w,c
   811  0001D2  A4D8               	btfss	status,2,c
   812  0001D4  EFEE  F000         	goto	u411
   813  0001D8  EFF0  F000         	goto	u410
   814  0001DC                     u411:
   815  0001DC  EFF6  F000         	goto	l991
   816  0001E0                     u410:
   817  0001E0                     
   818                           ;Programacion 2.c: 171:     {;Programacion 2.c: 172:         PORTDbits.RD4=0;
   819  0001E0  9883               	bcf	131,4,c	;volatile
   820                           
   821                           ;Programacion 2.c: 173:         PORTDbits.RD5=0;
   822  0001E2  9A83               	bcf	131,5,c	;volatile
   823                           
   824                           ;Programacion 2.c: 174:         PORTDbits.RD6=1;
   825  0001E4  8C83               	bsf	131,6,c	;volatile
   826                           
   827                           ;Programacion 2.c: 175:         PORTDbits.RD7=0;
   828  0001E6  9E83               	bcf	131,7,c	;volatile
   829                           
   830                           ;Programacion 2.c: 176:     }
   831  0001E8  EF46  F001         	goto	l102
   832  0001EC                     l991:
   833  0001EC  0E05               	movlw	5
   834  0001EE  1805               	xorwf	ED@y^0,w,c
   835  0001F0  1006               	iorwf	(ED@y+1)^0,w,c
   836  0001F2  A4D8               	btfss	status,2,c
   837  0001F4  EFFE  F000         	goto	u421
   838  0001F8  EF00  F001         	goto	u420
   839  0001FC                     u421:
   840  0001FC  EF06  F001         	goto	l995
   841  000200                     u420:
   842  000200                     
   843                           ;Programacion 2.c: 178:     {;Programacion 2.c: 179:         PORTDbits.RD4=1;
   844  000200  8883               	bsf	131,4,c	;volatile
   845                           
   846                           ;Programacion 2.c: 180:         PORTDbits.RD5=0;
   847  000202  9A83               	bcf	131,5,c	;volatile
   848                           
   849                           ;Programacion 2.c: 181:         PORTDbits.RD6=1;
   850  000204  8C83               	bsf	131,6,c	;volatile
   851                           
   852                           ;Programacion 2.c: 182:         PORTDbits.RD7=0;
   853  000206  9E83               	bcf	131,7,c	;volatile
   854                           
   855                           ;Programacion 2.c: 183:     }
   856  000208  EF46  F001         	goto	l102
   857  00020C                     l995:
   858  00020C  0E06               	movlw	6
   859  00020E  1805               	xorwf	ED@y^0,w,c
   860  000210  1006               	iorwf	(ED@y+1)^0,w,c
   861  000212  A4D8               	btfss	status,2,c
   862  000214  EF0E  F001         	goto	u431
   863  000218  EF10  F001         	goto	u430
   864  00021C                     u431:
   865  00021C  EF16  F001         	goto	l999
   866  000220                     u430:
   867  000220                     
   868                           ;Programacion 2.c: 185:     {;Programacion 2.c: 186:         PORTDbits.RD4=0;
   869  000220  9883               	bcf	131,4,c	;volatile
   870                           
   871                           ;Programacion 2.c: 187:         PORTDbits.RD5=1;
   872  000222  8A83               	bsf	131,5,c	;volatile
   873                           
   874                           ;Programacion 2.c: 188:         PORTDbits.RD6=1;
   875  000224  8C83               	bsf	131,6,c	;volatile
   876                           
   877                           ;Programacion 2.c: 189:         PORTDbits.RD7=0;
   878  000226  9E83               	bcf	131,7,c	;volatile
   879                           
   880                           ;Programacion 2.c: 190:     }
   881  000228  EF46  F001         	goto	l102
   882  00022C                     l999:
   883  00022C  0E07               	movlw	7
   884  00022E  1805               	xorwf	ED@y^0,w,c
   885  000230  1006               	iorwf	(ED@y+1)^0,w,c
   886  000232  A4D8               	btfss	status,2,c
   887  000234  EF1E  F001         	goto	u441
   888  000238  EF20  F001         	goto	u440
   889  00023C                     u441:
   890  00023C  EF26  F001         	goto	l1003
   891  000240                     u440:
   892  000240                     
   893                           ;Programacion 2.c: 192:     {;Programacion 2.c: 193:         PORTDbits.RD4=1;
   894  000240  8883               	bsf	131,4,c	;volatile
   895                           
   896                           ;Programacion 2.c: 194:         PORTDbits.RD5=1;
   897  000242  8A83               	bsf	131,5,c	;volatile
   898                           
   899                           ;Programacion 2.c: 195:         PORTDbits.RD6=1;
   900  000244  8C83               	bsf	131,6,c	;volatile
   901                           
   902                           ;Programacion 2.c: 196:         PORTDbits.RD7=0;
   903  000246  9E83               	bcf	131,7,c	;volatile
   904                           
   905                           ;Programacion 2.c: 197:     }
   906  000248  EF46  F001         	goto	l102
   907  00024C                     l1003:
   908  00024C  0E08               	movlw	8
   909  00024E  1805               	xorwf	ED@y^0,w,c
   910  000250  1006               	iorwf	(ED@y+1)^0,w,c
   911  000252  A4D8               	btfss	status,2,c
   912  000254  EF2E  F001         	goto	u451
   913  000258  EF30  F001         	goto	u450
   914  00025C                     u451:
   915  00025C  EF36  F001         	goto	l1007
   916  000260                     u450:
   917  000260                     
   918                           ;Programacion 2.c: 199:     {;Programacion 2.c: 200:         PORTDbits.RD4=0;
   919  000260  9883               	bcf	131,4,c	;volatile
   920                           
   921                           ;Programacion 2.c: 201:         PORTDbits.RD5=0;
   922  000262  9A83               	bcf	131,5,c	;volatile
   923                           
   924                           ;Programacion 2.c: 202:         PORTDbits.RD6=0;
   925  000264  9C83               	bcf	131,6,c	;volatile
   926                           
   927                           ;Programacion 2.c: 203:         PORTDbits.RD7=1;
   928  000266  8E83               	bsf	131,7,c	;volatile
   929                           
   930                           ;Programacion 2.c: 204:     }
   931  000268  EF46  F001         	goto	l102
   932  00026C                     l1007:
   933  00026C  0E09               	movlw	9
   934  00026E  1805               	xorwf	ED@y^0,w,c
   935  000270  1006               	iorwf	(ED@y+1)^0,w,c
   936  000272  A4D8               	btfss	status,2,c
   937  000274  EF3E  F001         	goto	u461
   938  000278  EF40  F001         	goto	u460
   939  00027C                     u461:
   940  00027C  EF46  F001         	goto	l96
   941  000280                     u460:
   942  000280                     
   943                           ;Programacion 2.c: 206:     {;Programacion 2.c: 207:         PORTDbits.RD4=1;
   944  000280  8883               	bsf	131,4,c	;volatile
   945                           
   946                           ;Programacion 2.c: 208:         PORTDbits.RD5=0;
   947  000282  9A83               	bcf	131,5,c	;volatile
   948                           
   949                           ;Programacion 2.c: 209:         PORTDbits.RD6=0;
   950  000284  9C83               	bcf	131,6,c	;volatile
   951                           
   952                           ;Programacion 2.c: 210:         PORTDbits.RD7=1;
   953  000286  8E83               	bsf	131,7,c	;volatile
   954  000288  EF46  F001         	goto	l102
   955  00028C                     l96:
   956  00028C                     l102:
   957  00028C  0012               	return		;funcret
   958  00028E                     __end_of_ED:
   959                           	callstack 0
   960                           
   961 ;; *************** function _Configuracion_TMR0 *****************
   962 ;; Defined at:
   963 ;;		line 221 in file "Programacion 2.c"
   964 ;; Parameters:    Size  Location     Type
   965 ;;		None
   966 ;; Auto vars:     Size  Location     Type
   967 ;;		None
   968 ;; Return value:  Size  Location     Type
   969 ;;                  1    wreg      void 
   970 ;; Registers used:
   971 ;;		None
   972 ;; Tracked objects:
   973 ;;		On entry : 0/0
   974 ;;		On exit  : 0/0
   975 ;;		Unchanged: 0/0
   976 ;; Data sizes:     COMRAM   BANK0   BANK1   BANK2   BANK3   BANK4   BANK5   BANK6   BANK7
   977 ;;      Params:         0       0       0       0       0       0       0       0       0
   978 ;;      Locals:         0       0       0       0       0       0       0       0       0
   979 ;;      Temps:          0       0       0       0       0       0       0       0       0
   980 ;;      Totals:         0       0       0       0       0       0       0       0       0
   981 ;;Total ram usage:        0 bytes
   982 ;; Hardware stack levels used:    1
   983 ;; Hardware stack levels required when called:    1
   984 ;; This function calls:
   985 ;;		Nothing
   986 ;; This function is called by:
   987 ;;		_main
   988 ;; This function uses a non-reentrant model
   989 ;;
   990                           
   991                           	psect	text4
   992  0003D6                     __ptext4:
   993                           	callstack 0
   994  0003D6                     _Configuracion_TMR0:
   995                           	callstack 29
   996  0003D6                     
   997                           ;Programacion 2.c: 223:     INTCONbits.GIE=0;
   998  0003D6  9EF2               	bcf	242,7,c	;volatile
   999                           
  1000                           ;Programacion 2.c: 224:     T0CONbits.T0CS=1;
  1001  0003D8  8AD5               	bsf	213,5,c	;volatile
  1002                           
  1003                           ;Programacion 2.c: 225:     T0CONbits.T0SE=0;
  1004  0003DA  98D5               	bcf	213,4,c	;volatile
  1005                           
  1006                           ;Programacion 2.c: 226:     T0CONbits.PSA=1;
  1007  0003DC  86D5               	bsf	213,3,c	;volatile
  1008                           
  1009                           ;Programacion 2.c: 227:     T0CONbits.T08BIT=1;
  1010  0003DE  8CD5               	bsf	213,6,c	;volatile
  1011                           
  1012                           ;Programacion 2.c: 228:     T0CONbits.TMR0ON=1;
  1013  0003E0  8ED5               	bsf	213,7,c	;volatile
  1014                           
  1015                           ;Programacion 2.c: 230:     INTCONbits.TMR0IF=0;
  1016  0003E2  94F2               	bcf	242,2,c	;volatile
  1017                           
  1018                           ;Programacion 2.c: 231:     INTCONbits.TMR0IE=1;
  1019  0003E4  8AF2               	bsf	242,5,c	;volatile
  1020                           
  1021                           ;Programacion 2.c: 232:     INTCONbits.GIE=1;
  1022  0003E6  8EF2               	bsf	242,7,c	;volatile
  1023                           
  1024                           ;Programacion 2.c: 233:     INTCONbits.PEIE=1;
  1025  0003E8  8CF2               	bsf	242,6,c	;volatile
  1026  0003EA  0012               	return		;funcret
  1027  0003EC                     __end_of_Configuracion_TMR0:
  1028                           	callstack 0
  1029                           
  1030 ;; *************** function _Configuracion_Registros *****************
  1031 ;; Defined at:
  1032 ;;		line 213 in file "Programacion 2.c"
  1033 ;; Parameters:    Size  Location     Type
  1034 ;;		None
  1035 ;; Auto vars:     Size  Location     Type
  1036 ;;		None
  1037 ;; Return value:  Size  Location     Type
  1038 ;;                  1    wreg      void 
  1039 ;; Registers used:
  1040 ;;		None
  1041 ;; Tracked objects:
  1042 ;;		On entry : 0/0
  1043 ;;		On exit  : 0/0
  1044 ;;		Unchanged: 0/0
  1045 ;; Data sizes:     COMRAM   BANK0   BANK1   BANK2   BANK3   BANK4   BANK5   BANK6   BANK7
  1046 ;;      Params:         0       0       0       0       0       0       0       0       0
  1047 ;;      Locals:         0       0       0       0       0       0       0       0       0
  1048 ;;      Temps:          0       0       0       0       0       0       0       0       0
  1049 ;;      Totals:         0       0       0       0       0       0       0       0       0
  1050 ;;Total ram usage:        0 bytes
  1051 ;; Hardware stack levels used:    1
  1052 ;; Hardware stack levels required when called:    1
  1053 ;; This function calls:
  1054 ;;		Nothing
  1055 ;; This function is called by:
  1056 ;;		_main
  1057 ;; This function uses a non-reentrant model
  1058 ;;
  1059                           
  1060                           	psect	text5
  1061  0003FA                     __ptext5:
  1062                           	callstack 0
  1063  0003FA                     _Configuracion_Registros:
  1064                           	callstack 29
  1065  0003FA                     
  1066                           ;Programacion 2.c: 215:     INTCONbits.GIE=0;
  1067  0003FA  9EF2               	bcf	242,7,c	;volatile
  1068                           
  1069                           ;Programacion 2.c: 216:     INTCONbits.INT0IE=1;
  1070  0003FC  88F2               	bsf	242,4,c	;volatile
  1071                           
  1072                           ;Programacion 2.c: 217:     INTCON2bits.INTEDG0=1;
  1073  0003FE  8CF1               	bsf	241,6,c	;volatile
  1074                           
  1075                           ;Programacion 2.c: 218:     INTCONbits.INT0IF=0;
  1076  000400  92F2               	bcf	242,1,c	;volatile
  1077                           
  1078                           ;Programacion 2.c: 219:     INTCONbits.GIE=1;
  1079  000402  8EF2               	bsf	242,7,c	;volatile
  1080  000404  0012               	return		;funcret
  1081  000406                     __end_of_Configuracion_Registros:
  1082                           	callstack 0
  1083                           
  1084 ;; *************** function _interrupciones *****************
  1085 ;; Defined at:
  1086 ;;		line 235 in file "Programacion 2.c"
  1087 ;; Parameters:    Size  Location     Type
  1088 ;;		None
  1089 ;; Auto vars:     Size  Location     Type
  1090 ;;		None
  1091 ;; Return value:  Size  Location     Type
  1092 ;;                  1    wreg      void 
  1093 ;; Registers used:
  1094 ;;		status,2, status,0
  1095 ;; Tracked objects:
  1096 ;;		On entry : 0/0
  1097 ;;		On exit  : 0/0
  1098 ;;		Unchanged: 0/0
  1099 ;; Data sizes:     COMRAM   BANK0   BANK1   BANK2   BANK3   BANK4   BANK5   BANK6   BANK7
  1100 ;;      Params:         0       0       0       0       0       0       0       0       0
  1101 ;;      Locals:         0       0       0       0       0       0       0       0       0
  1102 ;;      Temps:          0       0       0       0       0       0       0       0       0
  1103 ;;      Totals:         0       0       0       0       0       0       0       0       0
  1104 ;;Total ram usage:        0 bytes
  1105 ;; Hardware stack levels used:    1
  1106 ;; This function calls:
  1107 ;;		Nothing
  1108 ;; This function is called by:
  1109 ;;		Interrupt level 2
  1110 ;; This function uses a non-reentrant model
  1111 ;;
  1112                           
  1113                           	psect	intcode
  1114  000008                     __pintcode:
  1115                           	callstack 0
  1116  000008                     _interrupciones:
  1117                           	callstack 29
  1118                           
  1119                           ;incstack = 0
  1120  000008  8207               	bsf	int$flags,1,c	;set compiler interrupt flag (level 2)
  1121  00000A  EDC8  F001         	call	int_func,f	;refresh shadow registers
  1122                           
  1123                           	psect	intcode_body
  1124  000390                     __pintcode_body:
  1125                           	callstack 29
  1126  000390                     int_func:
  1127                           	callstack 29
  1128  000390  0006               	pop		; remove dummy address from shadow register refresh
  1129  000392                     
  1130                           ;Programacion 2.c: 237:     if (INTCONbits.INT0IF==1)
  1131  000392  A2F2               	btfss	242,1,c	;volatile
  1132  000394  EFCE  F001         	goto	i2u25_41
  1133  000398  EFD0  F001         	goto	i2u25_40
  1134  00039C                     i2u25_41:
  1135  00039C  EFD2  F001         	goto	i2l927
  1136  0003A0                     i2u25_40:
  1137  0003A0                     
  1138                           ;Programacion 2.c: 238:     {;Programacion 2.c: 239:         TMR0L--;
  1139  0003A0  06D6               	decf	214,f,c	;volatile
  1140  0003A2                     
  1141                           ;Programacion 2.c: 240:         INTCONbits.INT0IF=0;
  1142  0003A2  92F2               	bcf	242,1,c	;volatile
  1143  0003A4                     i2l927:
  1144                           
  1145                           ;Programacion 2.c: 242:     if (INTCONbits.TMR0IF==1)
  1146  0003A4  A4F2               	btfss	242,2,c	;volatile
  1147  0003A6  EFD7  F001         	goto	i2u26_41
  1148  0003AA  EFD9  F001         	goto	i2u26_40
  1149  0003AE                     i2u26_41:
  1150  0003AE  EFDA  F001         	goto	i2l115
  1151  0003B2                     i2u26_40:
  1152  0003B2                     
  1153                           ;Programacion 2.c: 243:     {;Programacion 2.c: 244:         INTCONbits.TMR0IF=0;
  1154  0003B2  94F2               	bcf	242,2,c	;volatile
  1155  0003B4                     i2l115:
  1156  0003B4  9207               	bcf	int$flags,1,c	;clear compiler interrupt flag (level 2)
  1157  0003B6  0011               	retfie		f
  1158  0003B8                     __end_of_interrupciones:
  1159                           	callstack 0
  1160  0000                     
  1161                           	psect	rparam
  1162  0000                     
  1163                           	psect	temp
  1164  000007                     btemp:
  1165                           	callstack 0
  1166  000007                     	ds	1
  1167  0000                     int$flags	set	btemp
  1168  0000                     wtemp8	set	btemp+1
  1169  0000                     ttemp5	set	btemp+1
  1170  0000                     ttemp6	set	btemp+4
  1171  0000                     ttemp7	set	btemp+8
  1172                           
  1173                           	psect	idloc
  1174                           
  1175                           ;Config register IDLOC0 @ 0x200000
  1176                           ;	unspecified, using default values
  1177  200000                     	org	2097152
  1178  200000  FF                 	db	255
  1179                           
  1180                           ;Config register IDLOC1 @ 0x200001
  1181                           ;	unspecified, using default values
  1182  200001                     	org	2097153
  1183  200001  FF                 	db	255
  1184                           
  1185                           ;Config register IDLOC2 @ 0x200002
  1186                           ;	unspecified, using default values
  1187  200002                     	org	2097154
  1188  200002  FF                 	db	255
  1189                           
  1190                           ;Config register IDLOC3 @ 0x200003
  1191                           ;	unspecified, using default values
  1192  200003                     	org	2097155
  1193  200003  FF                 	db	255
  1194                           
  1195                           ;Config register IDLOC4 @ 0x200004
  1196                           ;	unspecified, using default values
  1197  200004                     	org	2097156
  1198  200004  FF                 	db	255
  1199                           
  1200                           ;Config register IDLOC5 @ 0x200005
  1201                           ;	unspecified, using default values
  1202  200005                     	org	2097157
  1203  200005  FF                 	db	255
  1204                           
  1205                           ;Config register IDLOC6 @ 0x200006
  1206                           ;	unspecified, using default values
  1207  200006                     	org	2097158
  1208  200006  FF                 	db	255
  1209                           
  1210                           ;Config register IDLOC7 @ 0x200007
  1211                           ;	unspecified, using default values
  1212  200007                     	org	2097159
  1213  200007  FF                 	db	255
  1214                           
  1215                           	psect	config
  1216                           
  1217                           ;Config register CONFIG1L @ 0x300000
  1218                           ;	unspecified, using default values
  1219                           ;	PLL Prescaler Selection bits
  1220                           ;	PLLDIV = 0x0, unprogrammed default
  1221                           ;	System Clock Postscaler Selection bits
  1222                           ;	CPUDIV = 0x0, unprogrammed default
  1223                           ;	USB Clock Selection bit (used in Full-Speed USB mode only; UCFG:FSEN = 1)
  1224                           ;	USBDIV = 0x0, unprogrammed default
  1225  300000                     	org	3145728
  1226  300000  00                 	db	0
  1227                           
  1228                           ;Config register CONFIG1H @ 0x300001
  1229                           ;	unspecified, using default values
  1230                           ;	Oscillator Selection bits
  1231                           ;	FOSC = 0x5, unprogrammed default
  1232                           ;	Fail-Safe Clock Monitor Enable bit
  1233                           ;	FCMEN = 0x0, unprogrammed default
  1234                           ;	Internal/External Oscillator Switchover bit
  1235                           ;	IESO = 0x0, unprogrammed default
  1236  300001                     	org	3145729
  1237  300001  05                 	db	5
  1238                           
  1239                           ;Config register CONFIG2L @ 0x300002
  1240                           ;	unspecified, using default values
  1241                           ;	Power-up Timer Enable bit
  1242                           ;	PWRT = 0x1, unprogrammed default
  1243                           ;	Brown-out Reset Enable bits
  1244                           ;	BOR = 0x3, unprogrammed default
  1245                           ;	Brown-out Reset Voltage bits
  1246                           ;	BORV = 0x3, unprogrammed default
  1247                           ;	USB Voltage Regulator Enable bit
  1248                           ;	VREGEN = 0x0, unprogrammed default
  1249  300002                     	org	3145730
  1250  300002  1F                 	db	31
  1251                           
  1252                           ;Config register CONFIG2H @ 0x300003
  1253                           ;	unspecified, using default values
  1254                           ;	Watchdog Timer Enable bit
  1255                           ;	WDT = 0x1, unprogrammed default
  1256                           ;	Watchdog Timer Postscale Select bits
  1257                           ;	WDTPS = 0xF, unprogrammed default
  1258  300003                     	org	3145731
  1259  300003  1F                 	db	31
  1260                           
  1261                           ; Padding undefined space
  1262  300004                     	org	3145732
  1263  300004  FF                 	db	255
  1264                           
  1265                           ;Config register CONFIG3H @ 0x300005
  1266                           ;	unspecified, using default values
  1267                           ;	CCP2 MUX bit
  1268                           ;	CCP2MX = 0x1, unprogrammed default
  1269                           ;	PORTB A/D Enable bit
  1270                           ;	PBADEN = 0x1, unprogrammed default
  1271                           ;	Low-Power Timer 1 Oscillator Enable bit
  1272                           ;	LPT1OSC = 0x0, unprogrammed default
  1273                           ;	MCLR Pin Enable bit
  1274                           ;	MCLRE = 0x1, unprogrammed default
  1275  300005                     	org	3145733
  1276  300005  83                 	db	131
  1277                           
  1278                           ;Config register CONFIG4L @ 0x300006
  1279                           ;	unspecified, using default values
  1280                           ;	Stack Full/Underflow Reset Enable bit
  1281                           ;	STVREN = 0x1, unprogrammed default
  1282                           ;	Single-Supply ICSP Enable bit
  1283                           ;	LVP = 0x1, unprogrammed default
  1284                           ;	Dedicated In-Circuit Debug/Programming Port (ICPORT) Enable bit
  1285                           ;	ICPRT = 0x0, unprogrammed default
  1286                           ;	Extended Instruction Set Enable bit
  1287                           ;	XINST = 0x0, unprogrammed default
  1288                           ;	Background Debugger Enable bit
  1289                           ;	DEBUG = 0x1, unprogrammed default
  1290  300006                     	org	3145734
  1291  300006  85                 	db	133
  1292                           
  1293                           ; Padding undefined space
  1294  300007                     	org	3145735
  1295  300007  FF                 	db	255
  1296                           
  1297                           ;Config register CONFIG5L @ 0x300008
  1298                           ;	unspecified, using default values
  1299                           ;	Code Protection bit
  1300                           ;	CP0 = 0x1, unprogrammed default
  1301                           ;	Code Protection bit
  1302                           ;	CP1 = 0x1, unprogrammed default
  1303                           ;	Code Protection bit
  1304                           ;	CP2 = 0x1, unprogrammed default
  1305                           ;	Code Protection bit
  1306                           ;	CP3 = 0x1, unprogrammed default
  1307  300008                     	org	3145736
  1308  300008  0F                 	db	15
  1309                           
  1310                           ;Config register CONFIG5H @ 0x300009
  1311                           ;	unspecified, using default values
  1312                           ;	Boot Block Code Protection bit
  1313                           ;	CPB = 0x1, unprogrammed default
  1314                           ;	Data EEPROM Code Protection bit
  1315                           ;	CPD = 0x1, unprogrammed default
  1316  300009                     	org	3145737
  1317  300009  C0                 	db	192
  1318                           
  1319                           ;Config register CONFIG6L @ 0x30000A
  1320                           ;	unspecified, using default values
  1321                           ;	Write Protection bit
  1322                           ;	WRT0 = 0x1, unprogrammed default
  1323                           ;	Write Protection bit
  1324                           ;	WRT1 = 0x1, unprogrammed default
  1325                           ;	Write Protection bit
  1326                           ;	WRT2 = 0x1, unprogrammed default
  1327                           ;	Write Protection bit
  1328                           ;	WRT3 = 0x1, unprogrammed default
  1329  30000A                     	org	3145738
  1330  30000A  0F                 	db	15
  1331                           
  1332                           ;Config register CONFIG6H @ 0x30000B
  1333                           ;	unspecified, using default values
  1334                           ;	Configuration Register Write Protection bit
  1335                           ;	WRTC = 0x1, unprogrammed default
  1336                           ;	Boot Block Write Protection bit
  1337                           ;	WRTB = 0x1, unprogrammed default
  1338                           ;	Data EEPROM Write Protection bit
  1339                           ;	WRTD = 0x1, unprogrammed default
  1340  30000B                     	org	3145739
  1341  30000B  E0                 	db	224
  1342                           
  1343                           ;Config register CONFIG7L @ 0x30000C
  1344                           ;	unspecified, using default values
  1345                           ;	Table Read Protection bit
  1346                           ;	EBTR0 = 0x1, unprogrammed default
  1347                           ;	Table Read Protection bit
  1348                           ;	EBTR1 = 0x1, unprogrammed default
  1349                           ;	Table Read Protection bit
  1350                           ;	EBTR2 = 0x1, unprogrammed default
  1351                           ;	Table Read Protection bit
  1352                           ;	EBTR3 = 0x1, unprogrammed default
  1353  30000C                     	org	3145740
  1354  30000C  0F                 	db	15
  1355                           
  1356                           ;Config register CONFIG7H @ 0x30000D
  1357                           ;	unspecified, using default values
  1358                           ;	Boot Block Table Read Protection bit
  1359                           ;	EBTRB = 0x1, unprogrammed default
  1360  30000D                     	org	3145741
  1361  30000D  40                 	db	64
  1362                           tosu	equ	0xFFF
  1363                           tosh	equ	0xFFE
  1364                           tosl	equ	0xFFD
  1365                           stkptr	equ	0xFFC
  1366                           pclatu	equ	0xFFB
  1367                           pclath	equ	0xFFA
  1368                           pcl	equ	0xFF9
  1369                           tblptru	equ	0xFF8
  1370                           tblptrh	equ	0xFF7
  1371                           tblptrl	equ	0xFF6
  1372                           tablat	equ	0xFF5
  1373                           prodh	equ	0xFF4
  1374                           prodl	equ	0xFF3
  1375                           indf0	equ	0xFEF
  1376                           postinc0	equ	0xFEE
  1377                           postdec0	equ	0xFED
  1378                           preinc0	equ	0xFEC
  1379                           plusw0	equ	0xFEB
  1380                           fsr0h	equ	0xFEA
  1381                           fsr0l	equ	0xFE9
  1382                           wreg	equ	0xFE8
  1383                           indf1	equ	0xFE7
  1384                           postinc1	equ	0xFE6
  1385                           postdec1	equ	0xFE5
  1386                           preinc1	equ	0xFE4
  1387                           plusw1	equ	0xFE3
  1388                           fsr1h	equ	0xFE2
  1389                           fsr1l	equ	0xFE1
  1390                           bsr	equ	0xFE0
  1391                           indf2	equ	0xFDF
  1392                           postinc2	equ	0xFDE
  1393                           postdec2	equ	0xFDD
  1394                           preinc2	equ	0xFDC
  1395                           plusw2	equ	0xFDB
  1396                           fsr2h	equ	0xFDA
  1397                           fsr2l	equ	0xFD9
  1398                           status	equ	0xFD8

Data Sizes:
    Strings     0
    Constant    0
    Data        0
    BSS         2
    Persistent  2
    Stack       0

Auto Spaces:
    Space          Size  Autos    Used
    COMRAM           94      2       6
    BANK0           160      0       0
    BANK1           256      0       0
    BANK2           256      0       0
    BANK3           256      0       0
    BANK4           256      0       0
    BANK5           256      0       0
    BANK6           256      0       0
    BANK7           256      0       0

Pointer List with Targets:

    None.

Critical Paths under _main in COMRAM

    _main->_ED
    _main->_EU

Critical Paths under _interrupciones in COMRAM

    None.

Critical Paths under _main in BANK0

    None.

Critical Paths under _interrupciones in BANK0

    None.

Critical Paths under _main in BANK1

    None.

Critical Paths under _interrupciones in BANK1

    None.

Critical Paths under _main in BANK2

    None.

Critical Paths under _interrupciones in BANK2

    None.

Critical Paths under _main in BANK3

    None.

Critical Paths under _interrupciones in BANK3

    None.

Critical Paths under _main in BANK4

    None.

Critical Paths under _interrupciones in BANK4

    None.

Critical Paths under _main in BANK5

    None.

Critical Paths under _interrupciones in BANK5

    None.

Critical Paths under _main in BANK6

    None.

Critical Paths under _interrupciones in BANK6

    None.

Critical Paths under _main in BANK7

    None.

Critical Paths under _interrupciones in BANK7

    None.

Call Graph Tables:

 ---------------------------------------------------------------------------------
 (Depth) Function   	        Calls       Base Space   Used Autos Params    Refs
 ---------------------------------------------------------------------------------
 (0) _main                                                 0     0      0     592
            _Configuracion_Registros
                 _Configuracion_TMR0
                                 _ED
                                 _EU
                    _Iniciar_Puertos
 ---------------------------------------------------------------------------------
 (1) _Iniciar_Puertos                                      0     0      0       0
 ---------------------------------------------------------------------------------
 (1) _EU                                                   2     0      2     296
                                              0 COMRAM     2     0      2
 ---------------------------------------------------------------------------------
 (1) _ED                                                   2     0      2     296
                                              0 COMRAM     2     0      2
 ---------------------------------------------------------------------------------
 (1) _Configuracion_TMR0                                   0     0      0       0
 ---------------------------------------------------------------------------------
 (1) _Configuracion_Registros                              0     0      0       0
 ---------------------------------------------------------------------------------
 Estimated maximum stack depth 1
 ---------------------------------------------------------------------------------
 (Depth) Function   	        Calls       Base Space   Used Autos Params    Refs
 ---------------------------------------------------------------------------------
 (2) _interrupciones                                       0     0      0       0
 ---------------------------------------------------------------------------------
 Estimated maximum stack depth 2
 ---------------------------------------------------------------------------------

 Call Graph Graphs:

 _main (ROOT)
   _Configuracion_Registros
   _Configuracion_TMR0
   _ED
   _EU
   _Iniciar_Puertos

 _interrupciones (ROOT)

 Address spaces:
Name               Size   Autos  Total    Cost      Usage
BIGRAM             7FF      0       0      21        0.0%
EEDATA             100      0       0       0        0.0%
BITBANK7           100      0       0      18        0.0%
BANK7              100      0       0      19        0.0%
BITBANK6           100      0       0      16        0.0%
BANK6              100      0       0      17        0.0%
BITBANK5           100      0       0      14        0.0%
BANK5              100      0       0      15        0.0%
BITBANK4           100      0       0      12        0.0%
BANK4              100      0       0      13        0.0%
BITBANK3           100      0       0      10        0.0%
BANK3              100      0       0      11        0.0%
BITBANK2           100      0       0       8        0.0%
BANK2              100      0       0       9        0.0%
BITBANK1           100      0       0       6        0.0%
BANK1              100      0       0       7        0.0%
BITBANK0            A0      0       0       4        0.0%
BANK0               A0      0       0       5        0.0%
BITCOMRAM           5E      0       0       0        0.0%
COMRAM              5E      2       6       1        6.4%
BITSFR               0      0       0     200        0.0%
SFR                  0      0       0     200        0.0%
STACK                0      0       0       2        0.0%
NULL                 0      0       0       0        0.0%
ABS                  0      0       6      20        0.0%
DATA                 0      0       6       3        0.0%
CODE                 0      0       0       0        0.0%


Microchip Technology PIC18 Macro Assembler V2.20 build 20200408173844 
Symbol Table                                                                                   Sun Oct 04 22:24:10 2020

                              _ED 0150                                l80 014E  
                              l49 0370                                l74 014E  
                              l58 03D4                                l96 028C  
                              _EU 0012            __end_of_interrupciones 03B8  
                             ED@y 0005                               ?_ED 0005  
                             ?_EU 0005                               EU@x 0005  
                             l102 028C                               l105 0404  
                             l108 03EA                               l931 0012  
                             l941 0062                               l933 0024  
                             l951 00AE                               l943 006E  
                             l935 0030                               l791 03B8  
                             l793 03FA                               l961 0102  
                             l953 00C2                               l945 0082  
                             l937 0042                               l795 03D6  
                             l971 0150                               l963 010E  
                             l955 00CE                               l947 008E  
                             l939 004E                               l981 01A0  
                             l973 0162                               l965 0122  
                             l957 00E2                               l949 00A2  
                             l991 01EC                               l983 01AC  
                             l975 016E                               l967 012E  
                             l959 00EE                               l993 0200  
                             l985 01C0                               l977 0180  
                             l969 0142                               l995 020C  
                             l987 01CC                               l979 018C  
                             l997 0220                               l989 01E0  
                             l999 022C                               u300 0082  
                             u301 007E                               u310 00A2  
                             u311 009E                               u400 01C0  
                             u320 00C2                               u401 01BC  
                             u321 00BE                               u410 01E0  
                             u330 00E2                               u411 01DC  
                             u331 00DE                               u420 0200  
                             u340 0102                               u500 0362  
                             u421 01FC                               u341 00FE  
                             u501 035E                               u430 0220  
                             u350 0122                               u270 0024  
                             u431 021C                               u351 011E  
                             u271 0020                               u440 0240  
                             u360 0142                               u280 0042  
                             u441 023C                               u361 013E  
                             u281 003E                               u450 0260  
                             u370 0162                               u290 0062  
                             u451 025C                               u371 015E  
                             u291 005E                               u460 0280  
                             u380 0180                               u461 027C  
                             u381 017C                               u390 01A0  
                             u470 02C0                               u391 019C  
                             u471 02BC                               u480 02F6  
                             u481 02F2                               u490 032C  
                             u491 0328                               _dec 0003  
                             _und 0001                              ??_ED 0007  
                            ??_EU 0007                              l1001 0240  
                            l1003 024C                              l1011 028E  
                            l1005 0260                              l1021 02A4  
                            l1013 0292                              l1007 026C  
                            l1031 02F6                              l1023 02C0  
                            l1015 0296                              l1009 0280  
                            l1041 032E                              l1033 02F8  
                            l1025 02C2                              l1017 029A  
                            l1043 0336                              l1035 0300  
                            l1051 0370                              l1027 02CA  
                            l1019 029E                              l1053 037C  
                            l1045 0346                              l1037 0310  
                            l1029 02DA                              l1047 0362  
                            l1039 032C                              l1049 0364  
                            _main 028E                              btemp 0007  
                            start 000E                      ___param_bank 000000  
                 _Iniciar_Puertos 03B8                _Configuracion_TMR0 03D6  
                 ?_interrupciones 0005                             ?_main 0005  
                           i2l115 03B4                             i2l921 0392  
                           i2l923 03A0                             i2l925 03A2  
                           i2l927 03A4                             i2l929 03B2  
                           _TMR0L 000FD6                             _PORTA 000F80  
                           _PORTB 000F81                             _PORTD 000F83  
                           _TRISA 000F92                             _TRISB 000F93  
                           _TRISD 000F95               ?_Configuracion_TMR0 0005  
                           ttemp5 0008                             ttemp6 000B  
                           ttemp7 000F                             status 000FD8  
                           wtemp8 0008              ??_Configuracion_TMR0 0005  
                 __initialization 03EC                      __end_of_main 0390  
                          ??_main 0007                     __activetblptr 000000  
                          _ADCON1 000FC1           __end_of_Iniciar_Puertos 03D6  
        ?_Configuracion_Registros 0005                        __accesstop 0060  
         __end_of__initialization 03F0                     ___rparam_used 000001  
                  __pcstackCOMRAM 0005                        __end_of_ED 028E  
                      __end_of_EU 0150                        __pnvCOMRAM 0001  
                ?_Iniciar_Puertos 0005                  ??_interrupciones 0005  
                         i2u25_40 03A0                           i2u25_41 039C  
                         i2u26_40 03B2                           i2u26_41 03AE  
 __end_of_Configuracion_Registros 0406                           __Hparam 0000  
                         __Lparam 0000                           __pcinit 03EC  
                         __ramtop 0800                           __ptext0 028E  
                         __ptext1 03B8                           __ptext2 0012  
                         __ptext3 0150                           __ptext4 03D6  
                         __ptext5 03FA                         _T0CONbits 000FD5  
                  __pintcode_body 0390              end_of_initialization 03F0  
                         int_func 0390       __size_of_Configuracion_TMR0 0016  
                       _PORTBbits 000F81                         _PORTDbits 000F83  
__size_of_Configuracion_Registros 000C               start_initialization 03EC  
                     __pbssCOMRAM 0003                         __pintcode 0008  
        __size_of_Iniciar_Puertos 001E                       __size_of_ED 013E  
                     __size_of_EU 013E           _Configuracion_Registros 03FA  
         __size_of_interrupciones 03B0                       _INTCON2bits 000FF1  
      __end_of_Configuracion_TMR0 03EC                          __Hrparam 0000  
                        __Lrparam 0000                 ??_Iniciar_Puertos 0005  
                   __size_of_main 0102         ??_Configuracion_Registros 0005  
                        int$flags 0007                        _INTCONbits 000FF2  
                        intlevel2 0000                    _interrupciones 0008  
