

Microchip MPLAB XC8 Assembler V2.20 build 20200408173844 
                                                                                               Sun Oct 04 22:29:52 2020

Microchip MPLAB XC8 C Compiler v2.20 (Free license) build 20200408173844 Og1 
     1                           	processor	18F4550
     2                           	fnconf	rparam,??,?,0
     3                           	pagewidth 120
     4                           	opt	flic
     5                           	psect	cinit,global,reloc=2,class=CODE,delta=1
     6                           	psect	bssCOMRAM,global,class=COMRAM,space=1,delta=1,lowdata,noexec
     7                           	psect	cstackCOMRAM,global,class=COMRAM,space=1,delta=1,lowdata,noexec
     8                           	psect	text0,global,reloc=2,class=CODE,delta=1
     9                           	psect	text1,global,reloc=2,class=CODE,delta=1
    10                           	psect	text2,global,reloc=2,class=CODE,delta=1
    11                           	psect	text3,global,reloc=2,class=CODE,delta=1
    12                           	psect	intcode,global,reloc=2,class=CODE,delta=1
    13                           	psect	intcode_body,global,reloc=2,class=CODE,delta=1
    14                           	psect	intsave_regs,global,class=BIGRAM,space=1,delta=1,noexec
    15                           	psect	rparam,global,class=COMRAM,space=1,delta=1,noexec
    16                           	psect	temp,global,ovrld,common,class=COMRAM,space=1,delta=1
    17                           	psect	idloc,global,abs,ovrld,class=IDLOC,space=5,delta=1,noexec
    18                           	psect	config,global,abs,ovrld,class=CONFIG,space=4,delta=1,noexec
    19  0000                     
    20                           ; Version 2.20
    21                           ; Generated 12/02/2020 GMT
    22                           ; 
    23                           ; Copyright © 2020, Microchip Technology Inc. and its subsidiaries ("Microchip")
    24                           ; All rights reserved.
    25                           ; 
    26                           ; This software is developed by Microchip Technology Inc. and its subsidiaries ("Microch
      +                          ip").
    27                           ; 
    28                           ; Redistribution and use in source and binary forms, with or without modification, are
    29                           ; permitted provided that the following conditions are met:
    30                           ; 
    31                           ;     1. Redistributions of source code must retain the above copyright notice, this lis
      +                          t of
    32                           ;        conditions and the following disclaimer.
    33                           ; 
    34                           ;     2. Redistributions in binary form must reproduce the above copyright notice, this 
      +                          list
    35                           ;        of conditions and the following disclaimer in the documentation and/or other
    36                           ;        materials provided with the distribution.
    37                           ; 
    38                           ;     3. Microchip's name may not be used to endorse or promote products derived from th
      +                          is
    39                           ;        software without specific prior written permission.
    40                           ; 
    41                           ; THIS SOFTWARE IS PROVIDED BY MICROCHIP "AS IS" AND ANY EXPRESS OR IMPLIED WARRANTIES,
    42                           ; INCLUDING, BUT NOT LIMITED TO, THE IMPLIED WARRANTIES OF MERCHANTABILITY AND FITNESS F
      +                          OR
    43                           ; PURPOSE ARE DISCLAIMED.  IN NO EVENT SHALL MICROCHIP BE LIABLE FOR ANY DIRECT, INDIREC
      +                          T,
    44                           ; INCIDENTAL, SPECIAL, EXEMPLARY, OR CONSEQUENTIAL DAMAGES (INCLUDING BUT NOT LIMITED TO
    45                           ; PROCUREMENT OF SUBSTITUTE GOODS OR SERVICES; LOSS OF USE, DATA OR PROFITS; OR BUSINESS
    46                           ; INTERRUPTION) HOWSOEVER CAUSED AND ON ANY THEORY OF LIABILITY, WHETHER IN CONTRACT, ST
      +                          RICT
    47                           ; LIABILITY, OR TORT (INCLUDING NEGLIGENCE OR OTHERWISE) ARISING IN ANY WAY OUT OF THE U
      +                          SE OF
    48                           ; THIS SOFTWARE, EVEN IF ADVISED OF THE POSSIBILITY OF SUCH DAMAGE.
    49                           ; 
    50                           ; 
    51                           ; Code-generator required, PIC18F4550 Definitions
    52                           ; 
    53                           ; SFR Addresses
    54  0000                     _T0CON	set	4053
    55  0000                     _INTCONbits	set	4082
    56  0000                     _PORTBbits	set	3969
    57  0000                     _TMR0L	set	4054
    58  0000                     _TMR0H	set	4055
    59  0000                     _PORTB	set	3969
    60  0000                     _TRISB	set	3987
    61  0000                     _ADCON1	set	4033
    62                           
    63                           ; #config settings
    64                           
    65                           	psect	cinit
    66  000190                     __pcinit:
    67                           	callstack 0
    68  000190                     start_initialization:
    69                           	callstack 0
    70  000190                     __initialization:
    71                           	callstack 0
    72                           
    73                           ; Clear objects allocated to COMRAM (2 bytes)
    74  000190  6A02               	clrf	(__pbssCOMRAM+1)& (0+255),c
    75  000192  6A01               	clrf	__pbssCOMRAM& (0+255),c
    76  000194                     end_of_initialization:
    77                           	callstack 0
    78  000194                     __end_of__initialization:
    79                           	callstack 0
    80  000194  9003               	bcf	int$flags,0,c	;clear compiler interrupt flag (level 1)
    81  000196  9203               	bcf	int$flags,1,c	;clear compiler interrupt flag (level 2)
    82  000198  0100               	movlb	0
    83  00019A  EF8B  F000         	goto	_main	;jump to C main() function
    84                           
    85                           	psect	bssCOMRAM
    86  000001                     __pbssCOMRAM:
    87                           	callstack 0
    88  000001                     _cont10ms:
    89                           	callstack 0
    90  000001                     	ds	2
    91                           
    92                           	psect	cstackCOMRAM
    93  000000                     __pcstackCOMRAM:
    94                           	callstack 0
    95  000000                     
    96                           ; 1 bytes @ 0x0
    97 ;;
    98 ;;Main: autosize = 0, tempsize = 0, incstack = 0, save=0
    99 ;;
   100 ;; *************** function _main *****************
   101 ;; Defined at:
   102 ;;		line 16 in file "Programacion 3.c"
   103 ;; Parameters:    Size  Location     Type
   104 ;;		None
   105 ;; Auto vars:     Size  Location     Type
   106 ;;		None
   107 ;; Return value:  Size  Location     Type
   108 ;;                  1    wreg      void 
   109 ;; Registers used:
   110 ;;		wreg, status,2, status,0, cstack
   111 ;; Tracked objects:
   112 ;;		On entry : 0/0
   113 ;;		On exit  : 0/0
   114 ;;		Unchanged: 0/0
   115 ;; Data sizes:     COMRAM   BANK0   BANK1   BANK2   BANK3   BANK4   BANK5   BANK6   BANK7
   116 ;;      Params:         0       0       0       0       0       0       0       0       0
   117 ;;      Locals:         0       0       0       0       0       0       0       0       0
   118 ;;      Temps:          0       0       0       0       0       0       0       0       0
   119 ;;      Totals:         0       0       0       0       0       0       0       0       0
   120 ;;Total ram usage:        0 bytes
   121 ;; Hardware stack levels required when called:    2
   122 ;; This function calls:
   123 ;;		_Configuracion_TMR0
   124 ;;		_PWM_50
   125 ;;		_PWM_80
   126 ;; This function is called by:
   127 ;;		Startup code after reset
   128 ;; This function uses a non-reentrant model
   129 ;;
   130                           
   131                           	psect	text0
   132  000116                     __ptext0:
   133                           	callstack 0
   134  000116                     _main:
   135                           	callstack 29
   136  000116                     
   137                           ;Programacion 3.c: 18:     ADCON1=15;
   138  000116  0E0F               	movlw	15
   139  000118  6EC1               	movwf	193,c	;volatile
   140                           
   141                           ;Programacion 3.c: 19:     TRISB=4;
   142  00011A  0E04               	movlw	4
   143  00011C  6E93               	movwf	147,c	;volatile
   144                           
   145                           ;Programacion 3.c: 20:     PORTB=0;
   146  00011E  0E00               	movlw	0
   147  000120  6E81               	movwf	129,c	;volatile
   148  000122                     
   149                           ;Programacion 3.c: 22:     Configuracion_TMR0 ();
   150  000122  ECBF  F000         	call	_Configuracion_TMR0	;wreg free
   151  000126                     
   152                           ;Programacion 3.c: 23:     TMR0H=55536>>8;
   153  000126  0ED8               	movlw	216
   154  000128  6ED7               	movwf	215,c	;volatile
   155  00012A                     
   156                           ;Programacion 3.c: 24:     TMR0L=55536;
   157  00012A  0EF0               	movlw	240
   158  00012C  6ED6               	movwf	214,c	;volatile
   159  00012E                     l781:
   160                           
   161                           ;Programacion 3.c: 27:     {;Programacion 3.c: 28:         if (PORTBbits.RB2==1)
   162  00012E  A481               	btfss	129,2,c	;volatile
   163  000130  EF9C  F000         	goto	u101
   164  000134  EF9E  F000         	goto	u100
   165  000138                     u101:
   166  000138  EFA4  F000         	goto	l785
   167  00013C                     u100:
   168  00013C                     
   169                           ;Programacion 3.c: 29:         {;Programacion 3.c: 30:             PWM_50 ();
   170  00013C  EC09  F000         	call	_PWM_50	;wreg free
   171                           
   172                           ;Programacion 3.c: 31:             PWM_80 ();
   173  000140  EC52  F000         	call	_PWM_80	;wreg free
   174                           
   175                           ;Programacion 3.c: 32:         }
   176  000144  EF97  F000         	goto	l781
   177  000148                     l785:
   178                           
   179                           ;Programacion 3.c: 34:         {;Programacion 3.c: 35:             PORTB=0;
   180  000148  0E00               	movlw	0
   181  00014A  6E81               	movwf	129,c	;volatile
   182                           
   183                           ;Programacion 3.c: 36:             cont10ms=0;
   184  00014C  0E00               	movlw	0
   185  00014E  6E02               	movwf	(_cont10ms+1)^0,c
   186  000150  0E00               	movlw	0
   187  000152  6E01               	movwf	_cont10ms^0,c
   188  000154  EF97  F000         	goto	l781
   189  000158  EF07  F000         	goto	start
   190  00015C                     __end_of_main:
   191                           	callstack 0
   192                           
   193 ;; *************** function _PWM_80 *****************
   194 ;; Defined at:
   195 ;;		line 66 in file "Programacion 3.c"
   196 ;; Parameters:    Size  Location     Type
   197 ;;		None
   198 ;; Auto vars:     Size  Location     Type
   199 ;;		None
   200 ;; Return value:  Size  Location     Type
   201 ;;                  1    wreg      void 
   202 ;; Registers used:
   203 ;;		wreg, status,2, status,0
   204 ;; Tracked objects:
   205 ;;		On entry : 0/0
   206 ;;		On exit  : 0/0
   207 ;;		Unchanged: 0/0
   208 ;; Data sizes:     COMRAM   BANK0   BANK1   BANK2   BANK3   BANK4   BANK5   BANK6   BANK7
   209 ;;      Params:         0       0       0       0       0       0       0       0       0
   210 ;;      Locals:         0       0       0       0       0       0       0       0       0
   211 ;;      Temps:          0       0       0       0       0       0       0       0       0
   212 ;;      Totals:         0       0       0       0       0       0       0       0       0
   213 ;;Total ram usage:        0 bytes
   214 ;; Hardware stack levels used:    1
   215 ;; Hardware stack levels required when called:    1
   216 ;; This function calls:
   217 ;;		Nothing
   218 ;; This function is called by:
   219 ;;		_main
   220 ;; This function uses a non-reentrant model
   221 ;;
   222                           
   223                           	psect	text1
   224  0000A4                     __ptext1:
   225                           	callstack 0
   226  0000A4                     _PWM_80:
   227                           	callstack 29
   228  0000A4                     
   229                           ;Programacion 3.c: 68:     if (cont10ms>=8&&cont10ms<10)
   230  0000A4  BE02               	btfsc	(_cont10ms+1)^0,7,c
   231  0000A6  EF5E  F000         	goto	u61
   232  0000AA  5002               	movf	(_cont10ms+1)^0,w,c
   233  0000AC  E109               	bnz	u60
   234  0000AE  0E08               	movlw	8
   235  0000B0  5C01               	subwf	_cont10ms^0,w,c
   236  0000B2  A0D8               	btfss	status,0,c
   237  0000B4  EF5E  F000         	goto	u61
   238  0000B8  EF60  F000         	goto	u60
   239  0000BC                     u61:
   240  0000BC  EF71  F000         	goto	l769
   241  0000C0                     u60:
   242  0000C0  BE02               	btfsc	(_cont10ms+1)^0,7,c
   243  0000C2  EF6E  F000         	goto	u70
   244  0000C6  5002               	movf	(_cont10ms+1)^0,w,c
   245  0000C8  E107               	bnz	u71
   246  0000CA  0E0A               	movlw	10
   247  0000CC  5C01               	subwf	_cont10ms^0,w,c
   248  0000CE  B0D8               	btfsc	status,0,c
   249  0000D0  EF6C  F000         	goto	u71
   250  0000D4  EF6E  F000         	goto	u70
   251  0000D8                     u71:
   252  0000D8  EF71  F000         	goto	l769
   253  0000DC                     u70:
   254  0000DC                     
   255                           ;Programacion 3.c: 69:     {;Programacion 3.c: 70:         PORTBbits.RB1=0;
   256  0000DC  9281               	bcf	129,1,c	;volatile
   257                           
   258                           ;Programacion 3.c: 71:     }
   259  0000DE  EF8A  F000         	goto	l55
   260  0000E2                     l769:
   261  0000E2  BE02               	btfsc	(_cont10ms+1)^0,7,c
   262  0000E4  EF7D  F000         	goto	u81
   263  0000E8  5002               	movf	(_cont10ms+1)^0,w,c
   264  0000EA  E109               	bnz	u80
   265  0000EC  0E08               	movlw	8
   266  0000EE  5C01               	subwf	_cont10ms^0,w,c
   267  0000F0  A0D8               	btfss	status,0,c
   268  0000F2  EF7D  F000         	goto	u81
   269  0000F6  EF7F  F000         	goto	u80
   270  0000FA                     u81:
   271  0000FA  EF89  F000         	goto	l54
   272  0000FE                     u80:
   273  0000FE  0E0A               	movlw	10
   274  000100  1801               	xorwf	_cont10ms^0,w,c
   275  000102  1002               	iorwf	(_cont10ms+1)^0,w,c
   276  000104  A4D8               	btfss	status,2,c
   277  000106  EF87  F000         	goto	u91
   278  00010A  EF89  F000         	goto	u90
   279  00010E                     u91:
   280  00010E  EF8A  F000         	goto	l55
   281  000112                     u90:
   282  000112                     l54:
   283                           
   284                           ;Programacion 3.c: 73:     {;Programacion 3.c: 74:         PORTBbits.RB1=1;
   285  000112  8281               	bsf	129,1,c	;volatile
   286  000114                     l55:
   287  000114  0012               	return		;funcret
   288  000116                     __end_of_PWM_80:
   289                           	callstack 0
   290                           
   291 ;; *************** function _PWM_50 *****************
   292 ;; Defined at:
   293 ;;		line 51 in file "Programacion 3.c"
   294 ;; Parameters:    Size  Location     Type
   295 ;;		None
   296 ;; Auto vars:     Size  Location     Type
   297 ;;		None
   298 ;; Return value:  Size  Location     Type
   299 ;;                  1    wreg      void 
   300 ;; Registers used:
   301 ;;		wreg, status,2, status,0
   302 ;; Tracked objects:
   303 ;;		On entry : 0/0
   304 ;;		On exit  : 0/0
   305 ;;		Unchanged: 0/0
   306 ;; Data sizes:     COMRAM   BANK0   BANK1   BANK2   BANK3   BANK4   BANK5   BANK6   BANK7
   307 ;;      Params:         0       0       0       0       0       0       0       0       0
   308 ;;      Locals:         0       0       0       0       0       0       0       0       0
   309 ;;      Temps:          0       0       0       0       0       0       0       0       0
   310 ;;      Totals:         0       0       0       0       0       0       0       0       0
   311 ;;Total ram usage:        0 bytes
   312 ;; Hardware stack levels used:    1
   313 ;; Hardware stack levels required when called:    1
   314 ;; This function calls:
   315 ;;		Nothing
   316 ;; This function is called by:
   317 ;;		_main
   318 ;; This function uses a non-reentrant model
   319 ;;
   320                           
   321                           	psect	text2
   322  000012                     __ptext2:
   323                           	callstack 0
   324  000012                     _PWM_50:
   325                           	callstack 29
   326  000012                     
   327                           ;Programacion 3.c: 53:     if (cont10ms==10)
   328  000012  0E0A               	movlw	10
   329  000014  1801               	xorwf	_cont10ms^0,w,c
   330  000016  1002               	iorwf	(_cont10ms+1)^0,w,c
   331  000018  A4D8               	btfss	status,2,c
   332  00001A  EF11  F000         	goto	u11
   333  00001E  EF13  F000         	goto	u10
   334  000022                     u11:
   335  000022  EF19  F000         	goto	l753
   336  000026                     u10:
   337  000026                     
   338                           ;Programacion 3.c: 54:     {;Programacion 3.c: 55:         cont10ms=0;
   339  000026  0E00               	movlw	0
   340  000028  6E02               	movwf	(_cont10ms+1)^0,c
   341  00002A  0E00               	movlw	0
   342  00002C  6E01               	movwf	_cont10ms^0,c
   343                           
   344                           ;Programacion 3.c: 56:     }
   345  00002E  EF51  F000         	goto	l47
   346  000032                     l753:
   347  000032  BE02               	btfsc	(_cont10ms+1)^0,7,c
   348  000034  EF25  F000         	goto	u21
   349  000038  5002               	movf	(_cont10ms+1)^0,w,c
   350  00003A  E109               	bnz	u20
   351  00003C  0E05               	movlw	5
   352  00003E  5C01               	subwf	_cont10ms^0,w,c
   353  000040  A0D8               	btfss	status,0,c
   354  000042  EF25  F000         	goto	u21
   355  000046  EF27  F000         	goto	u20
   356  00004A                     u21:
   357  00004A  EF38  F000         	goto	l759
   358  00004E                     u20:
   359  00004E  BE02               	btfsc	(_cont10ms+1)^0,7,c
   360  000050  EF35  F000         	goto	u30
   361  000054  5002               	movf	(_cont10ms+1)^0,w,c
   362  000056  E107               	bnz	u31
   363  000058  0E0A               	movlw	10
   364  00005A  5C01               	subwf	_cont10ms^0,w,c
   365  00005C  B0D8               	btfsc	status,0,c
   366  00005E  EF33  F000         	goto	u31
   367  000062  EF35  F000         	goto	u30
   368  000066                     u31:
   369  000066  EF38  F000         	goto	l759
   370  00006A                     u30:
   371  00006A                     
   372                           ;Programacion 3.c: 58:     {;Programacion 3.c: 59:         PORTBbits.RB0=0;
   373  00006A  9081               	bcf	129,0,c	;volatile
   374                           
   375                           ;Programacion 3.c: 60:     }
   376  00006C  EF51  F000         	goto	l47
   377  000070                     l759:
   378  000070  BE02               	btfsc	(_cont10ms+1)^0,7,c
   379  000072  EF44  F000         	goto	u41
   380  000076  5002               	movf	(_cont10ms+1)^0,w,c
   381  000078  E109               	bnz	u40
   382  00007A  0E05               	movlw	5
   383  00007C  5C01               	subwf	_cont10ms^0,w,c
   384  00007E  A0D8               	btfss	status,0,c
   385  000080  EF44  F000         	goto	u41
   386  000084  EF46  F000         	goto	u40
   387  000088                     u41:
   388  000088  EF50  F000         	goto	l46
   389  00008C                     u40:
   390  00008C  0E0A               	movlw	10
   391  00008E  1801               	xorwf	_cont10ms^0,w,c
   392  000090  1002               	iorwf	(_cont10ms+1)^0,w,c
   393  000092  A4D8               	btfss	status,2,c
   394  000094  EF4E  F000         	goto	u51
   395  000098  EF50  F000         	goto	u50
   396  00009C                     u51:
   397  00009C  EF51  F000         	goto	l47
   398  0000A0                     u50:
   399  0000A0                     l46:
   400                           
   401                           ;Programacion 3.c: 62:     {;Programacion 3.c: 63:         PORTBbits.RB0=1;
   402  0000A0  8081               	bsf	129,0,c	;volatile
   403  0000A2                     l47:
   404  0000A2  0012               	return		;funcret
   405  0000A4                     __end_of_PWM_50:
   406                           	callstack 0
   407                           
   408 ;; *************** function _Configuracion_TMR0 *****************
   409 ;; Defined at:
   410 ;;		line 41 in file "Programacion 3.c"
   411 ;; Parameters:    Size  Location     Type
   412 ;;		None
   413 ;; Auto vars:     Size  Location     Type
   414 ;;		None
   415 ;; Return value:  Size  Location     Type
   416 ;;                  1    wreg      void 
   417 ;; Registers used:
   418 ;;		wreg, status,2
   419 ;; Tracked objects:
   420 ;;		On entry : 0/0
   421 ;;		On exit  : 0/0
   422 ;;		Unchanged: 0/0
   423 ;; Data sizes:     COMRAM   BANK0   BANK1   BANK2   BANK3   BANK4   BANK5   BANK6   BANK7
   424 ;;      Params:         0       0       0       0       0       0       0       0       0
   425 ;;      Locals:         0       0       0       0       0       0       0       0       0
   426 ;;      Temps:          0       0       0       0       0       0       0       0       0
   427 ;;      Totals:         0       0       0       0       0       0       0       0       0
   428 ;;Total ram usage:        0 bytes
   429 ;; Hardware stack levels used:    1
   430 ;; Hardware stack levels required when called:    1
   431 ;; This function calls:
   432 ;;		Nothing
   433 ;; This function is called by:
   434 ;;		_main
   435 ;; This function uses a non-reentrant model
   436 ;;
   437                           
   438                           	psect	text3
   439  00017E                     __ptext3:
   440                           	callstack 0
   441  00017E                     _Configuracion_TMR0:
   442                           	callstack 29
   443  00017E                     
   444                           ;Programacion 3.c: 43:     INTCONbits.GIE=0;
   445  00017E  9EF2               	bcf	242,7,c	;volatile
   446                           
   447                           ;Programacion 3.c: 44:     INTCONbits.PEIE=0;
   448  000180  9CF2               	bcf	242,6,c	;volatile
   449  000182                     
   450                           ;Programacion 3.c: 45:     T0CON=136;
   451  000182  0E88               	movlw	136
   452  000184  6ED5               	movwf	213,c	;volatile
   453  000186                     
   454                           ;Programacion 3.c: 46:     INTCONbits.TMR0IE=1;
   455  000186  8AF2               	bsf	242,5,c	;volatile
   456  000188                     
   457                           ;Programacion 3.c: 47:     INTCONbits.TMR0IF=0;
   458  000188  94F2               	bcf	242,2,c	;volatile
   459  00018A                     
   460                           ;Programacion 3.c: 48:     INTCONbits.GIE=1;
   461  00018A  8EF2               	bsf	242,7,c	;volatile
   462  00018C                     
   463                           ;Programacion 3.c: 49:     INTCONbits.PEIE=1;
   464  00018C  8CF2               	bsf	242,6,c	;volatile
   465  00018E  0012               	return		;funcret
   466  000190                     __end_of_Configuracion_TMR0:
   467                           	callstack 0
   468                           
   469 ;; *************** function _interrupciones *****************
   470 ;; Defined at:
   471 ;;		line 77 in file "Programacion 3.c"
   472 ;; Parameters:    Size  Location     Type
   473 ;;		None
   474 ;; Auto vars:     Size  Location     Type
   475 ;;		None
   476 ;; Return value:  Size  Location     Type
   477 ;;                  1    wreg      void 
   478 ;; Registers used:
   479 ;;		wreg, status,2, status,0
   480 ;; Tracked objects:
   481 ;;		On entry : 0/0
   482 ;;		On exit  : 0/0
   483 ;;		Unchanged: 0/0
   484 ;; Data sizes:     COMRAM   BANK0   BANK1   BANK2   BANK3   BANK4   BANK5   BANK6   BANK7
   485 ;;      Params:         0       0       0       0       0       0       0       0       0
   486 ;;      Locals:         0       0       0       0       0       0       0       0       0
   487 ;;      Temps:          0       0       0       0       0       0       0       0       0
   488 ;;      Totals:         0       0       0       0       0       0       0       0       0
   489 ;;Total ram usage:        0 bytes
   490 ;; Hardware stack levels used:    1
   491 ;; This function calls:
   492 ;;		Nothing
   493 ;; This function is called by:
   494 ;;		Interrupt level 2
   495 ;; This function uses a non-reentrant model
   496 ;;
   497                           
   498                           	psect	intcode
   499  000008                     __pintcode:
   500                           	callstack 0
   501  000008                     _interrupciones:
   502                           	callstack 29
   503                           
   504                           ;incstack = 0
   505  000008  8203               	bsf	int$flags,1,c	;set compiler interrupt flag (level 2)
   506  00000A  EDAE  F000         	call	int_func,f	;refresh shadow registers
   507                           
   508                           	psect	intcode_body
   509  00015C                     __pintcode_body:
   510                           	callstack 29
   511  00015C                     int_func:
   512                           	callstack 29
   513  00015C  0006               	pop		; remove dummy address from shadow register refresh
   514  00015E                     
   515                           ;Programacion 3.c: 79:     if (INTCONbits.TMR0IF==1)
   516  00015E  A4F2               	btfss	242,2,c	;volatile
   517  000160  EFB4  F000         	goto	i2u11_41
   518  000164  EFB6  F000         	goto	i2u11_40
   519  000168                     i2u11_41:
   520  000168  EFBD  F000         	goto	i2l61
   521  00016C                     i2u11_40:
   522  00016C                     
   523                           ;Programacion 3.c: 80:     {;Programacion 3.c: 81:         cont10ms++;
   524  00016C  4A01               	infsnz	_cont10ms^0,f,c
   525  00016E  2A02               	incf	(_cont10ms+1)^0,f,c
   526  000170                     
   527                           ;Programacion 3.c: 82:         TMR0H=55536>>8;
   528  000170  0ED8               	movlw	216
   529  000172  6ED7               	movwf	215,c	;volatile
   530  000174                     
   531                           ;Programacion 3.c: 83:         TMR0L=55536;
   532  000174  0EF0               	movlw	240
   533  000176  6ED6               	movwf	214,c	;volatile
   534  000178                     
   535                           ;Programacion 3.c: 84:         INTCONbits.TMR0IF=0;
   536  000178  94F2               	bcf	242,2,c	;volatile
   537  00017A                     i2l61:
   538  00017A  9203               	bcf	int$flags,1,c	;clear compiler interrupt flag (level 2)
   539  00017C  0011               	retfie		f
   540  00017E                     __end_of_interrupciones:
   541                           	callstack 0
   542  0000                     
   543                           	psect	rparam
   544  0000                     
   545                           	psect	temp
   546  000003                     btemp:
   547                           	callstack 0
   548  000003                     	ds	1
   549  0000                     int$flags	set	btemp
   550  0000                     wtemp8	set	btemp+1
   551  0000                     ttemp5	set	btemp+1
   552  0000                     ttemp6	set	btemp+4
   553  0000                     ttemp7	set	btemp+8
   554                           
   555                           	psect	idloc
   556                           
   557                           ;Config register IDLOC0 @ 0x200000
   558                           ;	unspecified, using default values
   559  200000                     	org	2097152
   560  200000  FF                 	db	255
   561                           
   562                           ;Config register IDLOC1 @ 0x200001
   563                           ;	unspecified, using default values
   564  200001                     	org	2097153
   565  200001  FF                 	db	255
   566                           
   567                           ;Config register IDLOC2 @ 0x200002
   568                           ;	unspecified, using default values
   569  200002                     	org	2097154
   570  200002  FF                 	db	255
   571                           
   572                           ;Config register IDLOC3 @ 0x200003
   573                           ;	unspecified, using default values
   574  200003                     	org	2097155
   575  200003  FF                 	db	255
   576                           
   577                           ;Config register IDLOC4 @ 0x200004
   578                           ;	unspecified, using default values
   579  200004                     	org	2097156
   580  200004  FF                 	db	255
   581                           
   582                           ;Config register IDLOC5 @ 0x200005
   583                           ;	unspecified, using default values
   584  200005                     	org	2097157
   585  200005  FF                 	db	255
   586                           
   587                           ;Config register IDLOC6 @ 0x200006
   588                           ;	unspecified, using default values
   589  200006                     	org	2097158
   590  200006  FF                 	db	255
   591                           
   592                           ;Config register IDLOC7 @ 0x200007
   593                           ;	unspecified, using default values
   594  200007                     	org	2097159
   595  200007  FF                 	db	255
   596                           
   597                           	psect	config
   598                           
   599                           ;Config register CONFIG1L @ 0x300000
   600                           ;	unspecified, using default values
   601                           ;	PLL Prescaler Selection bits
   602                           ;	PLLDIV = 0x0, unprogrammed default
   603                           ;	System Clock Postscaler Selection bits
   604                           ;	CPUDIV = 0x0, unprogrammed default
   605                           ;	USB Clock Selection bit (used in Full-Speed USB mode only; UCFG:FSEN = 1)
   606                           ;	USBDIV = 0x0, unprogrammed default
   607  300000                     	org	3145728
   608  300000  00                 	db	0
   609                           
   610                           ;Config register CONFIG1H @ 0x300001
   611                           ;	unspecified, using default values
   612                           ;	Oscillator Selection bits
   613                           ;	FOSC = 0x5, unprogrammed default
   614                           ;	Fail-Safe Clock Monitor Enable bit
   615                           ;	FCMEN = 0x0, unprogrammed default
   616                           ;	Internal/External Oscillator Switchover bit
   617                           ;	IESO = 0x0, unprogrammed default
   618  300001                     	org	3145729
   619  300001  05                 	db	5
   620                           
   621                           ;Config register CONFIG2L @ 0x300002
   622                           ;	unspecified, using default values
   623                           ;	Power-up Timer Enable bit
   624                           ;	PWRT = 0x1, unprogrammed default
   625                           ;	Brown-out Reset Enable bits
   626                           ;	BOR = 0x3, unprogrammed default
   627                           ;	Brown-out Reset Voltage bits
   628                           ;	BORV = 0x3, unprogrammed default
   629                           ;	USB Voltage Regulator Enable bit
   630                           ;	VREGEN = 0x0, unprogrammed default
   631  300002                     	org	3145730
   632  300002  1F                 	db	31
   633                           
   634                           ;Config register CONFIG2H @ 0x300003
   635                           ;	unspecified, using default values
   636                           ;	Watchdog Timer Enable bit
   637                           ;	WDT = 0x1, unprogrammed default
   638                           ;	Watchdog Timer Postscale Select bits
   639                           ;	WDTPS = 0xF, unprogrammed default
   640  300003                     	org	3145731
   641  300003  1F                 	db	31
   642                           
   643                           ; Padding undefined space
   644  300004                     	org	3145732
   645  300004  FF                 	db	255
   646                           
   647                           ;Config register CONFIG3H @ 0x300005
   648                           ;	unspecified, using default values
   649                           ;	CCP2 MUX bit
   650                           ;	CCP2MX = 0x1, unprogrammed default
   651                           ;	PORTB A/D Enable bit
   652                           ;	PBADEN = 0x1, unprogrammed default
   653                           ;	Low-Power Timer 1 Oscillator Enable bit
   654                           ;	LPT1OSC = 0x0, unprogrammed default
   655                           ;	MCLR Pin Enable bit
   656                           ;	MCLRE = 0x1, unprogrammed default
   657  300005                     	org	3145733
   658  300005  83                 	db	131
   659                           
   660                           ;Config register CONFIG4L @ 0x300006
   661                           ;	unspecified, using default values
   662                           ;	Stack Full/Underflow Reset Enable bit
   663                           ;	STVREN = 0x1, unprogrammed default
   664                           ;	Single-Supply ICSP Enable bit
   665                           ;	LVP = 0x1, unprogrammed default
   666                           ;	Dedicated In-Circuit Debug/Programming Port (ICPORT) Enable bit
   667                           ;	ICPRT = 0x0, unprogrammed default
   668                           ;	Extended Instruction Set Enable bit
   669                           ;	XINST = 0x0, unprogrammed default
   670                           ;	Background Debugger Enable bit
   671                           ;	DEBUG = 0x1, unprogrammed default
   672  300006                     	org	3145734
   673  300006  85                 	db	133
   674                           
   675                           ; Padding undefined space
   676  300007                     	org	3145735
   677  300007  FF                 	db	255
   678                           
   679                           ;Config register CONFIG5L @ 0x300008
   680                           ;	unspecified, using default values
   681                           ;	Code Protection bit
   682                           ;	CP0 = 0x1, unprogrammed default
   683                           ;	Code Protection bit
   684                           ;	CP1 = 0x1, unprogrammed default
   685                           ;	Code Protection bit
   686                           ;	CP2 = 0x1, unprogrammed default
   687                           ;	Code Protection bit
   688                           ;	CP3 = 0x1, unprogrammed default
   689  300008                     	org	3145736
   690  300008  0F                 	db	15
   691                           
   692                           ;Config register CONFIG5H @ 0x300009
   693                           ;	unspecified, using default values
   694                           ;	Boot Block Code Protection bit
   695                           ;	CPB = 0x1, unprogrammed default
   696                           ;	Data EEPROM Code Protection bit
   697                           ;	CPD = 0x1, unprogrammed default
   698  300009                     	org	3145737
   699  300009  C0                 	db	192
   700                           
   701                           ;Config register CONFIG6L @ 0x30000A
   702                           ;	unspecified, using default values
   703                           ;	Write Protection bit
   704                           ;	WRT0 = 0x1, unprogrammed default
   705                           ;	Write Protection bit
   706                           ;	WRT1 = 0x1, unprogrammed default
   707                           ;	Write Protection bit
   708                           ;	WRT2 = 0x1, unprogrammed default
   709                           ;	Write Protection bit
   710                           ;	WRT3 = 0x1, unprogrammed default
   711  30000A                     	org	3145738
   712  30000A  0F                 	db	15
   713                           
   714                           ;Config register CONFIG6H @ 0x30000B
   715                           ;	unspecified, using default values
   716                           ;	Configuration Register Write Protection bit
   717                           ;	WRTC = 0x1, unprogrammed default
   718                           ;	Boot Block Write Protection bit
   719                           ;	WRTB = 0x1, unprogrammed default
   720                           ;	Data EEPROM Write Protection bit
   721                           ;	WRTD = 0x1, unprogrammed default
   722  30000B                     	org	3145739
   723  30000B  E0                 	db	224
   724                           
   725                           ;Config register CONFIG7L @ 0x30000C
   726                           ;	unspecified, using default values
   727                           ;	Table Read Protection bit
   728                           ;	EBTR0 = 0x1, unprogrammed default
   729                           ;	Table Read Protection bit
   730                           ;	EBTR1 = 0x1, unprogrammed default
   731                           ;	Table Read Protection bit
   732                           ;	EBTR2 = 0x1, unprogrammed default
   733                           ;	Table Read Protection bit
   734                           ;	EBTR3 = 0x1, unprogrammed default
   735  30000C                     	org	3145740
   736  30000C  0F                 	db	15
   737                           
   738                           ;Config register CONFIG7H @ 0x30000D
   739                           ;	unspecified, using default values
   740                           ;	Boot Block Table Read Protection bit
   741                           ;	EBTRB = 0x1, unprogrammed default
   742  30000D                     	org	3145741
   743  30000D  40                 	db	64
   744                           tosu	equ	0xFFF
   745                           tosh	equ	0xFFE
   746                           tosl	equ	0xFFD
   747                           stkptr	equ	0xFFC
   748                           pclatu	equ	0xFFB
   749                           pclath	equ	0xFFA
   750                           pcl	equ	0xFF9
   751                           tblptru	equ	0xFF8
   752                           tblptrh	equ	0xFF7
   753                           tblptrl	equ	0xFF6
   754                           tablat	equ	0xFF5
   755                           prodh	equ	0xFF4
   756                           prodl	equ	0xFF3
   757                           indf0	equ	0xFEF
   758                           postinc0	equ	0xFEE
   759                           postdec0	equ	0xFED
   760                           preinc0	equ	0xFEC
   761                           plusw0	equ	0xFEB
   762                           fsr0h	equ	0xFEA
   763                           fsr0l	equ	0xFE9
   764                           wreg	equ	0xFE8
   765                           indf1	equ	0xFE7
   766                           postinc1	equ	0xFE6
   767                           postdec1	equ	0xFE5
   768                           preinc1	equ	0xFE4
   769                           plusw1	equ	0xFE3
   770                           fsr1h	equ	0xFE2
   771                           fsr1l	equ	0xFE1
   772                           bsr	equ	0xFE0
   773                           indf2	equ	0xFDF
   774                           postinc2	equ	0xFDE
   775                           postdec2	equ	0xFDD
   776                           preinc2	equ	0xFDC
   777                           plusw2	equ	0xFDB
   778                           fsr2h	equ	0xFDA
   779                           fsr2l	equ	0xFD9
   780                           status	equ	0xFD8

Data Sizes:
    Strings     0
    Constant    0
    Data        0
    BSS         2
    Persistent  0
    Stack       0

Auto Spaces:
    Space          Size  Autos    Used
    COMRAM           94      0       2
    BANK0           160      0       0
    BANK1           256      0       0
    BANK2           256      0       0
    BANK3           256      0       0
    BANK4           256      0       0
    BANK5           256      0       0
    BANK6           256      0       0
    BANK7           256      0       0

Pointer List with Targets:

    None.

Critical Paths under _main in COMRAM

    None.

Critical Paths under _interrupciones in COMRAM

    None.

Critical Paths under _main in BANK0

    None.

Critical Paths under _interrupciones in BANK0

    None.

Critical Paths under _main in BANK1

    None.

Critical Paths under _interrupciones in BANK1

    None.

Critical Paths under _main in BANK2

    None.

Critical Paths under _interrupciones in BANK2

    None.

Critical Paths under _main in BANK3

    None.

Critical Paths under _interrupciones in BANK3

    None.

Critical Paths under _main in BANK4

    None.

Critical Paths under _interrupciones in BANK4

    None.

Critical Paths under _main in BANK5

    None.

Critical Paths under _interrupciones in BANK5

    None.

Critical Paths under _main in BANK6

    None.

Critical Paths under _interrupciones in BANK6

    None.

Critical Paths under _main in BANK7

    None.

Critical Paths under _interrupciones in BANK7

    None.

Call Graph Tables:

 ---------------------------------------------------------------------------------
 (Depth) Function   	        Calls       Base Space   Used Autos Params    Refs
 ---------------------------------------------------------------------------------
 (0) _main                                                 0     0      0       0
                 _Configuracion_TMR0
                             _PWM_50
                             _PWM_80
 ---------------------------------------------------------------------------------
 (1) _PWM_80                                               0     0      0       0
 ---------------------------------------------------------------------------------
 (1) _PWM_50                                               0     0      0       0
 ---------------------------------------------------------------------------------
 (1) _Configuracion_TMR0                                   0     0      0       0
 ---------------------------------------------------------------------------------
 Estimated maximum stack depth 1
 ---------------------------------------------------------------------------------
 (Depth) Function   	        Calls       Base Space   Used Autos Params    Refs
 ---------------------------------------------------------------------------------
 (2) _interrupciones                                       0     0      0       0
 ---------------------------------------------------------------------------------
 Estimated maximum stack depth 2
 ---------------------------------------------------------------------------------

 Call Graph Graphs:

 _main (ROOT)
   _Configuracion_TMR0
   _PWM_50
   _PWM_80

 _interrupciones (ROOT)

 Address spaces:
Name               Size   Autos  Total    Cost      Usage
BIGRAM             7FF      0       0      21        0.0%
EEDATA             100      0       0       0        0.0%
BITBANK7           100      0       0      18        0.0%
BANK7              100      0       0      19        0.0%
BITBANK6           100      0       0      16        0.0%
BANK6              100      0       0      17        0.0%
BITBANK5           100      0       0      14        0.0%
BANK5              100      0       0      15        0.0%
BITBANK4           100      0       0      12        0.0%
BANK4              100      0       0      13        0.0%
BITBANK3           100      0       0      10        0.0%
BANK3              100      0       0      11        0.0%
BITBANK2           100      0       0       8        0.0%
BANK2              100      0       0       9        0.0%
BITBANK1           100      0       0       6        0.0%
BANK1              100      0       0       7        0.0%
BITBANK0            A0      0       0       4        0.0%
BANK0               A0      0       0       5        0.0%
BITCOMRAM           5E      0       0       0        0.0%
COMRAM              5E      0       2       1        2.1%
BITSFR               0      0       0     200        0.0%
SFR                  0      0       0     200        0.0%
STACK                0      0       0       2        0.0%
NULL                 0      0       0       0        0.0%
ABS                  0      0       2      20        0.0%
DATA                 0      0       2       3        0.0%
CODE                 0      0       0       0        0.0%


Microchip Technology PIC18 Macro Assembler V2.20 build 20200408173844 
Symbol Table                                                                                   Sun Oct 04 22:29:52 2020

                         l37 018E                           l46 00A0                           l54 0112  
                         l47 00A2                           l55 0114                           u10 0026  
                         u11 0022                           u20 004E                           u21 004A  
                         u30 006A                           u31 0066                           u40 008C  
                         u41 0088                           u50 00A0                           u51 009C  
                         u60 00C0                           u61 00BC                           u70 00DC  
                         u71 00D8                           u80 00FE                           u81 00FA  
                         u90 0112                           u91 010E       __end_of_interrupciones 017E  
                        l741 0186                          l743 0188                          l751 0026  
                        l745 018A                          l737 017E                          l761 008C  
                        l753 0032                          l747 018C                          l739 0182  
                        l755 004E                          l771 00FE                          l763 00A4  
                        l757 006A                          l749 0012                          l765 00C0  
                        l781 012E                          l773 0116                          l759 0070  
                        l767 00DC                          l783 013C                          l775 0122  
                        l769 00E2                          l785 0148                          l777 0126  
                        l779 012A                          u100 013C                          u101 0138  
                       i2l61 017A                         _main 0116                         btemp 0003  
                       start 000E                 ___param_bank 000000           _Configuracion_TMR0 017E  
            ?_interrupciones 0000                        ?_main 0000                        _T0CON 000FD5  
                      i2l791 0170                        i2l793 0174                        i2l795 0178  
                      i2l787 015E                        i2l789 016C                        _TMR0H 000FD7  
                      _TMR0L 000FD6                        _PORTB 000F81                        _TRISB 000F93  
        ?_Configuracion_TMR0 0000                        ttemp5 0004                        ttemp6 0007  
                      ttemp7 000B                        status 000FD8                        wtemp8 0004  
       ??_Configuracion_TMR0 0000              __initialization 0190                 __end_of_main 015C  
                     ??_main 0000                __activetblptr 000000                       _ADCON1 000FC1  
                     _PWM_50 0012                       _PWM_80 00A4                   __accesstop 0060  
    __end_of__initialization 0194                ___rparam_used 000001               __pcstackCOMRAM 0000  
                    ?_PWM_50 0000                      ?_PWM_80 0000             ??_interrupciones 0000  
                    i2u11_40 016C                      i2u11_41 0168              __size_of_PWM_50 0092  
            __size_of_PWM_80 0072                      __Hparam 0000                      __Lparam 0000  
                    __pcinit 0190                      __ramtop 0800                      __ptext0 0116  
                    __ptext1 00A4                      __ptext2 0012                      __ptext3 017E  
             __pintcode_body 015C         end_of_initialization 0194                      int_func 015C  
__size_of_Configuracion_TMR0 0012                    _PORTBbits 000F81               __end_of_PWM_50 00A4  
             __end_of_PWM_80 0116          start_initialization 0190                     ??_PWM_50 0000  
                   ??_PWM_80 0000                  __pbssCOMRAM 0001                    __pintcode 0008  
    __size_of_interrupciones 0176   __end_of_Configuracion_TMR0 0190                     __Hrparam 0000  
                   __Lrparam 0000                     _cont10ms 0001                __size_of_main 0046  
                   int$flags 0003                   _INTCONbits 000FF2                     intlevel2 0000  
             _interrupciones 0008  
