

Microchip MPLAB XC8 Assembler V2.20 build 20200408173844 
                                                                                               Sun Oct 04 21:39:58 2020

Microchip MPLAB XC8 C Compiler v2.20 (Free license) build 20200408173844 Og1 
     1                           	processor	18F4550
     2                           	fnconf	rparam,??,?,0
     3                           	pagewidth 120
     4                           	opt	flic
     5                           	psect	idataCOMRAM,global,class=CODE,delta=1,noexec
     6                           	psect	cinit,global,reloc=2,class=CODE,delta=1
     7                           	psect	bssCOMRAM,global,class=COMRAM,space=1,delta=1,lowdata,noexec
     8                           	psect	dataCOMRAM,global,class=COMRAM,space=1,delta=1,lowdata,noexec
     9                           	psect	cstackCOMRAM,global,class=COMRAM,space=1,delta=1,lowdata,noexec
    10                           	psect	text0,global,reloc=2,class=CODE,delta=1
    11                           	psect	text1,global,reloc=2,class=CODE,delta=1
    12                           	psect	text2,global,reloc=2,class=CODE,delta=1
    13                           	psect	text3,global,reloc=2,class=CODE,delta=1
    14                           	psect	text4,global,reloc=2,class=CODE,delta=1
    15                           	psect	text5,global,reloc=2,class=CODE,delta=1
    16                           	psect	intcode,global,reloc=2,class=CODE,delta=1
    17                           	psect	intcode_body,global,reloc=2,class=CODE,delta=1
    18                           	psect	intsave_regs,global,class=BIGRAM,space=1,delta=1,noexec
    19                           	psect	rparam,global,class=COMRAM,space=1,delta=1,noexec
    20                           	psect	temp,global,ovrld,common,class=COMRAM,space=1,delta=1
    21                           	psect	idloc,global,abs,ovrld,class=IDLOC,space=5,delta=1,noexec
    22                           	psect	config,global,abs,ovrld,class=CONFIG,space=4,delta=1,noexec
    23  0000                     
    24                           ; Version 2.20
    25                           ; Generated 12/02/2020 GMT
    26                           ; 
    27                           ; Copyright © 2020, Microchip Technology Inc. and its subsidiaries ("Microchip")
    28                           ; All rights reserved.
    29                           ; 
    30                           ; This software is developed by Microchip Technology Inc. and its subsidiaries ("Microch
      +                          ip").
    31                           ; 
    32                           ; Redistribution and use in source and binary forms, with or without modification, are
    33                           ; permitted provided that the following conditions are met:
    34                           ; 
    35                           ;     1. Redistributions of source code must retain the above copyright notice, this lis
      +                          t of
    36                           ;        conditions and the following disclaimer.
    37                           ; 
    38                           ;     2. Redistributions in binary form must reproduce the above copyright notice, this 
      +                          list
    39                           ;        of conditions and the following disclaimer in the documentation and/or other
    40                           ;        materials provided with the distribution.
    41                           ; 
    42                           ;     3. Microchip's name may not be used to endorse or promote products derived from th
      +                          is
    43                           ;        software without specific prior written permission.
    44                           ; 
    45                           ; THIS SOFTWARE IS PROVIDED BY MICROCHIP "AS IS" AND ANY EXPRESS OR IMPLIED WARRANTIES,
    46                           ; INCLUDING, BUT NOT LIMITED TO, THE IMPLIED WARRANTIES OF MERCHANTABILITY AND FITNESS F
      +                          OR
    47                           ; PURPOSE ARE DISCLAIMED.  IN NO EVENT SHALL MICROCHIP BE LIABLE FOR ANY DIRECT, INDIREC
      +                          T,
    48                           ; INCIDENTAL, SPECIAL, EXEMPLARY, OR CONSEQUENTIAL DAMAGES (INCLUDING BUT NOT LIMITED TO
    49                           ; PROCUREMENT OF SUBSTITUTE GOODS OR SERVICES; LOSS OF USE, DATA OR PROFITS; OR BUSINESS
    50                           ; INTERRUPTION) HOWSOEVER CAUSED AND ON ANY THEORY OF LIABILITY, WHETHER IN CONTRACT, ST
      +                          RICT
    51                           ; LIABILITY, OR TORT (INCLUDING NEGLIGENCE OR OTHERWISE) ARISING IN ANY WAY OUT OF THE U
      +                          SE OF
    52                           ; THIS SOFTWARE, EVEN IF ADVISED OF THE POSSIBILITY OF SUCH DAMAGE.
    53                           ; 
    54                           ; 
    55                           ; Code-generator required, PIC18F4550 Definitions
    56                           ; 
    57                           ; SFR Addresses
    58  0000                     
    59                           	psect	idataCOMRAM
    60  000150                     __pidataCOMRAM:
    61                           	callstack 0
    62                           
    63                           ;initializer for _conts
    64  000150  0002               	dw	2
    65  0000                     _PORTBbits	set	3969
    66  0000                     _T0CONbits	set	4053
    67  0000                     _INTCON2bits	set	4081
    68  0000                     _INTCONbits	set	4082
    69  0000                     _PORTB	set	3969
    70  0000                     _TRISB	set	3987
    71  0000                     _ADCON1	set	4033
    72  0000                     _TMR0L	set	4054
    73  0000                     _TMR0H	set	4055
    74                           
    75                           ; #config settings
    76                           
    77                           	psect	cinit
    78  0000D0                     __pcinit:
    79                           	callstack 0
    80  0000D0                     start_initialization:
    81                           	callstack 0
    82  0000D0                     __initialization:
    83                           	callstack 0
    84                           
    85                           ; Initialize objects allocated to COMRAM (2 bytes)
    86                           ; load TBLPTR registers with __pidataCOMRAM
    87  0000D0  0E50               	movlw	low __pidataCOMRAM
    88  0000D2  6EF6               	movwf	tblptrl,c
    89  0000D4  0E01               	movlw	high __pidataCOMRAM
    90  0000D6  6EF7               	movwf	tblptrh,c
    91  0000D8  0E00               	movlw	low (__pidataCOMRAM shr (0+16))
    92  0000DA  6EF8               	movwf	tblptru,c
    93  0000DC  0009               	tblrd		*+	;fetch initializer
    94  0000DE  CFF5 F003          	movff	tablat,__pdataCOMRAM
    95  0000E2  0009               	tblrd		*+	;fetch initializer
    96  0000E4  CFF5 F004          	movff	tablat,__pdataCOMRAM+1
    97                           
    98                           ; Clear objects allocated to COMRAM (2 bytes)
    99  0000E8  6A02               	clrf	(__pbssCOMRAM+1)& (0+255),c
   100  0000EA  6A01               	clrf	__pbssCOMRAM& (0+255),c
   101  0000EC                     end_of_initialization:
   102                           	callstack 0
   103  0000EC                     __end_of__initialization:
   104                           	callstack 0
   105  0000EC  9005               	bcf	int$flags,0,c	;clear compiler interrupt flag (level 1)
   106  0000EE  9205               	bcf	int$flags,1,c	;clear compiler interrupt flag (level 2)
   107  0000F0  0100               	movlb	0
   108  0000F2  EF2E  F000         	goto	_main	;jump to C main() function
   109                           
   110                           	psect	bssCOMRAM
   111  000001                     __pbssCOMRAM:
   112                           	callstack 0
   113  000001                     _Paso:
   114                           	callstack 0
   115  000001                     	ds	2
   116                           
   117                           	psect	dataCOMRAM
   118  000003                     __pdataCOMRAM:
   119                           	callstack 0
   120  000003                     _conts:
   121                           	callstack 0
   122  000003                     	ds	2
   123                           
   124                           	psect	cstackCOMRAM
   125  000000                     __pcstackCOMRAM:
   126                           	callstack 0
   127  000000                     
   128                           ; 1 bytes @ 0x0
   129 ;;
   130 ;;Main: autosize = 0, tempsize = 0, incstack = 0, save=0
   131 ;;
   132 ;; *************** function _main *****************
   133 ;; Defined at:
   134 ;;		line 19 in file "Programacion 4.c"
   135 ;; Parameters:    Size  Location     Type
   136 ;;		None
   137 ;; Auto vars:     Size  Location     Type
   138 ;;		None
   139 ;; Return value:  Size  Location     Type
   140 ;;                  1    wreg      void 
   141 ;; Registers used:
   142 ;;		wreg, status,2, status,0, cstack
   143 ;; Tracked objects:
   144 ;;		On entry : 0/0
   145 ;;		On exit  : 0/0
   146 ;;		Unchanged: 0/0
   147 ;; Data sizes:     COMRAM   BANK0   BANK1   BANK2   BANK3   BANK4   BANK5   BANK6   BANK7
   148 ;;      Params:         0       0       0       0       0       0       0       0       0
   149 ;;      Locals:         0       0       0       0       0       0       0       0       0
   150 ;;      Temps:          0       0       0       0       0       0       0       0       0
   151 ;;      Totals:         0       0       0       0       0       0       0       0       0
   152 ;;Total ram usage:        0 bytes
   153 ;; Hardware stack levels required when called:    2
   154 ;; This function calls:
   155 ;;		_Configuracion_Registros
   156 ;;		_Configuracion_TMR0
   157 ;;		_Iniciar_Puertos
   158 ;;		_Paso_Peatonal
   159 ;;		_Semaforo_Normal
   160 ;; This function is called by:
   161 ;;		Startup code after reset
   162 ;; This function uses a non-reentrant model
   163 ;;
   164                           
   165                           	psect	text0
   166  00005C                     __ptext0:
   167                           	callstack 0
   168  00005C                     _main:
   169                           	callstack 29
   170  00005C                     
   171                           ;Programacion 4.c: 21:     Iniciar_Puertos ();
   172  00005C  EC9B  F000         	call	_Iniciar_Puertos	;wreg free
   173  000060                     
   174                           ;Programacion 4.c: 22:     Configuracion_Registros ();
   175  000060  ECA2  F000         	call	_Configuracion_Registros	;wreg free
   176  000064                     
   177                           ;Programacion 4.c: 23:     Configuracion_TMR0 ();
   178  000064  EC8D  F000         	call	_Configuracion_TMR0	;wreg free
   179  000068                     
   180                           ;Programacion 4.c: 24:     TMR0H=(3036)>>8;
   181  000068  0E0B               	movlw	11
   182  00006A  6ED7               	movwf	215,c	;volatile
   183  00006C                     
   184                           ;Programacion 4.c: 25:     TMR0L=3036;
   185  00006C  0EDC               	movlw	220
   186  00006E  6ED6               	movwf	214,c	;volatile
   187  000070                     l785:
   188                           
   189                           ;Programacion 4.c: 28:     {;Programacion 4.c: 29:         if (Paso==0)
   190  000070  5001               	movf	_Paso^0,w,c
   191  000072  1002               	iorwf	(_Paso+1)^0,w,c
   192  000074  A4D8               	btfss	status,2,c
   193  000076  EF3F  F000         	goto	u31
   194  00007A  EF41  F000         	goto	u30
   195  00007E                     u31:
   196  00007E  EF45  F000         	goto	l789
   197  000082                     u30:
   198  000082                     
   199                           ;Programacion 4.c: 30:         {;Programacion 4.c: 31:             Semaforo_Normal ();
   200  000082  EC7B  F000         	call	_Semaforo_Normal	;wreg free
   201                           
   202                           ;Programacion 4.c: 32:         }
   203  000086  EF38  F000         	goto	l785
   204  00008A                     l789:
   205                           
   206                           ;Programacion 4.c: 34:         {;Programacion 4.c: 35:             Paso_Peatonal ();
   207  00008A  EC09  F000         	call	_Paso_Peatonal	;wreg free
   208  00008E  EF38  F000         	goto	l785
   209  000092  EF07  F000         	goto	start
   210  000096                     __end_of_main:
   211                           	callstack 0
   212                           
   213 ;; *************** function _Semaforo_Normal *****************
   214 ;; Defined at:
   215 ;;		line 68 in file "Programacion 4.c"
   216 ;; Parameters:    Size  Location     Type
   217 ;;		None
   218 ;; Auto vars:     Size  Location     Type
   219 ;;		None
   220 ;; Return value:  Size  Location     Type
   221 ;;                  1    wreg      void 
   222 ;; Registers used:
   223 ;;		None
   224 ;; Tracked objects:
   225 ;;		On entry : 0/0
   226 ;;		On exit  : 0/0
   227 ;;		Unchanged: 0/0
   228 ;; Data sizes:     COMRAM   BANK0   BANK1   BANK2   BANK3   BANK4   BANK5   BANK6   BANK7
   229 ;;      Params:         0       0       0       0       0       0       0       0       0
   230 ;;      Locals:         0       0       0       0       0       0       0       0       0
   231 ;;      Temps:          0       0       0       0       0       0       0       0       0
   232 ;;      Totals:         0       0       0       0       0       0       0       0       0
   233 ;;Total ram usage:        0 bytes
   234 ;; Hardware stack levels used:    1
   235 ;; Hardware stack levels required when called:    1
   236 ;; This function calls:
   237 ;;		Nothing
   238 ;; This function is called by:
   239 ;;		_main
   240 ;; This function uses a non-reentrant model
   241 ;;
   242                           
   243                           	psect	text1
   244  0000F6                     __ptext1:
   245                           	callstack 0
   246  0000F6                     _Semaforo_Normal:
   247                           	callstack 29
   248  0000F6                     
   249                           ;Programacion 4.c: 70:     if (conts%2==0)
   250  0000F6  B003               	btfsc	_conts^0,0,c
   251  0000F8  EF80  F000         	goto	u11
   252  0000FC  EF82  F000         	goto	u10
   253  000100                     u11:
   254  000100  EF88  F000         	goto	l54
   255  000104                     u10:
   256  000104                     
   257                           ;Programacion 4.c: 71:     {;Programacion 4.c: 72:         PORTBbits.RB4=1;
   258  000104  8881               	bsf	129,4,c	;volatile
   259                           
   260                           ;Programacion 4.c: 73:         PORTBbits.RB5=0;
   261  000106  9A81               	bcf	129,5,c	;volatile
   262                           
   263                           ;Programacion 4.c: 74:         PORTBbits.RB6=1;
   264  000108  8C81               	bsf	129,6,c	;volatile
   265                           
   266                           ;Programacion 4.c: 75:         PORTBbits.RB7=0;
   267  00010A  9E81               	bcf	129,7,c	;volatile
   268                           
   269                           ;Programacion 4.c: 76:     }
   270  00010C  EF8C  F000         	goto	l56
   271  000110                     l54:
   272                           
   273                           ;Programacion 4.c: 78:     {;Programacion 4.c: 79:         PORTBbits.RB4=0;
   274  000110  9881               	bcf	129,4,c	;volatile
   275                           
   276                           ;Programacion 4.c: 80:         PORTBbits.RB5=1;
   277  000112  8A81               	bsf	129,5,c	;volatile
   278                           
   279                           ;Programacion 4.c: 81:         PORTBbits.RB6=0;
   280  000114  9C81               	bcf	129,6,c	;volatile
   281                           
   282                           ;Programacion 4.c: 82:         PORTBbits.RB7=1;
   283  000116  8E81               	bsf	129,7,c	;volatile
   284  000118                     l56:
   285  000118  0012               	return		;funcret
   286  00011A                     __end_of_Semaforo_Normal:
   287                           	callstack 0
   288                           
   289 ;; *************** function _Paso_Peatonal *****************
   290 ;; Defined at:
   291 ;;		line 85 in file "Programacion 4.c"
   292 ;; Parameters:    Size  Location     Type
   293 ;;		None
   294 ;; Auto vars:     Size  Location     Type
   295 ;;		None
   296 ;; Return value:  Size  Location     Type
   297 ;;                  1    wreg      void 
   298 ;; Registers used:
   299 ;;		wreg, status,2, status,0
   300 ;; Tracked objects:
   301 ;;		On entry : 0/0
   302 ;;		On exit  : 0/0
   303 ;;		Unchanged: 0/0
   304 ;; Data sizes:     COMRAM   BANK0   BANK1   BANK2   BANK3   BANK4   BANK5   BANK6   BANK7
   305 ;;      Params:         0       0       0       0       0       0       0       0       0
   306 ;;      Locals:         0       0       0       0       0       0       0       0       0
   307 ;;      Temps:          0       0       0       0       0       0       0       0       0
   308 ;;      Totals:         0       0       0       0       0       0       0       0       0
   309 ;;Total ram usage:        0 bytes
   310 ;; Hardware stack levels used:    1
   311 ;; Hardware stack levels required when called:    1
   312 ;; This function calls:
   313 ;;		Nothing
   314 ;; This function is called by:
   315 ;;		_main
   316 ;; This function uses a non-reentrant model
   317 ;;
   318                           
   319                           	psect	text2
   320  000012                     __ptext2:
   321                           	callstack 0
   322  000012                     _Paso_Peatonal:
   323                           	callstack 29
   324  000012                     
   325                           ;Programacion 4.c: 87:     conts=0;
   326  000012  0E00               	movlw	0
   327  000014  6E04               	movwf	(_conts+1)^0,c
   328  000016  0E00               	movlw	0
   329  000018  6E03               	movwf	_conts^0,c
   330                           
   331                           ;Programacion 4.c: 88:     TMR0H=3036>>8;
   332  00001A  0E0B               	movlw	11
   333  00001C  6ED7               	movwf	215,c	;volatile
   334                           
   335                           ;Programacion 4.c: 89:     TMR0L=3036;
   336  00001E  0EDC               	movlw	220
   337  000020  6ED6               	movwf	214,c	;volatile
   338                           
   339                           ;Programacion 4.c: 90:     while (conts<15)
   340  000022  EF17  F000         	goto	l771
   341  000026                     l60:
   342                           
   343                           ;Programacion 4.c: 91:     {;Programacion 4.c: 92:         PORTBbits.RB4=1;
   344  000026  8881               	bsf	129,4,c	;volatile
   345                           
   346                           ;Programacion 4.c: 93:         PORTBbits.RB5=0;
   347  000028  9A81               	bcf	129,5,c	;volatile
   348                           
   349                           ;Programacion 4.c: 94:         PORTBbits.RB6=1;
   350  00002A  8C81               	bsf	129,6,c	;volatile
   351                           
   352                           ;Programacion 4.c: 95:         PORTBbits.RB7=0;
   353  00002C  9E81               	bcf	129,7,c	;volatile
   354  00002E                     l771:
   355                           
   356                           ;Programacion 4.c: 90:     while (conts<15)
   357  00002E  BE04               	btfsc	(_conts+1)^0,7,c
   358  000030  EF23  F000         	goto	u21
   359  000034  5004               	movf	(_conts+1)^0,w,c
   360  000036  E109               	bnz	u20
   361  000038  0E0F               	movlw	15
   362  00003A  5C03               	subwf	_conts^0,w,c
   363  00003C  A0D8               	btfss	status,0,c
   364  00003E  EF23  F000         	goto	u21
   365  000042  EF25  F000         	goto	u20
   366  000046                     u21:
   367  000046  EF13  F000         	goto	l60
   368  00004A                     u20:
   369  00004A                     
   370                           ;Programacion 4.c: 97:     conts=2;
   371  00004A  0E00               	movlw	0
   372  00004C  6E04               	movwf	(_conts+1)^0,c
   373  00004E  0E02               	movlw	2
   374  000050  6E03               	movwf	_conts^0,c
   375                           
   376                           ;Programacion 4.c: 98:     Paso=0;
   377  000052  0E00               	movlw	0
   378  000054  6E02               	movwf	(_Paso+1)^0,c
   379  000056  0E00               	movlw	0
   380  000058  6E01               	movwf	_Paso^0,c
   381  00005A  0012               	return		;funcret
   382  00005C                     __end_of_Paso_Peatonal:
   383                           	callstack 0
   384                           
   385 ;; *************** function _Iniciar_Puertos *****************
   386 ;; Defined at:
   387 ;;		line 40 in file "Programacion 4.c"
   388 ;; Parameters:    Size  Location     Type
   389 ;;		None
   390 ;; Auto vars:     Size  Location     Type
   391 ;;		None
   392 ;; Return value:  Size  Location     Type
   393 ;;                  1    wreg      void 
   394 ;; Registers used:
   395 ;;		wreg, status,2
   396 ;; Tracked objects:
   397 ;;		On entry : 0/0
   398 ;;		On exit  : 0/0
   399 ;;		Unchanged: 0/0
   400 ;; Data sizes:     COMRAM   BANK0   BANK1   BANK2   BANK3   BANK4   BANK5   BANK6   BANK7
   401 ;;      Params:         0       0       0       0       0       0       0       0       0
   402 ;;      Locals:         0       0       0       0       0       0       0       0       0
   403 ;;      Temps:          0       0       0       0       0       0       0       0       0
   404 ;;      Totals:         0       0       0       0       0       0       0       0       0
   405 ;;Total ram usage:        0 bytes
   406 ;; Hardware stack levels used:    1
   407 ;; Hardware stack levels required when called:    1
   408 ;; This function calls:
   409 ;;		Nothing
   410 ;; This function is called by:
   411 ;;		_main
   412 ;; This function uses a non-reentrant model
   413 ;;
   414                           
   415                           	psect	text3
   416  000136                     __ptext3:
   417                           	callstack 0
   418  000136                     _Iniciar_Puertos:
   419                           	callstack 29
   420  000136                     
   421                           ;Programacion 4.c: 42:     ADCON1=15;
   422  000136  0E0F               	movlw	15
   423  000138  6EC1               	movwf	193,c	;volatile
   424                           
   425                           ;Programacion 4.c: 43:     TRISB=1;
   426  00013A  0E01               	movlw	1
   427  00013C  6E93               	movwf	147,c	;volatile
   428                           
   429                           ;Programacion 4.c: 44:     PORTB=160;
   430  00013E  0EA0               	movlw	160
   431  000140  6E81               	movwf	129,c	;volatile
   432  000142  0012               	return		;funcret
   433  000144                     __end_of_Iniciar_Puertos:
   434                           	callstack 0
   435                           
   436 ;; *************** function _Configuracion_TMR0 *****************
   437 ;; Defined at:
   438 ;;		line 54 in file "Programacion 4.c"
   439 ;; Parameters:    Size  Location     Type
   440 ;;		None
   441 ;; Auto vars:     Size  Location     Type
   442 ;;		None
   443 ;; Return value:  Size  Location     Type
   444 ;;                  1    wreg      void 
   445 ;; Registers used:
   446 ;;		wreg, status,2
   447 ;; Tracked objects:
   448 ;;		On entry : 0/0
   449 ;;		On exit  : 0/0
   450 ;;		Unchanged: 0/0
   451 ;; Data sizes:     COMRAM   BANK0   BANK1   BANK2   BANK3   BANK4   BANK5   BANK6   BANK7
   452 ;;      Params:         0       0       0       0       0       0       0       0       0
   453 ;;      Locals:         0       0       0       0       0       0       0       0       0
   454 ;;      Temps:          0       0       0       0       0       0       0       0       0
   455 ;;      Totals:         0       0       0       0       0       0       0       0       0
   456 ;;Total ram usage:        0 bytes
   457 ;; Hardware stack levels used:    1
   458 ;; Hardware stack levels required when called:    1
   459 ;; This function calls:
   460 ;;		Nothing
   461 ;; This function is called by:
   462 ;;		_main
   463 ;; This function uses a non-reentrant model
   464 ;;
   465                           
   466                           	psect	text4
   467  00011A                     __ptext4:
   468                           	callstack 0
   469  00011A                     _Configuracion_TMR0:
   470                           	callstack 29
   471  00011A                     
   472                           ;Programacion 4.c: 56:     INTCONbits.GIE=0;
   473  00011A  9EF2               	bcf	242,7,c	;volatile
   474                           
   475                           ;Programacion 4.c: 57:     T0CONbits.T0CS=0;
   476  00011C  9AD5               	bcf	213,5,c	;volatile
   477                           
   478                           ;Programacion 4.c: 58:     T0CONbits.PSA=0;
   479  00011E  96D5               	bcf	213,3,c	;volatile
   480  000120                     
   481                           ;Programacion 4.c: 59:     T0CONbits.T0PS=3;
   482  000120  50D5               	movf	213,w,c	;volatile
   483  000122  0BF8               	andlw	-8
   484  000124  0903               	iorlw	3
   485  000126  6ED5               	movwf	213,c	;volatile
   486  000128                     
   487                           ;Programacion 4.c: 60:     T0CONbits.T08BIT=0;
   488  000128  9CD5               	bcf	213,6,c	;volatile
   489  00012A                     
   490                           ;Programacion 4.c: 61:     T0CONbits.TMR0ON=1;
   491  00012A  8ED5               	bsf	213,7,c	;volatile
   492  00012C                     
   493                           ;Programacion 4.c: 63:     INTCONbits.TMR0IF=0;
   494  00012C  94F2               	bcf	242,2,c	;volatile
   495  00012E                     
   496                           ;Programacion 4.c: 64:     INTCONbits.TMR0IE=1;
   497  00012E  8AF2               	bsf	242,5,c	;volatile
   498  000130                     
   499                           ;Programacion 4.c: 65:     INTCONbits.GIE=1;
   500  000130  8EF2               	bsf	242,7,c	;volatile
   501  000132                     
   502                           ;Programacion 4.c: 66:     INTCONbits.PEIE=1;
   503  000132  8CF2               	bsf	242,6,c	;volatile
   504  000134  0012               	return		;funcret
   505  000136                     __end_of_Configuracion_TMR0:
   506                           	callstack 0
   507                           
   508 ;; *************** function _Configuracion_Registros *****************
   509 ;; Defined at:
   510 ;;		line 46 in file "Programacion 4.c"
   511 ;; Parameters:    Size  Location     Type
   512 ;;		None
   513 ;; Auto vars:     Size  Location     Type
   514 ;;		None
   515 ;; Return value:  Size  Location     Type
   516 ;;                  1    wreg      void 
   517 ;; Registers used:
   518 ;;		None
   519 ;; Tracked objects:
   520 ;;		On entry : 0/0
   521 ;;		On exit  : 0/0
   522 ;;		Unchanged: 0/0
   523 ;; Data sizes:     COMRAM   BANK0   BANK1   BANK2   BANK3   BANK4   BANK5   BANK6   BANK7
   524 ;;      Params:         0       0       0       0       0       0       0       0       0
   525 ;;      Locals:         0       0       0       0       0       0       0       0       0
   526 ;;      Temps:          0       0       0       0       0       0       0       0       0
   527 ;;      Totals:         0       0       0       0       0       0       0       0       0
   528 ;;Total ram usage:        0 bytes
   529 ;; Hardware stack levels used:    1
   530 ;; Hardware stack levels required when called:    1
   531 ;; This function calls:
   532 ;;		Nothing
   533 ;; This function is called by:
   534 ;;		_main
   535 ;; This function uses a non-reentrant model
   536 ;;
   537                           
   538                           	psect	text5
   539  000144                     __ptext5:
   540                           	callstack 0
   541  000144                     _Configuracion_Registros:
   542                           	callstack 29
   543  000144                     
   544                           ;Programacion 4.c: 48:     INTCONbits.GIE=0;
   545  000144  9EF2               	bcf	242,7,c	;volatile
   546                           
   547                           ;Programacion 4.c: 49:     INTCONbits.INT0IE=1;
   548  000146  88F2               	bsf	242,4,c	;volatile
   549                           
   550                           ;Programacion 4.c: 50:     INTCON2bits.INTEDG0=1;
   551  000148  8CF1               	bsf	241,6,c	;volatile
   552                           
   553                           ;Programacion 4.c: 51:     INTCONbits.INT0IF=0;
   554  00014A  92F2               	bcf	242,1,c	;volatile
   555                           
   556                           ;Programacion 4.c: 52:     INTCONbits.GIE=1;
   557  00014C  8EF2               	bsf	242,7,c	;volatile
   558  00014E  0012               	return		;funcret
   559  000150                     __end_of_Configuracion_Registros:
   560                           	callstack 0
   561                           
   562 ;; *************** function _interrupciones *****************
   563 ;; Defined at:
   564 ;;		line 100 in file "Programacion 4.c"
   565 ;; Parameters:    Size  Location     Type
   566 ;;		None
   567 ;; Auto vars:     Size  Location     Type
   568 ;;		None
   569 ;; Return value:  Size  Location     Type
   570 ;;                  1    wreg      void 
   571 ;; Registers used:
   572 ;;		wreg, status,2, status,0
   573 ;; Tracked objects:
   574 ;;		On entry : 0/0
   575 ;;		On exit  : 0/0
   576 ;;		Unchanged: 0/0
   577 ;; Data sizes:     COMRAM   BANK0   BANK1   BANK2   BANK3   BANK4   BANK5   BANK6   BANK7
   578 ;;      Params:         0       0       0       0       0       0       0       0       0
   579 ;;      Locals:         0       0       0       0       0       0       0       0       0
   580 ;;      Temps:          0       0       0       0       0       0       0       0       0
   581 ;;      Totals:         0       0       0       0       0       0       0       0       0
   582 ;;Total ram usage:        0 bytes
   583 ;; Hardware stack levels used:    1
   584 ;; This function calls:
   585 ;;		Nothing
   586 ;; This function is called by:
   587 ;;		Interrupt level 2
   588 ;; This function uses a non-reentrant model
   589 ;;
   590                           
   591                           	psect	intcode
   592  000008                     __pintcode:
   593                           	callstack 0
   594  000008                     _interrupciones:
   595                           	callstack 29
   596                           
   597                           ;incstack = 0
   598  000008  8205               	bsf	int$flags,1,c	;set compiler interrupt flag (level 2)
   599  00000A  ED4B  F000         	call	int_func,f	;refresh shadow registers
   600                           
   601                           	psect	intcode_body
   602  000096                     __pintcode_body:
   603                           	callstack 29
   604  000096                     int_func:
   605                           	callstack 29
   606  000096  0006               	pop		; remove dummy address from shadow register refresh
   607  000098                     
   608                           ;Programacion 4.c: 102:     if (INTCONbits.INT0IF==1)
   609  000098  A2F2               	btfss	242,1,c	;volatile
   610  00009A  EF51  F000         	goto	i2u4_41
   611  00009E  EF53  F000         	goto	i2u4_40
   612  0000A2                     i2u4_41:
   613  0000A2  EF58  F000         	goto	i2l797
   614  0000A6                     i2u4_40:
   615  0000A6                     
   616                           ;Programacion 4.c: 103:     {;Programacion 4.c: 104:         Paso=1;
   617  0000A6  0E00               	movlw	0
   618  0000A8  6E02               	movwf	(_Paso+1)^0,c
   619  0000AA  0E01               	movlw	1
   620  0000AC  6E01               	movwf	_Paso^0,c
   621  0000AE                     
   622                           ;Programacion 4.c: 105:         INTCONbits.INT0IF=0;
   623  0000AE  92F2               	bcf	242,1,c	;volatile
   624  0000B0                     i2l797:
   625                           
   626                           ;Programacion 4.c: 107:     if (INTCONbits.TMR0IF==1)
   627  0000B0  A4F2               	btfss	242,2,c	;volatile
   628  0000B2  EF5D  F000         	goto	i2u5_41
   629  0000B6  EF5F  F000         	goto	i2u5_40
   630  0000BA                     i2u5_41:
   631  0000BA  EF66  F000         	goto	i2l69
   632  0000BE                     i2u5_40:
   633  0000BE                     
   634                           ;Programacion 4.c: 108:     {;Programacion 4.c: 109:         conts++;
   635  0000BE  4A03               	infsnz	_conts^0,f,c
   636  0000C0  2A04               	incf	(_conts+1)^0,f,c
   637  0000C2                     
   638                           ;Programacion 4.c: 110:         TMR0H=3036>>8;
   639  0000C2  0E0B               	movlw	11
   640  0000C4  6ED7               	movwf	215,c	;volatile
   641  0000C6                     
   642                           ;Programacion 4.c: 111:         TMR0L=3036;
   643  0000C6  0EDC               	movlw	220
   644  0000C8  6ED6               	movwf	214,c	;volatile
   645  0000CA                     
   646                           ;Programacion 4.c: 112:         INTCONbits.TMR0IF=0;
   647  0000CA  94F2               	bcf	242,2,c	;volatile
   648  0000CC                     i2l69:
   649  0000CC  9205               	bcf	int$flags,1,c	;clear compiler interrupt flag (level 2)
   650  0000CE  0011               	retfie		f
   651  0000D0                     __end_of_interrupciones:
   652                           	callstack 0
   653  0000                     
   654                           	psect	rparam
   655  0000                     
   656                           	psect	temp
   657  000005                     btemp:
   658                           	callstack 0
   659  000005                     	ds	1
   660  0000                     int$flags	set	btemp
   661  0000                     wtemp8	set	btemp+1
   662  0000                     ttemp5	set	btemp+1
   663  0000                     ttemp6	set	btemp+4
   664  0000                     ttemp7	set	btemp+8
   665                           
   666                           	psect	idloc
   667                           
   668                           ;Config register IDLOC0 @ 0x200000
   669                           ;	unspecified, using default values
   670  200000                     	org	2097152
   671  200000  FF                 	db	255
   672                           
   673                           ;Config register IDLOC1 @ 0x200001
   674                           ;	unspecified, using default values
   675  200001                     	org	2097153
   676  200001  FF                 	db	255
   677                           
   678                           ;Config register IDLOC2 @ 0x200002
   679                           ;	unspecified, using default values
   680  200002                     	org	2097154
   681  200002  FF                 	db	255
   682                           
   683                           ;Config register IDLOC3 @ 0x200003
   684                           ;	unspecified, using default values
   685  200003                     	org	2097155
   686  200003  FF                 	db	255
   687                           
   688                           ;Config register IDLOC4 @ 0x200004
   689                           ;	unspecified, using default values
   690  200004                     	org	2097156
   691  200004  FF                 	db	255
   692                           
   693                           ;Config register IDLOC5 @ 0x200005
   694                           ;	unspecified, using default values
   695  200005                     	org	2097157
   696  200005  FF                 	db	255
   697                           
   698                           ;Config register IDLOC6 @ 0x200006
   699                           ;	unspecified, using default values
   700  200006                     	org	2097158
   701  200006  FF                 	db	255
   702                           
   703                           ;Config register IDLOC7 @ 0x200007
   704                           ;	unspecified, using default values
   705  200007                     	org	2097159
   706  200007  FF                 	db	255
   707                           
   708                           	psect	config
   709                           
   710                           ;Config register CONFIG1L @ 0x300000
   711                           ;	unspecified, using default values
   712                           ;	PLL Prescaler Selection bits
   713                           ;	PLLDIV = 0x0, unprogrammed default
   714                           ;	System Clock Postscaler Selection bits
   715                           ;	CPUDIV = 0x0, unprogrammed default
   716                           ;	USB Clock Selection bit (used in Full-Speed USB mode only; UCFG:FSEN = 1)
   717                           ;	USBDIV = 0x0, unprogrammed default
   718  300000                     	org	3145728
   719  300000  00                 	db	0
   720                           
   721                           ;Config register CONFIG1H @ 0x300001
   722                           ;	unspecified, using default values
   723                           ;	Oscillator Selection bits
   724                           ;	FOSC = 0x5, unprogrammed default
   725                           ;	Fail-Safe Clock Monitor Enable bit
   726                           ;	FCMEN = 0x0, unprogrammed default
   727                           ;	Internal/External Oscillator Switchover bit
   728                           ;	IESO = 0x0, unprogrammed default
   729  300001                     	org	3145729
   730  300001  05                 	db	5
   731                           
   732                           ;Config register CONFIG2L @ 0x300002
   733                           ;	unspecified, using default values
   734                           ;	Power-up Timer Enable bit
   735                           ;	PWRT = 0x1, unprogrammed default
   736                           ;	Brown-out Reset Enable bits
   737                           ;	BOR = 0x3, unprogrammed default
   738                           ;	Brown-out Reset Voltage bits
   739                           ;	BORV = 0x3, unprogrammed default
   740                           ;	USB Voltage Regulator Enable bit
   741                           ;	VREGEN = 0x0, unprogrammed default
   742  300002                     	org	3145730
   743  300002  1F                 	db	31
   744                           
   745                           ;Config register CONFIG2H @ 0x300003
   746                           ;	unspecified, using default values
   747                           ;	Watchdog Timer Enable bit
   748                           ;	WDT = 0x1, unprogrammed default
   749                           ;	Watchdog Timer Postscale Select bits
   750                           ;	WDTPS = 0xF, unprogrammed default
   751  300003                     	org	3145731
   752  300003  1F                 	db	31
   753                           
   754                           ; Padding undefined space
   755  300004                     	org	3145732
   756  300004  FF                 	db	255
   757                           
   758                           ;Config register CONFIG3H @ 0x300005
   759                           ;	unspecified, using default values
   760                           ;	CCP2 MUX bit
   761                           ;	CCP2MX = 0x1, unprogrammed default
   762                           ;	PORTB A/D Enable bit
   763                           ;	PBADEN = 0x1, unprogrammed default
   764                           ;	Low-Power Timer 1 Oscillator Enable bit
   765                           ;	LPT1OSC = 0x0, unprogrammed default
   766                           ;	MCLR Pin Enable bit
   767                           ;	MCLRE = 0x1, unprogrammed default
   768  300005                     	org	3145733
   769  300005  83                 	db	131
   770                           
   771                           ;Config register CONFIG4L @ 0x300006
   772                           ;	unspecified, using default values
   773                           ;	Stack Full/Underflow Reset Enable bit
   774                           ;	STVREN = 0x1, unprogrammed default
   775                           ;	Single-Supply ICSP Enable bit
   776                           ;	LVP = 0x1, unprogrammed default
   777                           ;	Dedicated In-Circuit Debug/Programming Port (ICPORT) Enable bit
   778                           ;	ICPRT = 0x0, unprogrammed default
   779                           ;	Extended Instruction Set Enable bit
   780                           ;	XINST = 0x0, unprogrammed default
   781                           ;	Background Debugger Enable bit
   782                           ;	DEBUG = 0x1, unprogrammed default
   783  300006                     	org	3145734
   784  300006  85                 	db	133
   785                           
   786                           ; Padding undefined space
   787  300007                     	org	3145735
   788  300007  FF                 	db	255
   789                           
   790                           ;Config register CONFIG5L @ 0x300008
   791                           ;	unspecified, using default values
   792                           ;	Code Protection bit
   793                           ;	CP0 = 0x1, unprogrammed default
   794                           ;	Code Protection bit
   795                           ;	CP1 = 0x1, unprogrammed default
   796                           ;	Code Protection bit
   797                           ;	CP2 = 0x1, unprogrammed default
   798                           ;	Code Protection bit
   799                           ;	CP3 = 0x1, unprogrammed default
   800  300008                     	org	3145736
   801  300008  0F                 	db	15
   802                           
   803                           ;Config register CONFIG5H @ 0x300009
   804                           ;	unspecified, using default values
   805                           ;	Boot Block Code Protection bit
   806                           ;	CPB = 0x1, unprogrammed default
   807                           ;	Data EEPROM Code Protection bit
   808                           ;	CPD = 0x1, unprogrammed default
   809  300009                     	org	3145737
   810  300009  C0                 	db	192
   811                           
   812                           ;Config register CONFIG6L @ 0x30000A
   813                           ;	unspecified, using default values
   814                           ;	Write Protection bit
   815                           ;	WRT0 = 0x1, unprogrammed default
   816                           ;	Write Protection bit
   817                           ;	WRT1 = 0x1, unprogrammed default
   818                           ;	Write Protection bit
   819                           ;	WRT2 = 0x1, unprogrammed default
   820                           ;	Write Protection bit
   821                           ;	WRT3 = 0x1, unprogrammed default
   822  30000A                     	org	3145738
   823  30000A  0F                 	db	15
   824                           
   825                           ;Config register CONFIG6H @ 0x30000B
   826                           ;	unspecified, using default values
   827                           ;	Configuration Register Write Protection bit
   828                           ;	WRTC = 0x1, unprogrammed default
   829                           ;	Boot Block Write Protection bit
   830                           ;	WRTB = 0x1, unprogrammed default
   831                           ;	Data EEPROM Write Protection bit
   832                           ;	WRTD = 0x1, unprogrammed default
   833  30000B                     	org	3145739
   834  30000B  E0                 	db	224
   835                           
   836                           ;Config register CONFIG7L @ 0x30000C
   837                           ;	unspecified, using default values
   838                           ;	Table Read Protection bit
   839                           ;	EBTR0 = 0x1, unprogrammed default
   840                           ;	Table Read Protection bit
   841                           ;	EBTR1 = 0x1, unprogrammed default
   842                           ;	Table Read Protection bit
   843                           ;	EBTR2 = 0x1, unprogrammed default
   844                           ;	Table Read Protection bit
   845                           ;	EBTR3 = 0x1, unprogrammed default
   846  30000C                     	org	3145740
   847  30000C  0F                 	db	15
   848                           
   849                           ;Config register CONFIG7H @ 0x30000D
   850                           ;	unspecified, using default values
   851                           ;	Boot Block Table Read Protection bit
   852                           ;	EBTRB = 0x1, unprogrammed default
   853  30000D                     	org	3145741
   854  30000D  40                 	db	64
   855                           tosu	equ	0xFFF
   856                           tosh	equ	0xFFE
   857                           tosl	equ	0xFFD
   858                           stkptr	equ	0xFFC
   859                           pclatu	equ	0xFFB
   860                           pclath	equ	0xFFA
   861                           pcl	equ	0xFF9
   862                           tblptru	equ	0xFF8
   863                           tblptrh	equ	0xFF7
   864                           tblptrl	equ	0xFF6
   865                           tablat	equ	0xFF5
   866                           prodh	equ	0xFF4
   867                           prodl	equ	0xFF3
   868                           indf0	equ	0xFEF
   869                           postinc0	equ	0xFEE
   870                           postdec0	equ	0xFED
   871                           preinc0	equ	0xFEC
   872                           plusw0	equ	0xFEB
   873                           fsr0h	equ	0xFEA
   874                           fsr0l	equ	0xFE9
   875                           wreg	equ	0xFE8
   876                           indf1	equ	0xFE7
   877                           postinc1	equ	0xFE6
   878                           postdec1	equ	0xFE5
   879                           preinc1	equ	0xFE4
   880                           plusw1	equ	0xFE3
   881                           fsr1h	equ	0xFE2
   882                           fsr1l	equ	0xFE1
   883                           bsr	equ	0xFE0
   884                           indf2	equ	0xFDF
   885                           postinc2	equ	0xFDE
   886                           postdec2	equ	0xFDD
   887                           preinc2	equ	0xFDC
   888                           plusw2	equ	0xFDB
   889                           fsr2h	equ	0xFDA
   890                           fsr2l	equ	0xFD9
   891                           status	equ	0xFD8

Data Sizes:
    Strings     0
    Constant    0
    Data        2
    BSS         2
    Persistent  0
    Stack       0

Auto Spaces:
    Space          Size  Autos    Used
    COMRAM           94      0       4
    BANK0           160      0       0
    BANK1           256      0       0
    BANK2           256      0       0
    BANK3           256      0       0
    BANK4           256      0       0
    BANK5           256      0       0
    BANK6           256      0       0
    BANK7           256      0       0

Pointer List with Targets:

    None.

Critical Paths under _main in COMRAM

    None.

Critical Paths under _interrupciones in COMRAM

    None.

Critical Paths under _main in BANK0

    None.

Critical Paths under _interrupciones in BANK0

    None.

Critical Paths under _main in BANK1

    None.

Critical Paths under _interrupciones in BANK1

    None.

Critical Paths under _main in BANK2

    None.

Critical Paths under _interrupciones in BANK2

    None.

Critical Paths under _main in BANK3

    None.

Critical Paths under _interrupciones in BANK3

    None.

Critical Paths under _main in BANK4

    None.

Critical Paths under _interrupciones in BANK4

    None.

Critical Paths under _main in BANK5

    None.

Critical Paths under _interrupciones in BANK5

    None.

Critical Paths under _main in BANK6

    None.

Critical Paths under _interrupciones in BANK6

    None.

Critical Paths under _main in BANK7

    None.

Critical Paths under _interrupciones in BANK7

    None.

Call Graph Tables:

 ---------------------------------------------------------------------------------
 (Depth) Function   	        Calls       Base Space   Used Autos Params    Refs
 ---------------------------------------------------------------------------------
 (0) _main                                                 0     0      0       0
            _Configuracion_Registros
                 _Configuracion_TMR0
                    _Iniciar_Puertos
                      _Paso_Peatonal
                    _Semaforo_Normal
 ---------------------------------------------------------------------------------
 (1) _Semaforo_Normal                                      0     0      0       0
 ---------------------------------------------------------------------------------
 (1) _Paso_Peatonal                                        0     0      0       0
 ---------------------------------------------------------------------------------
 (1) _Iniciar_Puertos                                      0     0      0       0
 ---------------------------------------------------------------------------------
 (1) _Configuracion_TMR0                                   0     0      0       0
 ---------------------------------------------------------------------------------
 (1) _Configuracion_Registros                              0     0      0       0
 ---------------------------------------------------------------------------------
 Estimated maximum stack depth 1
 ---------------------------------------------------------------------------------
 (Depth) Function   	        Calls       Base Space   Used Autos Params    Refs
 ---------------------------------------------------------------------------------
 (2) _interrupciones                                       0     0      0       0
 ---------------------------------------------------------------------------------
 Estimated maximum stack depth 2
 ---------------------------------------------------------------------------------

 Call Graph Graphs:

 _main (ROOT)
   _Configuracion_Registros
   _Configuracion_TMR0
   _Iniciar_Puertos
   _Paso_Peatonal
   _Semaforo_Normal

 _interrupciones (ROOT)

 Address spaces:
Name               Size   Autos  Total    Cost      Usage
BIGRAM             7FF      0       0      21        0.0%
EEDATA             100      0       0       0        0.0%
BITBANK7           100      0       0      18        0.0%
BANK7              100      0       0      19        0.0%
BITBANK6           100      0       0      16        0.0%
BANK6              100      0       0      17        0.0%
BITBANK5           100      0       0      14        0.0%
BANK5              100      0       0      15        0.0%
BITBANK4           100      0       0      12        0.0%
BANK4              100      0       0      13        0.0%
BITBANK3           100      0       0      10        0.0%
BANK3              100      0       0      11        0.0%
BITBANK2           100      0       0       8        0.0%
BANK2              100      0       0       9        0.0%
BITBANK1           100      0       0       6        0.0%
BANK1              100      0       0       7        0.0%
BITBANK0            A0      0       0       4        0.0%
BANK0               A0      0       0       5        0.0%
BITCOMRAM           5E      0       0       0        0.0%
COMRAM              5E      0       4       1        4.3%
BITSFR               0      0       0     200        0.0%
SFR                  0      0       0     200        0.0%
STACK                0      0       0       2        0.0%
NULL                 0      0       0       0        0.0%
ABS                  0      0       4      20        0.0%
DATA                 0      0       4       3        0.0%
CODE                 0      0       0       0        0.0%


Microchip Technology PIC18 Macro Assembler V2.20 build 20200408173844 
Symbol Table                                                                                   Sun Oct 04 21:39:58 2020

                              l51 0134                                l60 0026  
                              l45 0142                                l62 005A  
                              l54 0110                                l48 014E  
                              l56 0118                                u10 0104  
                              u11 0100                                u20 004A  
                              u21 0046                                u30 0082  
                              u31 007E            __end_of_interrupciones 00D0  
                             l751 0120                               l761 0130  
                             l753 0128                               l745 0136  
                             l747 0144                               l763 0132  
                             l755 012A                               l771 002E  
                             l757 012C                               l749 011A  
                             l773 004A                               l765 00F6  
                             l781 0068                               l759 012E  
                             l767 0104                               l783 006C  
                             l775 005C                               l769 0012  
                             l785 0070                               l777 0060  
                             l787 0082                               l779 0064  
                             l789 008A                              i2l69 00CC  
                            _Paso 0001                              _main 005C  
                            btemp 0005                              start 000E  
                    ___param_bank 000000                   _Iniciar_Puertos 0136  
              _Configuracion_TMR0 011A                   ?_interrupciones 0000  
                           ?_main 0000                             i2l801 00C2  
                           i2l803 00C6                             i2l805 00CA  
                           i2l791 0098                             i2l793 00A6  
                           i2l795 00AE                             i2l797 00B0  
                           i2l799 00BE                             _TMR0H 000FD7  
                           _TMR0L 000FD6                             _PORTB 000F81  
                           _TRISB 000F93               ?_Configuracion_TMR0 0000  
                           _conts 0003                             tablat 000FF5  
                ?_Semaforo_Normal 0000                             ttemp5 0006  
                           ttemp6 0009                             ttemp7 000D  
                           status 000FD8                             wtemp8 0006  
            ??_Configuracion_TMR0 0000                   __initialization 00D0  
                    __end_of_main 0096            __size_of_Paso_Peatonal 004A  
                          ??_main 0000                     __activetblptr 000000  
                          _ADCON1 000FC1                            i2u4_40 00A6  
                          i2u4_41 00A2                            i2u5_40 00BE  
                          i2u5_41 00BA           __end_of_Iniciar_Puertos 0144  
                    __pdataCOMRAM 0003                            tblptrh 000FF7  
                          tblptrl 000FF6                            tblptru 000FF8  
                   _Paso_Peatonal 0012          ?_Configuracion_Registros 0000  
                      __accesstop 0060           __end_of__initialization 00EC  
                   ___rparam_used 000001                    __pcstackCOMRAM 0000  
                  ?_Paso_Peatonal 0000                  ?_Iniciar_Puertos 0000  
                ??_interrupciones 0000   __end_of_Configuracion_Registros 0150  
                         __Hparam 0000                           __Lparam 0000  
                         __pcinit 00D0                           __ramtop 0800  
                         __ptext0 005C                           __ptext1 00F6  
                         __ptext2 0012                           __ptext3 0136  
                         __ptext4 011A                           __ptext5 0144  
                       _T0CONbits 000FD5                   ??_Paso_Peatonal 0000  
                  __pintcode_body 0096              end_of_initialization 00EC  
                         int_func 0096       __size_of_Configuracion_TMR0 001C  
        __size_of_Semaforo_Normal 0024                         _PORTBbits 000F81  
__size_of_Configuracion_Registros 000C                     __pidataCOMRAM 0150  
             start_initialization 00D0                 ??_Semaforo_Normal 0000  
                     __pbssCOMRAM 0001                         __pintcode 0008  
        __size_of_Iniciar_Puertos 000E           _Configuracion_Registros 0144  
         __size_of_interrupciones 00C8             __end_of_Paso_Peatonal 005C  
                     _INTCON2bits 000FF1        __end_of_Configuracion_TMR0 0136  
                        __Hrparam 0000                          __Lrparam 0000  
               ??_Iniciar_Puertos 0000                     __size_of_main 003A  
       ??_Configuracion_Registros 0000                   _Semaforo_Normal 00F6  
                        int$flags 0005                        _INTCONbits 000FF2  
                        intlevel2 0000                    _interrupciones 0008  
         __end_of_Semaforo_Normal 011A  
